<?xml version="1.0" encoding="UTF-8"?>
<testsuite xmlns:xsi="http://www.w3.org/2001/XMLSchema-instance" xsi:noNamespaceSchemaLocation="https://maven.apache.org/surefire/maven-surefire-plugin/xsd/surefire-test-report.xsd" name="com.citrus.demo.citrustest.CitrusSampleTest" time="8.848" tests="1" errors="0" skipped="0" failures="1">
  <properties>
    <property name="sun.desktop" value="windows"/>
    <property name="awt.toolkit" value="sun.awt.windows.WToolkit"/>
    <property name="file.encoding.pkg" value="sun.io"/>
    <property name="java.specification.version" value="1.8"/>
    <property name="sun.cpu.isalist" value="amd64"/>
    <property name="sun.jnu.encoding" value="Cp1252"/>
    <property name="java.class.path" value="C:\Users\n0214816\git\citrustest\target\test-classes;C:\Users\n0214816\git\citrustest\target\classes;C:\Users\n0214816\.m2\repository\org\slf4j\jcl-over-slf4j\1.7.25\jcl-over-slf4j-1.7.25.jar;C:\Users\n0214816\.m2\repository\org\slf4j\slf4j-api\1.7.25\slf4j-api-1.7.25.jar;C:\Users\n0214816\.m2\repository\org\slf4j\slf4j-log4j12\1.7.25\slf4j-log4j12-1.7.25.jar;C:\Users\n0214816\.m2\repository\log4j\log4j\1.2.17\log4j-1.2.17.jar;C:\Users\n0214816\.m2\repository\commons-logging\commons-logging\1.2\commons-logging-1.2.jar;C:\Users\n0214816\.m2\repository\org\testng\testng\6.14.3\testng-6.14.3.jar;C:\Users\n0214816\.m2\repository\com\beust\jcommander\1.72\jcommander-1.72.jar;C:\Users\n0214816\.m2\repository\org\apache-extras\beanshell\bsh\2.0b6\bsh-2.0b6.jar;C:\Users\n0214816\.m2\repository\com\consol\citrus\citrus-core\2.8.0\citrus-core-2.8.0.jar;C:\Users\n0214816\.m2\repository\com\consol\citrus\model\citrus-model-core\2.8.0\citrus-model-core-2.8.0.jar;C:\Users\n0214816\.m2\repository\javax\xml\bind\jaxb-api\2.3.0\jaxb-api-2.3.0.jar;C:\Users\n0214816\.m2\repository\com\sun\xml\bind\jaxb-core\2.3.0\jaxb-core-2.3.0.jar;C:\Users\n0214816\.m2\repository\com\sun\xml\bind\jaxb-impl\2.3.0\jaxb-impl-2.3.0.jar;C:\Users\n0214816\.m2\repository\commons-cli\commons-cli\1.4\commons-cli-1.4.jar;C:\Users\n0214816\.m2\repository\commons-codec\commons-codec\1.11\commons-codec-1.11.jar;C:\Users\n0214816\.m2\repository\commons-lang\commons-lang\2.6\commons-lang-2.6.jar;C:\Users\n0214816\.m2\repository\xalan\xalan\2.7.2\xalan-2.7.2.jar;C:\Users\n0214816\.m2\repository\xalan\serializer\2.7.2\serializer-2.7.2.jar;C:\Users\n0214816\.m2\repository\xerces\xercesImpl\2.12.0\xercesImpl-2.12.0.jar;C:\Users\n0214816\.m2\repository\xml-apis\xml-apis\1.4.01\xml-apis-1.4.01.jar;C:\Users\n0214816\.m2\repository\wsdl4j\wsdl4j\1.6.3\wsdl4j-1.6.3.jar;C:\Users\n0214816\.m2\repository\net\sf\jtidy\jtidy\r938\jtidy-r938.jar;C:\Users\n0214816\.m2\repository\org\hamcrest\hamcrest-core\1.3\hamcrest-core-1.3.jar;C:\Users\n0214816\.m2\repository\org\hamcrest\hamcrest-library\1.3\hamcrest-library-1.3.jar;C:\Users\n0214816\.m2\repository\org\codehaus\groovy\groovy\2.5.0\groovy-2.5.0.jar;C:\Users\n0214816\.m2\repository\org\codehaus\groovy\groovy-xml\2.5.0\groovy-xml-2.5.0.jar;C:\Users\n0214816\.m2\repository\org\codehaus\groovy\groovy-json\2.5.0\groovy-json-2.5.0.jar;C:\Users\n0214816\.m2\repository\org\codehaus\groovy\groovy-jsr223\2.5.0\groovy-jsr223-2.5.0.jar;C:\Users\n0214816\.m2\repository\commons-logging\commons-logging-api\1.1\commons-logging-api-1.1.jar;C:\Users\n0214816\.m2\repository\com\fasterxml\jackson\core\jackson-core\2.9.8\jackson-core-2.9.8.jar;C:\Users\n0214816\.m2\repository\com\fasterxml\jackson\core\jackson-annotations\2.9.8\jackson-annotations-2.9.8.jar;C:\Users\n0214816\.m2\repository\com\fasterxml\jackson\core\jackson-databind\2.9.8\jackson-databind-2.9.8.jar;C:\Users\n0214816\.m2\repository\net\minidev\json-smart\2.3\json-smart-2.3.jar;C:\Users\n0214816\.m2\repository\net\minidev\accessors-smart\1.2\accessors-smart-1.2.jar;C:\Users\n0214816\.m2\repository\org\ow2\asm\asm\5.0.4\asm-5.0.4.jar;C:\Users\n0214816\.m2\repository\com\jayway\jsonpath\json-path\2.4.0\json-path-2.4.0.jar;C:\Users\n0214816\.m2\repository\com\github\java-json-tools\json-schema-validator\2.2.10\json-schema-validator-2.2.10.jar;C:\Users\n0214816\.m2\repository\com\github\java-json-tools\json-schema-core\1.2.10\json-schema-core-1.2.10.jar;C:\Users\n0214816\.m2\repository\com\github\java-json-tools\jackson-coreutils\1.9\jackson-coreutils-1.9.jar;C:\Users\n0214816\.m2\repository\com\google\guava\guava\16.0.1\guava-16.0.1.jar;C:\Users\n0214816\.m2\repository\com\github\fge\msg-simple\1.1\msg-simple-1.1.jar;C:\Users\n0214816\.m2\repository\com\github\fge\btf\1.2\btf-1.2.jar;C:\Users\n0214816\.m2\repository\com\github\fge\uri-template\0.9\uri-template-0.9.jar;C:\Users\n0214816\.m2\repository\org\mozilla\rhino\1.7.7.1\rhino-1.7.7.1.jar;C:\Users\n0214816\.m2\repository\javax\mail\mailapi\1.4.3\mailapi-1.4.3.jar;C:\Users\n0214816\.m2\repository\javax\activation\activation\1.1\activation-1.1.jar;C:\Users\n0214816\.m2\repository\joda-time\joda-time\2.9.7\joda-time-2.9.7.jar;C:\Users\n0214816\.m2\repository\com\googlecode\libphonenumber\libphonenumber\8.0.0\libphonenumber-8.0.0.jar;C:\Users\n0214816\.m2\repository\com\google\code\findbugs\jsr305\3.0.1\jsr305-3.0.1.jar;C:\Users\n0214816\.m2\repository\net\sf\jopt-simple\jopt-simple\5.0.3\jopt-simple-5.0.3.jar;C:\Users\n0214816\.m2\repository\org\springframework\spring-core\5.0.8.RELEASE\spring-core-5.0.8.RELEASE.jar;C:\Users\n0214816\.m2\repository\org\springframework\spring-jcl\5.0.8.RELEASE\spring-jcl-5.0.8.RELEASE.jar;C:\Users\n0214816\.m2\repository\org\springframework\spring-context\5.0.8.RELEASE\spring-context-5.0.8.RELEASE.jar;C:\Users\n0214816\.m2\repository\org\springframework\spring-aop\5.0.8.RELEASE\spring-aop-5.0.8.RELEASE.jar;C:\Users\n0214816\.m2\repository\org\springframework\spring-beans\5.0.8.RELEASE\spring-beans-5.0.8.RELEASE.jar;C:\Users\n0214816\.m2\repository\org\springframework\spring-expression\5.0.8.RELEASE\spring-expression-5.0.8.RELEASE.jar;C:\Users\n0214816\.m2\repository\org\springframework\spring-jdbc\5.0.8.RELEASE\spring-jdbc-5.0.8.RELEASE.jar;C:\Users\n0214816\.m2\repository\org\springframework\spring-tx\5.0.8.RELEASE\spring-tx-5.0.8.RELEASE.jar;C:\Users\n0214816\.m2\repository\org\springframework\integration\spring-integration-core\5.0.6.RELEASE\spring-integration-core-5.0.6.RELEASE.jar;C:\Users\n0214816\.m2\repository\org\springframework\spring-messaging\5.0.7.RELEASE\spring-messaging-5.0.7.RELEASE.jar;C:\Users\n0214816\.m2\repository\org\springframework\retry\spring-retry\1.2.2.RELEASE\spring-retry-1.2.2.RELEASE.jar;C:\Users\n0214816\.m2\repository\io\projectreactor\reactor-core\3.1.6.RELEASE\reactor-core-3.1.6.RELEASE.jar;C:\Users\n0214816\.m2\repository\org\reactivestreams\reactive-streams\1.0.2\reactive-streams-1.0.2.jar;C:\Users\n0214816\.m2\repository\org\springframework\ws\spring-xml\3.0.1.RELEASE\spring-xml-3.0.1.RELEASE.jar;C:\Users\n0214816\.m2\repository\commons-io\commons-io\2.5\commons-io-2.5.jar;C:\Users\n0214816\.m2\repository\org\springframework\spring-oxm\5.0.8.RELEASE\spring-oxm-5.0.8.RELEASE.jar;C:\Users\n0214816\.m2\repository\org\springframework\spring-test\5.0.8.RELEASE\spring-test-5.0.8.RELEASE.jar;C:\Users\n0214816\.m2\repository\org\javatuples\javatuples\1.2\javatuples-1.2.jar;C:\Users\n0214816\.m2\repository\com\consol\citrus\citrus-java-dsl\2.8.0\citrus-java-dsl-2.8.0.jar;C:\Users\n0214816\.m2\repository\com\consol\citrus\citrus-http\2.8.0\citrus-http-2.8.0.jar;C:\Users\n0214816\.m2\repository\com\consol\citrus\model\citrus-model-http\2.8.0\citrus-model-http-2.8.0.jar;C:\Users\n0214816\.m2\repository\org\springframework\spring-web\5.0.8.RELEASE\spring-web-5.0.8.RELEASE.jar;C:\Users\n0214816\.m2\repository\org\springframework\spring-webmvc\5.0.8.RELEASE\spring-webmvc-5.0.8.RELEASE.jar;C:\Users\n0214816\.m2\repository\org\springframework\integration\spring-integration-http\5.0.6.RELEASE\spring-integration-http-5.0.6.RELEASE.jar;C:\Users\n0214816\.m2\repository\org\apache\httpcomponents\httpclient\4.5.5\httpclient-4.5.5.jar;C:\Users\n0214816\.m2\repository\org\apache\httpcomponents\httpcore\4.4.9\httpcore-4.4.9.jar;C:\Users\n0214816\.m2\repository\org\eclipse\jetty\jetty-server\9.4.11.v20180605\jetty-server-9.4.11.v20180605.jar;C:\Users\n0214816\.m2\repository\javax\servlet\javax.servlet-api\3.1.0\javax.servlet-api-3.1.0.jar;C:\Users\n0214816\.m2\repository\org\eclipse\jetty\jetty-http\9.4.11.v20180605\jetty-http-9.4.11.v20180605.jar;C:\Users\n0214816\.m2\repository\org\eclipse\jetty\jetty-util\9.4.11.v20180605\jetty-util-9.4.11.v20180605.jar;C:\Users\n0214816\.m2\repository\org\eclipse\jetty\jetty-io\9.4.11.v20180605\jetty-io-9.4.11.v20180605.jar;C:\Users\n0214816\.m2\repository\org\eclipse\jetty\jetty-servlet\9.4.11.v20180605\jetty-servlet-9.4.11.v20180605.jar;C:\Users\n0214816\.m2\repository\org\eclipse\jetty\jetty-security\9.4.11.v20180605\jetty-security-9.4.11.v20180605.jar;C:\Users\n0214816\.m2\repository\junit\junit\3.8.1\junit-3.8.1.jar;C:\Users\n0214816\.m2\repository\org\apache\maven\surefire\surefire-testng-utils\2.20.1\surefire-testng-utils-2.20.1.jar;C:\Users\n0214816\.m2\repository\org\apache\maven\surefire\surefire-grouper\2.20.1\surefire-grouper-2.20.1.jar;"/>
    <property name="java.vm.vendor" value="Oracle Corporation"/>
    <property name="sun.arch.data.model" value="64"/>
    <property name="user.variant" value=""/>
    <property name="java.vendor.url" value="http://java.oracle.com/"/>
    <property name="user.timezone" value=""/>
    <property name="java.vm.specification.version" value="1.8"/>
    <property name="os.name" value="Windows 10"/>
    <property name="user.country" value="US"/>
    <property name="sun.java.launcher" value="SUN_STANDARD"/>
    <property name="sun.boot.library.path" value="C:\Program Files\Java\jdk1.8.0_151\jre\bin"/>
    <property name="sun.java.command" value="C:\Users\n0214816\AppData\Local\Temp\surefire8119141238020205932\surefirebooter4747261668504198089.jar C:\Users\n0214816\AppData\Local\Temp\surefire8119141238020205932 2019-05-11T21-41-08_616-jvmRun1 surefire5269138772905800068tmp surefire_0363451529065039852tmp"/>
    <property name="surefire.test.class.path" value="C:\Users\n0214816\git\citrustest\target\test-classes;C:\Users\n0214816\git\citrustest\target\classes;C:\Users\n0214816\.m2\repository\org\slf4j\jcl-over-slf4j\1.7.25\jcl-over-slf4j-1.7.25.jar;C:\Users\n0214816\.m2\repository\org\slf4j\slf4j-api\1.7.25\slf4j-api-1.7.25.jar;C:\Users\n0214816\.m2\repository\org\slf4j\slf4j-log4j12\1.7.25\slf4j-log4j12-1.7.25.jar;C:\Users\n0214816\.m2\repository\log4j\log4j\1.2.17\log4j-1.2.17.jar;C:\Users\n0214816\.m2\repository\commons-logging\commons-logging\1.2\commons-logging-1.2.jar;C:\Users\n0214816\.m2\repository\org\testng\testng\6.14.3\testng-6.14.3.jar;C:\Users\n0214816\.m2\repository\com\beust\jcommander\1.72\jcommander-1.72.jar;C:\Users\n0214816\.m2\repository\org\apache-extras\beanshell\bsh\2.0b6\bsh-2.0b6.jar;C:\Users\n0214816\.m2\repository\com\consol\citrus\citrus-core\2.8.0\citrus-core-2.8.0.jar;C:\Users\n0214816\.m2\repository\com\consol\citrus\model\citrus-model-core\2.8.0\citrus-model-core-2.8.0.jar;C:\Users\n0214816\.m2\repository\javax\xml\bind\jaxb-api\2.3.0\jaxb-api-2.3.0.jar;C:\Users\n0214816\.m2\repository\com\sun\xml\bind\jaxb-core\2.3.0\jaxb-core-2.3.0.jar;C:\Users\n0214816\.m2\repository\com\sun\xml\bind\jaxb-impl\2.3.0\jaxb-impl-2.3.0.jar;C:\Users\n0214816\.m2\repository\commons-cli\commons-cli\1.4\commons-cli-1.4.jar;C:\Users\n0214816\.m2\repository\commons-codec\commons-codec\1.11\commons-codec-1.11.jar;C:\Users\n0214816\.m2\repository\commons-lang\commons-lang\2.6\commons-lang-2.6.jar;C:\Users\n0214816\.m2\repository\xalan\xalan\2.7.2\xalan-2.7.2.jar;C:\Users\n0214816\.m2\repository\xalan\serializer\2.7.2\serializer-2.7.2.jar;C:\Users\n0214816\.m2\repository\xerces\xercesImpl\2.12.0\xercesImpl-2.12.0.jar;C:\Users\n0214816\.m2\repository\xml-apis\xml-apis\1.4.01\xml-apis-1.4.01.jar;C:\Users\n0214816\.m2\repository\wsdl4j\wsdl4j\1.6.3\wsdl4j-1.6.3.jar;C:\Users\n0214816\.m2\repository\net\sf\jtidy\jtidy\r938\jtidy-r938.jar;C:\Users\n0214816\.m2\repository\org\hamcrest\hamcrest-core\1.3\hamcrest-core-1.3.jar;C:\Users\n0214816\.m2\repository\org\hamcrest\hamcrest-library\1.3\hamcrest-library-1.3.jar;C:\Users\n0214816\.m2\repository\org\codehaus\groovy\groovy\2.5.0\groovy-2.5.0.jar;C:\Users\n0214816\.m2\repository\org\codehaus\groovy\groovy-xml\2.5.0\groovy-xml-2.5.0.jar;C:\Users\n0214816\.m2\repository\org\codehaus\groovy\groovy-json\2.5.0\groovy-json-2.5.0.jar;C:\Users\n0214816\.m2\repository\org\codehaus\groovy\groovy-jsr223\2.5.0\groovy-jsr223-2.5.0.jar;C:\Users\n0214816\.m2\repository\commons-logging\commons-logging-api\1.1\commons-logging-api-1.1.jar;C:\Users\n0214816\.m2\repository\com\fasterxml\jackson\core\jackson-core\2.9.8\jackson-core-2.9.8.jar;C:\Users\n0214816\.m2\repository\com\fasterxml\jackson\core\jackson-annotations\2.9.8\jackson-annotations-2.9.8.jar;C:\Users\n0214816\.m2\repository\com\fasterxml\jackson\core\jackson-databind\2.9.8\jackson-databind-2.9.8.jar;C:\Users\n0214816\.m2\repository\net\minidev\json-smart\2.3\json-smart-2.3.jar;C:\Users\n0214816\.m2\repository\net\minidev\accessors-smart\1.2\accessors-smart-1.2.jar;C:\Users\n0214816\.m2\repository\org\ow2\asm\asm\5.0.4\asm-5.0.4.jar;C:\Users\n0214816\.m2\repository\com\jayway\jsonpath\json-path\2.4.0\json-path-2.4.0.jar;C:\Users\n0214816\.m2\repository\com\github\java-json-tools\json-schema-validator\2.2.10\json-schema-validator-2.2.10.jar;C:\Users\n0214816\.m2\repository\com\github\java-json-tools\json-schema-core\1.2.10\json-schema-core-1.2.10.jar;C:\Users\n0214816\.m2\repository\com\github\java-json-tools\jackson-coreutils\1.9\jackson-coreutils-1.9.jar;C:\Users\n0214816\.m2\repository\com\google\guava\guava\16.0.1\guava-16.0.1.jar;C:\Users\n0214816\.m2\repository\com\github\fge\msg-simple\1.1\msg-simple-1.1.jar;C:\Users\n0214816\.m2\repository\com\github\fge\btf\1.2\btf-1.2.jar;C:\Users\n0214816\.m2\repository\com\github\fge\uri-template\0.9\uri-template-0.9.jar;C:\Users\n0214816\.m2\repository\org\mozilla\rhino\1.7.7.1\rhino-1.7.7.1.jar;C:\Users\n0214816\.m2\repository\javax\mail\mailapi\1.4.3\mailapi-1.4.3.jar;C:\Users\n0214816\.m2\repository\javax\activation\activation\1.1\activation-1.1.jar;C:\Users\n0214816\.m2\repository\joda-time\joda-time\2.9.7\joda-time-2.9.7.jar;C:\Users\n0214816\.m2\repository\com\googlecode\libphonenumber\libphonenumber\8.0.0\libphonenumber-8.0.0.jar;C:\Users\n0214816\.m2\repository\com\google\code\findbugs\jsr305\3.0.1\jsr305-3.0.1.jar;C:\Users\n0214816\.m2\repository\net\sf\jopt-simple\jopt-simple\5.0.3\jopt-simple-5.0.3.jar;C:\Users\n0214816\.m2\repository\org\springframework\spring-core\5.0.8.RELEASE\spring-core-5.0.8.RELEASE.jar;C:\Users\n0214816\.m2\repository\org\springframework\spring-jcl\5.0.8.RELEASE\spring-jcl-5.0.8.RELEASE.jar;C:\Users\n0214816\.m2\repository\org\springframework\spring-context\5.0.8.RELEASE\spring-context-5.0.8.RELEASE.jar;C:\Users\n0214816\.m2\repository\org\springframework\spring-aop\5.0.8.RELEASE\spring-aop-5.0.8.RELEASE.jar;C:\Users\n0214816\.m2\repository\org\springframework\spring-beans\5.0.8.RELEASE\spring-beans-5.0.8.RELEASE.jar;C:\Users\n0214816\.m2\repository\org\springframework\spring-expression\5.0.8.RELEASE\spring-expression-5.0.8.RELEASE.jar;C:\Users\n0214816\.m2\repository\org\springframework\spring-jdbc\5.0.8.RELEASE\spring-jdbc-5.0.8.RELEASE.jar;C:\Users\n0214816\.m2\repository\org\springframework\spring-tx\5.0.8.RELEASE\spring-tx-5.0.8.RELEASE.jar;C:\Users\n0214816\.m2\repository\org\springframework\integration\spring-integration-core\5.0.6.RELEASE\spring-integration-core-5.0.6.RELEASE.jar;C:\Users\n0214816\.m2\repository\org\springframework\spring-messaging\5.0.7.RELEASE\spring-messaging-5.0.7.RELEASE.jar;C:\Users\n0214816\.m2\repository\org\springframework\retry\spring-retry\1.2.2.RELEASE\spring-retry-1.2.2.RELEASE.jar;C:\Users\n0214816\.m2\repository\io\projectreactor\reactor-core\3.1.6.RELEASE\reactor-core-3.1.6.RELEASE.jar;C:\Users\n0214816\.m2\repository\org\reactivestreams\reactive-streams\1.0.2\reactive-streams-1.0.2.jar;C:\Users\n0214816\.m2\repository\org\springframework\ws\spring-xml\3.0.1.RELEASE\spring-xml-3.0.1.RELEASE.jar;C:\Users\n0214816\.m2\repository\commons-io\commons-io\2.5\commons-io-2.5.jar;C:\Users\n0214816\.m2\repository\org\springframework\spring-oxm\5.0.8.RELEASE\spring-oxm-5.0.8.RELEASE.jar;C:\Users\n0214816\.m2\repository\org\springframework\spring-test\5.0.8.RELEASE\spring-test-5.0.8.RELEASE.jar;C:\Users\n0214816\.m2\repository\org\javatuples\javatuples\1.2\javatuples-1.2.jar;C:\Users\n0214816\.m2\repository\com\consol\citrus\citrus-java-dsl\2.8.0\citrus-java-dsl-2.8.0.jar;C:\Users\n0214816\.m2\repository\com\consol\citrus\citrus-http\2.8.0\citrus-http-2.8.0.jar;C:\Users\n0214816\.m2\repository\com\consol\citrus\model\citrus-model-http\2.8.0\citrus-model-http-2.8.0.jar;C:\Users\n0214816\.m2\repository\org\springframework\spring-web\5.0.8.RELEASE\spring-web-5.0.8.RELEASE.jar;C:\Users\n0214816\.m2\repository\org\springframework\spring-webmvc\5.0.8.RELEASE\spring-webmvc-5.0.8.RELEASE.jar;C:\Users\n0214816\.m2\repository\org\springframework\integration\spring-integration-http\5.0.6.RELEASE\spring-integration-http-5.0.6.RELEASE.jar;C:\Users\n0214816\.m2\repository\org\apache\httpcomponents\httpclient\4.5.5\httpclient-4.5.5.jar;C:\Users\n0214816\.m2\repository\org\apache\httpcomponents\httpcore\4.4.9\httpcore-4.4.9.jar;C:\Users\n0214816\.m2\repository\org\eclipse\jetty\jetty-server\9.4.11.v20180605\jetty-server-9.4.11.v20180605.jar;C:\Users\n0214816\.m2\repository\javax\servlet\javax.servlet-api\3.1.0\javax.servlet-api-3.1.0.jar;C:\Users\n0214816\.m2\repository\org\eclipse\jetty\jetty-http\9.4.11.v20180605\jetty-http-9.4.11.v20180605.jar;C:\Users\n0214816\.m2\repository\org\eclipse\jetty\jetty-util\9.4.11.v20180605\jetty-util-9.4.11.v20180605.jar;C:\Users\n0214816\.m2\repository\org\eclipse\jetty\jetty-io\9.4.11.v20180605\jetty-io-9.4.11.v20180605.jar;C:\Users\n0214816\.m2\repository\org\eclipse\jetty\jetty-servlet\9.4.11.v20180605\jetty-servlet-9.4.11.v20180605.jar;C:\Users\n0214816\.m2\repository\org\eclipse\jetty\jetty-security\9.4.11.v20180605\jetty-security-9.4.11.v20180605.jar;C:\Users\n0214816\.m2\repository\junit\junit\3.8.1\junit-3.8.1.jar;C:\Users\n0214816\.m2\repository\org\apache\maven\surefire\surefire-testng-utils\2.20.1\surefire-testng-utils-2.20.1.jar;C:\Users\n0214816\.m2\repository\org\apache\maven\surefire\surefire-grouper\2.20.1\surefire-grouper-2.20.1.jar;"/>
    <property name="sun.cpu.endian" value="little"/>
    <property name="user.home" value="C:\Users\n0214816"/>
    <property name="user.language" value="en"/>
    <property name="java.specification.vendor" value="Oracle Corporation"/>
    <property name="java.home" value="C:\Program Files\Java\jdk1.8.0_151\jre"/>
    <property name="basedir" value="C:\Users\n0214816\git\citrustest"/>
    <property name="file.separator" value="\"/>
    <property name="line.separator" value="&#10;"/>
    <property name="java.vm.specification.vendor" value="Oracle Corporation"/>
    <property name="java.specification.name" value="Java Platform API Specification"/>
    <property name="java.awt.graphicsenv" value="sun.awt.Win32GraphicsEnvironment"/>
    <property name="surefire.real.class.path" value="C:\Users\n0214816\AppData\Local\Temp\surefire8119141238020205932\surefirebooter4747261668504198089.jar"/>
    <property name="sun.boot.class.path" value="C:\Program Files\Java\jdk1.8.0_151\jre\lib\resources.jar;C:\Program Files\Java\jdk1.8.0_151\jre\lib\rt.jar;C:\Program Files\Java\jdk1.8.0_151\jre\lib\sunrsasign.jar;C:\Program Files\Java\jdk1.8.0_151\jre\lib\jsse.jar;C:\Program Files\Java\jdk1.8.0_151\jre\lib\jce.jar;C:\Program Files\Java\jdk1.8.0_151\jre\lib\charsets.jar;C:\Program Files\Java\jdk1.8.0_151\jre\lib\jfr.jar;C:\Program Files\Java\jdk1.8.0_151\jre\classes"/>
    <property name="user.script" value=""/>
    <property name="sun.management.compiler" value="HotSpot 64-Bit Tiered Compilers"/>
    <property name="java.runtime.version" value="1.8.0_151-b12"/>
    <property name="user.name" value="n0214816"/>
    <property name="path.separator" value=";"/>
    <property name="os.version" value="10.0"/>
    <property name="java.endorsed.dirs" value="C:\Program Files\Java\jdk1.8.0_151\jre\lib\endorsed"/>
    <property name="java.runtime.name" value="Java(TM) SE Runtime Environment"/>
    <property name="file.encoding" value="Cp1252"/>
    <property name="java.vm.name" value="Java HotSpot(TM) 64-Bit Server VM"/>
    <property name="localRepository" value="C:\Users\n0214816\.m2\repository"/>
    <property name="java.vendor.url.bug" value="http://bugreport.sun.com/bugreport/"/>
    <property name="java.io.tmpdir" value="C:\Users\n0214816\AppData\Local\Temp\"/>
    <property name="java.version" value="1.8.0_151"/>
    <property name="user.dir" value="C:\Users\n0214816\git\citrustest\target"/>
    <property name="os.arch" value="amd64"/>
    <property name="java.vm.specification.name" value="Java Virtual Machine Specification"/>
    <property name="java.awt.printerjob" value="sun.awt.windows.WPrinterJob"/>
    <property name="sun.os.patch.level" value=""/>
    <property name="java.library.path" value="C:\Program Files\Java\jdk1.8.0_151\jre\bin;C:\WINDOWS\Sun\Java\bin;C:\WINDOWS\system32;C:\WINDOWS;C:/Program Files/Java/jre1.8.0_151/bin/server;C:/Program Files/Java/jre1.8.0_151/bin;C:/Program Files/Java/jre1.8.0_151/lib/amd64;C:\ProgramData\Oracle\Java\javapath;C:\Program Files (x86)\RSA SecurID Token Common;C:\WINDOWS\system32;C:\WINDOWS;C:\WINDOWS\System32\Wbem;C:\WINDOWS\System32\WindowsPowerShell\v1.0\;C:\Program Files\Citrix\System32\;C:\Program Files\Citrix\ICAService\;C:\Program Files\Java\jdk1.8.0_151\bin;C:\Program Files\nodejs\;C:\Program Files\TortoiseSVN\bin;C:\Program Files\Apache\Maven\bin;C:\Program Files (x86)\Microsoft SQL Server\Client SDK\ODBC\130\Tools\Binn\;C:\Program Files (x86)\Microsoft SQL Server\140\Tools\Binn\;C:\Program Files (x86)\Microsoft SQL Server\140\DTS\Binn\;C:\Program Files (x86)\Microsoft SQL Server\140\Tools\Binn\ManagementStudio\;C:\Program Files (x86)\HP\Unified Functional Testing\bin;C:\Program Files\BMC Software\BladeLogic\8.6\NSH\bin;C:\Program Files\Citrix\Virtual Desktop Agent\;C:\Program Files\BMC Software\BladeLogic\8.9\NSH\bin;C:\Users\n0214816\AppData\Local\Microsoft\WindowsApps;C:\Program Files\Java\jdk1.8.0_151\bin;C:\Users\n0214816\AppData\Roaming\npm;C:\Program Files\Apache\Maven\bin;;C:\Users\n0214816\Downloads\sts-bundle\sts-3.9.7.RELEASE;;."/>
    <property name="java.vm.info" value="mixed mode"/>
    <property name="java.vendor" value="Oracle Corporation"/>
    <property name="java.vm.version" value="25.151-b12"/>
    <property name="java.ext.dirs" value="C:\Program Files\Java\jdk1.8.0_151\jre\lib\ext;C:\WINDOWS\Sun\Java\lib\ext"/>
    <property name="sun.io.unicode.encoding" value="UnicodeLittle"/>
    <property name="java.class.version" value="52.0"/>
  </properties>
  <testcase name="test" classname="com.citrus.demo.citrustest.CitrusSampleTest" time="3.528">
    <failure message="Validation failed: Values not equal for header element &apos;citrus_http_status_code&apos;, expected &apos;201&apos; but was &apos;403&apos;" type="com.consol.citrus.exceptions.TestCaseFailedException">com.consol.citrus.exceptions.TestCaseFailedException: Validation failed: Values not equal for header element 'citrus_http_status_code', expected '201' but was '403'
	at com.citrus.demo.citrustest.CitrusSampleTest.test(CitrusSampleTest.java:50)
Caused by: com.consol.citrus.exceptions.ValidationException: Validation failed: Values not equal for header element 'citrus_http_status_code', expected '201' but was '403'
	at com.citrus.demo.citrustest.CitrusSampleTest.test(CitrusSampleTest.java:50)
Caused by: java.lang.IllegalArgumentException: Values not equal for header element 'citrus_http_status_code', expected '201' but was '403'
	at com.citrus.demo.citrustest.CitrusSampleTest.test(CitrusSampleTest.java:50)
</failure>
    <system-out><![CDATA[21:41:12,434 DEBUG ntext.BootstrapUtils| Instantiating CacheAwareContextLoaderDelegate from class [org.springframework.test.context.cache.DefaultCacheAwareContextLoaderDelegate]
21:41:12,516 DEBUG ntext.BootstrapUtils| Instantiating BootstrapContext using constructor [public org.springframework.test.context.support.DefaultBootstrapContext(java.lang.Class,org.springframework.test.context.CacheAwareContextLoaderDelegate)]
21:41:12,558 DEBUG ntext.BootstrapUtils| Instantiating TestContextBootstrapper for test class [com.citrus.demo.citrustest.CitrusSampleTest] from class [org.springframework.test.context.support.DefaultTestContextBootstrapper]
21:41:12,690 DEBUG ngSmartContextLoader| Delegating to AnnotationConfigContextLoader to process context configuration [ContextConfigurationAttributes@49070868 declaringClass = 'com.consol.citrus.testng.AbstractTestNGCitrusTest', classes = '{class com.consol.citrus.config.CitrusSpringConfig}', locations = '{}', inheritLocations = true, initializers = '{}', inheritInitializers = true, name = [null], contextLoaderClass = 'org.springframework.test.context.ContextLoader'].
21:41:12,815 DEBUG .ActiveProfilesUtils| Could not find an 'annotation declaring class' for annotation type [org.springframework.test.context.ActiveProfiles] and class [com.citrus.demo.citrustest.CitrusSampleTest]
21:41:12,831 INFO  tContextBootstrapper| Using TestExecutionListeners: [org.springframework.test.context.web.ServletTestExecutionListener@75f9eccc, org.springframework.test.context.support.DirtiesContextBeforeModesTestExecutionListener@52aa2946, org.springframework.test.context.support.DependencyInjectionTestExecutionListener@4de5031f, org.springframework.test.context.support.DirtiesContextTestExecutionListener@67e2d983]
21:41:12,925 DEBUG estExecutionListener| Performing dependency injection for test context [[DefaultTestContext@23529fee testClass = CitrusSampleTest, testInstance = com.citrus.demo.citrustest.CitrusSampleTest@2aece37d, testMethod = [null], testException = [null], mergedContextConfiguration = [MergedContextConfiguration@4fe767f3 testClass = CitrusSampleTest, locations = '{}', classes = '{class com.consol.citrus.config.CitrusSpringConfig}', contextInitializerClasses = '[]', activeProfiles = '{}', propertySourceLocations = '{}', propertySourceProperties = '{}', contextCustomizers = set[[empty]], contextLoader = 'org.springframework.test.context.support.DelegatingSmartContextLoader', parent = [null]], attributes = map[[empty]]]].
21:41:12,925 DEBUG ngSmartContextLoader| Delegating to AnnotationConfigContextLoader to load context from [MergedContextConfiguration@4fe767f3 testClass = CitrusSampleTest, locations = '{}', classes = '{class com.consol.citrus.config.CitrusSpringConfig}', contextInitializerClasses = '[]', activeProfiles = '{}', propertySourceLocations = '{}', propertySourceProperties = '{}', contextCustomizers = set[[empty]], contextLoader = 'org.springframework.test.context.support.DelegatingSmartContextLoader', parent = [null]].
21:41:12,940 DEBUG GenericContextLoader| Loading ApplicationContext for merged context configuration [[MergedContextConfiguration@4fe767f3 testClass = CitrusSampleTest, locations = '{}', classes = '{class com.consol.citrus.config.CitrusSpringConfig}', contextInitializerClasses = '[]', activeProfiles = '{}', propertySourceLocations = '{}', propertySourceProperties = '{}', contextCustomizers = set[[empty]], contextLoader = 'org.springframework.test.context.support.DelegatingSmartContextLoader', parent = [null]]].
21:41:13,060 DEBUG .StandardEnvironment| Adding PropertySource 'systemProperties' with lowest search precedence
21:41:13,060 DEBUG .StandardEnvironment| Adding PropertySource 'systemEnvironment' with lowest search precedence
21:41:13,060 DEBUG .StandardEnvironment| Initialized StandardEnvironment with PropertySources [MapPropertySource@1781071780 {name='systemProperties', properties={java.runtime.name=Java(TM) SE Runtime Environment, sun.boot.library.path=C:\Program Files\Java\jdk1.8.0_151\jre\bin, java.vm.version=25.151-b12, java.vm.vendor=Oracle Corporation, java.vendor.url=http://java.oracle.com/, path.separator=;, java.vm.name=Java HotSpot(TM) 64-Bit Server VM, file.encoding.pkg=sun.io, user.country=US, user.script=, sun.java.launcher=SUN_STANDARD, sun.os.patch.level=, java.vm.specification.name=Java Virtual Machine Specification, user.dir=C:\Users\n0214816\git\citrustest\target, java.runtime.version=1.8.0_151-b12, basedir=C:\Users\n0214816\git\citrustest, java.awt.graphicsenv=sun.awt.Win32GraphicsEnvironment, java.endorsed.dirs=C:\Program Files\Java\jdk1.8.0_151\jre\lib\endorsed, os.arch=amd64, surefire.real.class.path=C:\Users\n0214816\AppData\Local\Temp\surefire8119141238020205932\surefirebooter4747261668504198089.jar, java.io.tmpdir=C:\Users\n0214816\AppData\Local\Temp\, line.separator=
, java.vm.specification.vendor=Oracle Corporation, user.variant=, os.name=Windows 10, sun.jnu.encoding=Cp1252, java.library.path=C:\Program Files\Java\jdk1.8.0_151\jre\bin;C:\WINDOWS\Sun\Java\bin;C:\WINDOWS\system32;C:\WINDOWS;C:/Program Files/Java/jre1.8.0_151/bin/server;C:/Program Files/Java/jre1.8.0_151/bin;C:/Program Files/Java/jre1.8.0_151/lib/amd64;C:\ProgramData\Oracle\Java\javapath;C:\Program Files (x86)\RSA SecurID Token Common;C:\WINDOWS\system32;C:\WINDOWS;C:\WINDOWS\System32\Wbem;C:\WINDOWS\System32\WindowsPowerShell\v1.0\;C:\Program Files\Citrix\System32\;C:\Program Files\Citrix\ICAService\;C:\Program Files\Java\jdk1.8.0_151\bin;C:\Program Files\nodejs\;C:\Program Files\TortoiseSVN\bin;C:\Program Files\Apache\Maven\bin;C:\Program Files (x86)\Microsoft SQL Server\Client SDK\ODBC\130\Tools\Binn\;C:\Program Files (x86)\Microsoft SQL Server\140\Tools\Binn\;C:\Program Files (x86)\Microsoft SQL Server\140\DTS\Binn\;C:\Program Files (x86)\Microsoft SQL Server\140\Tools\Binn\ManagementStudio\;C:\Program Files (x86)\HP\Unified Functional Testing\bin;C:\Program Files\BMC Software\BladeLogic\8.6\NSH\bin;C:\Program Files\Citrix\Virtual Desktop Agent\;C:\Program Files\BMC Software\BladeLogic\8.9\NSH\bin;C:\Users\n0214816\AppData\Local\Microsoft\WindowsApps;C:\Program Files\Java\jdk1.8.0_151\bin;C:\Users\n0214816\AppData\Roaming\npm;C:\Program Files\Apache\Maven\bin;;C:\Users\n0214816\Downloads\sts-bundle\sts-3.9.7.RELEASE;;., surefire.test.class.path=C:\Users\n0214816\git\citrustest\target\test-classes;C:\Users\n0214816\git\citrustest\target\classes;C:\Users\n0214816\.m2\repository\org\slf4j\jcl-over-slf4j\1.7.25\jcl-over-slf4j-1.7.25.jar;C:\Users\n0214816\.m2\repository\org\slf4j\slf4j-api\1.7.25\slf4j-api-1.7.25.jar;C:\Users\n0214816\.m2\repository\org\slf4j\slf4j-log4j12\1.7.25\slf4j-log4j12-1.7.25.jar;C:\Users\n0214816\.m2\repository\log4j\log4j\1.2.17\log4j-1.2.17.jar;C:\Users\n0214816\.m2\repository\commons-logging\commons-logging\1.2\commons-logging-1.2.jar;C:\Users\n0214816\.m2\repository\org\testng\testng\6.14.3\testng-6.14.3.jar;C:\Users\n0214816\.m2\repository\com\beust\jcommander\1.72\jcommander-1.72.jar;C:\Users\n0214816\.m2\repository\org\apache-extras\beanshell\bsh\2.0b6\bsh-2.0b6.jar;C:\Users\n0214816\.m2\repository\com\consol\citrus\citrus-core\2.8.0\citrus-core-2.8.0.jar;C:\Users\n0214816\.m2\repository\com\consol\citrus\model\citrus-model-core\2.8.0\citrus-model-core-2.8.0.jar;C:\Users\n0214816\.m2\repository\javax\xml\bind\jaxb-api\2.3.0\jaxb-api-2.3.0.jar;C:\Users\n0214816\.m2\repository\com\sun\xml\bind\jaxb-core\2.3.0\jaxb-core-2.3.0.jar;C:\Users\n0214816\.m2\repository\com\sun\xml\bind\jaxb-impl\2.3.0\jaxb-impl-2.3.0.jar;C:\Users\n0214816\.m2\repository\commons-cli\commons-cli\1.4\commons-cli-1.4.jar;C:\Users\n0214816\.m2\repository\commons-codec\commons-codec\1.11\commons-codec-1.11.jar;C:\Users\n0214816\.m2\repository\commons-lang\commons-lang\2.6\commons-lang-2.6.jar;C:\Users\n0214816\.m2\repository\xalan\xalan\2.7.2\xalan-2.7.2.jar;C:\Users\n0214816\.m2\repository\xalan\serializer\2.7.2\serializer-2.7.2.jar;C:\Users\n0214816\.m2\repository\xerces\xercesImpl\2.12.0\xercesImpl-2.12.0.jar;C:\Users\n0214816\.m2\repository\xml-apis\xml-apis\1.4.01\xml-apis-1.4.01.jar;C:\Users\n0214816\.m2\repository\wsdl4j\wsdl4j\1.6.3\wsdl4j-1.6.3.jar;C:\Users\n0214816\.m2\repository\net\sf\jtidy\jtidy\r938\jtidy-r938.jar;C:\Users\n0214816\.m2\repository\org\hamcrest\hamcrest-core\1.3\hamcrest-core-1.3.jar;C:\Users\n0214816\.m2\repository\org\hamcrest\hamcrest-library\1.3\hamcrest-library-1.3.jar;C:\Users\n0214816\.m2\repository\org\codehaus\groovy\groovy\2.5.0\groovy-2.5.0.jar;C:\Users\n0214816\.m2\repository\org\codehaus\groovy\groovy-xml\2.5.0\groovy-xml-2.5.0.jar;C:\Users\n0214816\.m2\repository\org\codehaus\groovy\groovy-json\2.5.0\groovy-json-2.5.0.jar;C:\Users\n0214816\.m2\repository\org\codehaus\groovy\groovy-jsr223\2.5.0\groovy-jsr223-2.5.0.jar;C:\Users\n0214816\.m2\repository\commons-logging\commons-logging-api\1.1\commons-logging-api-1.1.jar;C:\Users\n0214816\.m2\repository\com\fasterxml\jackson\core\jackson-core\2.9.8\jackson-core-2.9.8.jar;C:\Users\n0214816\.m2\repository\com\fasterxml\jackson\core\jackson-annotations\2.9.8\jackson-annotations-2.9.8.jar;C:\Users\n0214816\.m2\repository\com\fasterxml\jackson\core\jackson-databind\2.9.8\jackson-databind-2.9.8.jar;C:\Users\n0214816\.m2\repository\net\minidev\json-smart\2.3\json-smart-2.3.jar;C:\Users\n0214816\.m2\repository\net\minidev\accessors-smart\1.2\accessors-smart-1.2.jar;C:\Users\n0214816\.m2\repository\org\ow2\asm\asm\5.0.4\asm-5.0.4.jar;C:\Users\n0214816\.m2\repository\com\jayway\jsonpath\json-path\2.4.0\json-path-2.4.0.jar;C:\Users\n0214816\.m2\repository\com\github\java-json-tools\json-schema-validator\2.2.10\json-schema-validator-2.2.10.jar;C:\Users\n0214816\.m2\repository\com\github\java-json-tools\json-schema-core\1.2.10\json-schema-core-1.2.10.jar;C:\Users\n0214816\.m2\repository\com\github\java-json-tools\jackson-coreutils\1.9\jackson-coreutils-1.9.jar;C:\Users\n0214816\.m2\repository\com\google\guava\guava\16.0.1\guava-16.0.1.jar;C:\Users\n0214816\.m2\repository\com\github\fge\msg-simple\1.1\msg-simple-1.1.jar;C:\Users\n0214816\.m2\repository\com\github\fge\btf\1.2\btf-1.2.jar;C:\Users\n0214816\.m2\repository\com\github\fge\uri-template\0.9\uri-template-0.9.jar;C:\Users\n0214816\.m2\repository\org\mozilla\rhino\1.7.7.1\rhino-1.7.7.1.jar;C:\Users\n0214816\.m2\repository\javax\mail\mailapi\1.4.3\mailapi-1.4.3.jar;C:\Users\n0214816\.m2\repository\javax\activation\activation\1.1\activation-1.1.jar;C:\Users\n0214816\.m2\repository\joda-time\joda-time\2.9.7\joda-time-2.9.7.jar;C:\Users\n0214816\.m2\repository\com\googlecode\libphonenumber\libphonenumber\8.0.0\libphonenumber-8.0.0.jar;C:\Users\n0214816\.m2\repository\com\google\code\findbugs\jsr305\3.0.1\jsr305-3.0.1.jar;C:\Users\n0214816\.m2\repository\net\sf\jopt-simple\jopt-simple\5.0.3\jopt-simple-5.0.3.jar;C:\Users\n0214816\.m2\repository\org\springframework\spring-core\5.0.8.RELEASE\spring-core-5.0.8.RELEASE.jar;C:\Users\n0214816\.m2\repository\org\springframework\spring-jcl\5.0.8.RELEASE\spring-jcl-5.0.8.RELEASE.jar;C:\Users\n0214816\.m2\repository\org\springframework\spring-context\5.0.8.RELEASE\spring-context-5.0.8.RELEASE.jar;C:\Users\n0214816\.m2\repository\org\springframework\spring-aop\5.0.8.RELEASE\spring-aop-5.0.8.RELEASE.jar;C:\Users\n0214816\.m2\repository\org\springframework\spring-beans\5.0.8.RELEASE\spring-beans-5.0.8.RELEASE.jar;C:\Users\n0214816\.m2\repository\org\springframework\spring-expression\5.0.8.RELEASE\spring-expression-5.0.8.RELEASE.jar;C:\Users\n0214816\.m2\repository\org\springframework\spring-jdbc\5.0.8.RELEASE\spring-jdbc-5.0.8.RELEASE.jar;C:\Users\n0214816\.m2\repository\org\springframework\spring-tx\5.0.8.RELEASE\spring-tx-5.0.8.RELEASE.jar;C:\Users\n0214816\.m2\repository\org\springframework\integration\spring-integration-core\5.0.6.RELEASE\spring-integration-core-5.0.6.RELEASE.jar;C:\Users\n0214816\.m2\repository\org\springframework\spring-messaging\5.0.7.RELEASE\spring-messaging-5.0.7.RELEASE.jar;C:\Users\n0214816\.m2\repository\org\springframework\retry\spring-retry\1.2.2.RELEASE\spring-retry-1.2.2.RELEASE.jar;C:\Users\n0214816\.m2\repository\io\projectreactor\reactor-core\3.1.6.RELEASE\reactor-core-3.1.6.RELEASE.jar;C:\Users\n0214816\.m2\repository\org\reactivestreams\reactive-streams\1.0.2\reactive-streams-1.0.2.jar;C:\Users\n0214816\.m2\repository\org\springframework\ws\spring-xml\3.0.1.RELEASE\spring-xml-3.0.1.RELEASE.jar;C:\Users\n0214816\.m2\repository\commons-io\commons-io\2.5\commons-io-2.5.jar;C:\Users\n0214816\.m2\repository\org\springframework\spring-oxm\5.0.8.RELEASE\spring-oxm-5.0.8.RELEASE.jar;C:\Users\n0214816\.m2\repository\org\springframework\spring-test\5.0.8.RELEASE\spring-test-5.0.8.RELEASE.jar;C:\Users\n0214816\.m2\repository\org\javatuples\javatuples\1.2\javatuples-1.2.jar;C:\Users\n0214816\.m2\repository\com\consol\citrus\citrus-java-dsl\2.8.0\citrus-java-dsl-2.8.0.jar;C:\Users\n0214816\.m2\repository\com\consol\citrus\citrus-http\2.8.0\citrus-http-2.8.0.jar;C:\Users\n0214816\.m2\repository\com\consol\citrus\model\citrus-model-http\2.8.0\citrus-model-http-2.8.0.jar;C:\Users\n0214816\.m2\repository\org\springframework\spring-web\5.0.8.RELEASE\spring-web-5.0.8.RELEASE.jar;C:\Users\n0214816\.m2\repository\org\springframework\spring-webmvc\5.0.8.RELEASE\spring-webmvc-5.0.8.RELEASE.jar;C:\Users\n0214816\.m2\repository\org\springframework\integration\spring-integration-http\5.0.6.RELEASE\spring-integration-http-5.0.6.RELEASE.jar;C:\Users\n0214816\.m2\repository\org\apache\httpcomponents\httpclient\4.5.5\httpclient-4.5.5.jar;C:\Users\n0214816\.m2\repository\org\apache\httpcomponents\httpcore\4.4.9\httpcore-4.4.9.jar;C:\Users\n0214816\.m2\repository\org\eclipse\jetty\jetty-server\9.4.11.v20180605\jetty-server-9.4.11.v20180605.jar;C:\Users\n0214816\.m2\repository\javax\servlet\javax.servlet-api\3.1.0\javax.servlet-api-3.1.0.jar;C:\Users\n0214816\.m2\repository\org\eclipse\jetty\jetty-http\9.4.11.v20180605\jetty-http-9.4.11.v20180605.jar;C:\Users\n0214816\.m2\repository\org\eclipse\jetty\jetty-util\9.4.11.v20180605\jetty-util-9.4.11.v20180605.jar;C:\Users\n0214816\.m2\repository\org\eclipse\jetty\jetty-io\9.4.11.v20180605\jetty-io-9.4.11.v20180605.jar;C:\Users\n0214816\.m2\repository\org\eclipse\jetty\jetty-servlet\9.4.11.v20180605\jetty-servlet-9.4.11.v20180605.jar;C:\Users\n0214816\.m2\repository\org\eclipse\jetty\jetty-security\9.4.11.v20180605\jetty-security-9.4.11.v20180605.jar;C:\Users\n0214816\.m2\repository\junit\junit\3.8.1\junit-3.8.1.jar;C:\Users\n0214816\.m2\repository\org\apache\maven\surefire\surefire-testng-utils\2.20.1\surefire-testng-utils-2.20.1.jar;C:\Users\n0214816\.m2\repository\org\apache\maven\surefire\surefire-grouper\2.20.1\surefire-grouper-2.20.1.jar;, java.specification.name=Java Platform API Specification, java.class.version=52.0, sun.management.compiler=HotSpot 64-Bit Tiered Compilers, os.version=10.0, user.home=C:\Users\n0214816, user.timezone=America/New_York, java.awt.printerjob=sun.awt.windows.WPrinterJob, file.encoding=Cp1252, java.specification.version=1.8, java.class.path=C:\Users\n0214816\git\citrustest\target\test-classes;C:\Users\n0214816\git\citrustest\target\classes;C:\Users\n0214816\.m2\repository\org\slf4j\jcl-over-slf4j\1.7.25\jcl-over-slf4j-1.7.25.jar;C:\Users\n0214816\.m2\repository\org\slf4j\slf4j-api\1.7.25\slf4j-api-1.7.25.jar;C:\Users\n0214816\.m2\repository\org\slf4j\slf4j-log4j12\1.7.25\slf4j-log4j12-1.7.25.jar;C:\Users\n0214816\.m2\repository\log4j\log4j\1.2.17\log4j-1.2.17.jar;C:\Users\n0214816\.m2\repository\commons-logging\commons-logging\1.2\commons-logging-1.2.jar;C:\Users\n0214816\.m2\repository\org\testng\testng\6.14.3\testng-6.14.3.jar;C:\Users\n0214816\.m2\repository\com\beust\jcommander\1.72\jcommander-1.72.jar;C:\Users\n0214816\.m2\repository\org\apache-extras\beanshell\bsh\2.0b6\bsh-2.0b6.jar;C:\Users\n0214816\.m2\repository\com\consol\citrus\citrus-core\2.8.0\citrus-core-2.8.0.jar;C:\Users\n0214816\.m2\repository\com\consol\citrus\model\citrus-model-core\2.8.0\citrus-model-core-2.8.0.jar;C:\Users\n0214816\.m2\repository\javax\xml\bind\jaxb-api\2.3.0\jaxb-api-2.3.0.jar;C:\Users\n0214816\.m2\repository\com\sun\xml\bind\jaxb-core\2.3.0\jaxb-core-2.3.0.jar;C:\Users\n0214816\.m2\repository\com\sun\xml\bind\jaxb-impl\2.3.0\jaxb-impl-2.3.0.jar;C:\Users\n0214816\.m2\repository\commons-cli\commons-cli\1.4\commons-cli-1.4.jar;C:\Users\n0214816\.m2\repository\commons-codec\commons-codec\1.11\commons-codec-1.11.jar;C:\Users\n0214816\.m2\repository\commons-lang\commons-lang\2.6\commons-lang-2.6.jar;C:\Users\n0214816\.m2\repository\xalan\xalan\2.7.2\xalan-2.7.2.jar;C:\Users\n0214816\.m2\repository\xalan\serializer\2.7.2\serializer-2.7.2.jar;C:\Users\n0214816\.m2\repository\xerces\xercesImpl\2.12.0\xercesImpl-2.12.0.jar;C:\Users\n0214816\.m2\repository\xml-apis\xml-apis\1.4.01\xml-apis-1.4.01.jar;C:\Users\n0214816\.m2\repository\wsdl4j\wsdl4j\1.6.3\wsdl4j-1.6.3.jar;C:\Users\n0214816\.m2\repository\net\sf\jtidy\jtidy\r938\jtidy-r938.jar;C:\Users\n0214816\.m2\repository\org\hamcrest\hamcrest-core\1.3\hamcrest-core-1.3.jar;C:\Users\n0214816\.m2\repository\org\hamcrest\hamcrest-library\1.3\hamcrest-library-1.3.jar;C:\Users\n0214816\.m2\repository\org\codehaus\groovy\groovy\2.5.0\groovy-2.5.0.jar;C:\Users\n0214816\.m2\repository\org\codehaus\groovy\groovy-xml\2.5.0\groovy-xml-2.5.0.jar;C:\Users\n0214816\.m2\repository\org\codehaus\groovy\groovy-json\2.5.0\groovy-json-2.5.0.jar;C:\Users\n0214816\.m2\repository\org\codehaus\groovy\groovy-jsr223\2.5.0\groovy-jsr223-2.5.0.jar;C:\Users\n0214816\.m2\repository\commons-logging\commons-logging-api\1.1\commons-logging-api-1.1.jar;C:\Users\n0214816\.m2\repository\com\fasterxml\jackson\core\jackson-core\2.9.8\jackson-core-2.9.8.jar;C:\Users\n0214816\.m2\repository\com\fasterxml\jackson\core\jackson-annotations\2.9.8\jackson-annotations-2.9.8.jar;C:\Users\n0214816\.m2\repository\com\fasterxml\jackson\core\jackson-databind\2.9.8\jackson-databind-2.9.8.jar;C:\Users\n0214816\.m2\repository\net\minidev\json-smart\2.3\json-smart-2.3.jar;C:\Users\n0214816\.m2\repository\net\minidev\accessors-smart\1.2\accessors-smart-1.2.jar;C:\Users\n0214816\.m2\repository\org\ow2\asm\asm\5.0.4\asm-5.0.4.jar;C:\Users\n0214816\.m2\repository\com\jayway\jsonpath\json-path\2.4.0\json-path-2.4.0.jar;C:\Users\n0214816\.m2\repository\com\github\java-json-tools\json-schema-validator\2.2.10\json-schema-validator-2.2.10.jar;C:\Users\n0214816\.m2\repository\com\github\java-json-tools\json-schema-core\1.2.10\json-schema-core-1.2.10.jar;C:\Users\n0214816\.m2\repository\com\github\java-json-tools\jackson-coreutils\1.9\jackson-coreutils-1.9.jar;C:\Users\n0214816\.m2\repository\com\google\guava\guava\16.0.1\guava-16.0.1.jar;C:\Users\n0214816\.m2\repository\com\github\fge\msg-simple\1.1\msg-simple-1.1.jar;C:\Users\n0214816\.m2\repository\com\github\fge\btf\1.2\btf-1.2.jar;C:\Users\n0214816\.m2\repository\com\github\fge\uri-template\0.9\uri-template-0.9.jar;C:\Users\n0214816\.m2\repository\org\mozilla\rhino\1.7.7.1\rhino-1.7.7.1.jar;C:\Users\n0214816\.m2\repository\javax\mail\mailapi\1.4.3\mailapi-1.4.3.jar;C:\Users\n0214816\.m2\repository\javax\activation\activation\1.1\activation-1.1.jar;C:\Users\n0214816\.m2\repository\joda-time\joda-time\2.9.7\joda-time-2.9.7.jar;C:\Users\n0214816\.m2\repository\com\googlecode\libphonenumber\libphonenumber\8.0.0\libphonenumber-8.0.0.jar;C:\Users\n0214816\.m2\repository\com\google\code\findbugs\jsr305\3.0.1\jsr305-3.0.1.jar;C:\Users\n0214816\.m2\repository\net\sf\jopt-simple\jopt-simple\5.0.3\jopt-simple-5.0.3.jar;C:\Users\n0214816\.m2\repository\org\springframework\spring-core\5.0.8.RELEASE\spring-core-5.0.8.RELEASE.jar;C:\Users\n0214816\.m2\repository\org\springframework\spring-jcl\5.0.8.RELEASE\spring-jcl-5.0.8.RELEASE.jar;C:\Users\n0214816\.m2\repository\org\springframework\spring-context\5.0.8.RELEASE\spring-context-5.0.8.RELEASE.jar;C:\Users\n0214816\.m2\repository\org\springframework\spring-aop\5.0.8.RELEASE\spring-aop-5.0.8.RELEASE.jar;C:\Users\n0214816\.m2\repository\org\springframework\spring-beans\5.0.8.RELEASE\spring-beans-5.0.8.RELEASE.jar;C:\Users\n0214816\.m2\repository\org\springframework\spring-expression\5.0.8.RELEASE\spring-expression-5.0.8.RELEASE.jar;C:\Users\n0214816\.m2\repository\org\springframework\spring-jdbc\5.0.8.RELEASE\spring-jdbc-5.0.8.RELEASE.jar;C:\Users\n0214816\.m2\repository\org\springframework\spring-tx\5.0.8.RELEASE\spring-tx-5.0.8.RELEASE.jar;C:\Users\n0214816\.m2\repository\org\springframework\integration\spring-integration-core\5.0.6.RELEASE\spring-integration-core-5.0.6.RELEASE.jar;C:\Users\n0214816\.m2\repository\org\springframework\spring-messaging\5.0.7.RELEASE\spring-messaging-5.0.7.RELEASE.jar;C:\Users\n0214816\.m2\repository\org\springframework\retry\spring-retry\1.2.2.RELEASE\spring-retry-1.2.2.RELEASE.jar;C:\Users\n0214816\.m2\repository\io\projectreactor\reactor-core\3.1.6.RELEASE\reactor-core-3.1.6.RELEASE.jar;C:\Users\n0214816\.m2\repository\org\reactivestreams\reactive-streams\1.0.2\reactive-streams-1.0.2.jar;C:\Users\n0214816\.m2\repository\org\springframework\ws\spring-xml\3.0.1.RELEASE\spring-xml-3.0.1.RELEASE.jar;C:\Users\n0214816\.m2\repository\commons-io\commons-io\2.5\commons-io-2.5.jar;C:\Users\n0214816\.m2\repository\org\springframework\spring-oxm\5.0.8.RELEASE\spring-oxm-5.0.8.RELEASE.jar;C:\Users\n0214816\.m2\repository\org\springframework\spring-test\5.0.8.RELEASE\spring-test-5.0.8.RELEASE.jar;C:\Users\n0214816\.m2\repository\org\javatuples\javatuples\1.2\javatuples-1.2.jar;C:\Users\n0214816\.m2\repository\com\consol\citrus\citrus-java-dsl\2.8.0\citrus-java-dsl-2.8.0.jar;C:\Users\n0214816\.m2\repository\com\consol\citrus\citrus-http\2.8.0\citrus-http-2.8.0.jar;C:\Users\n0214816\.m2\repository\com\consol\citrus\model\citrus-model-http\2.8.0\citrus-model-http-2.8.0.jar;C:\Users\n0214816\.m2\repository\org\springframework\spring-web\5.0.8.RELEASE\spring-web-5.0.8.RELEASE.jar;C:\Users\n0214816\.m2\repository\org\springframework\spring-webmvc\5.0.8.RELEASE\spring-webmvc-5.0.8.RELEASE.jar;C:\Users\n0214816\.m2\repository\org\springframework\integration\spring-integration-http\5.0.6.RELEASE\spring-integration-http-5.0.6.RELEASE.jar;C:\Users\n0214816\.m2\repository\org\apache\httpcomponents\httpclient\4.5.5\httpclient-4.5.5.jar;C:\Users\n0214816\.m2\repository\org\apache\httpcomponents\httpcore\4.4.9\httpcore-4.4.9.jar;C:\Users\n0214816\.m2\repository\org\eclipse\jetty\jetty-server\9.4.11.v20180605\jetty-server-9.4.11.v20180605.jar;C:\Users\n0214816\.m2\repository\javax\servlet\javax.servlet-api\3.1.0\javax.servlet-api-3.1.0.jar;C:\Users\n0214816\.m2\repository\org\eclipse\jetty\jetty-http\9.4.11.v20180605\jetty-http-9.4.11.v20180605.jar;C:\Users\n0214816\.m2\repository\org\eclipse\jetty\jetty-util\9.4.11.v20180605\jetty-util-9.4.11.v20180605.jar;C:\Users\n0214816\.m2\repository\org\eclipse\jetty\jetty-io\9.4.11.v20180605\jetty-io-9.4.11.v20180605.jar;C:\Users\n0214816\.m2\repository\org\eclipse\jetty\jetty-servlet\9.4.11.v20180605\jetty-servlet-9.4.11.v20180605.jar;C:\Users\n0214816\.m2\repository\org\eclipse\jetty\jetty-security\9.4.11.v20180605\jetty-security-9.4.11.v20180605.jar;C:\Users\n0214816\.m2\repository\junit\junit\3.8.1\junit-3.8.1.jar;C:\Users\n0214816\.m2\repository\org\apache\maven\surefire\surefire-testng-utils\2.20.1\surefire-testng-utils-2.20.1.jar;C:\Users\n0214816\.m2\repository\org\apache\maven\surefire\surefire-grouper\2.20.1\surefire-grouper-2.20.1.jar;, user.name=n0214816, java.vm.specification.version=1.8, sun.java.command=C:\Users\n0214816\AppData\Local\Temp\surefire8119141238020205932\surefirebooter4747261668504198089.jar C:\Users\n0214816\AppData\Local\Temp\surefire8119141238020205932 2019-05-11T21-41-08_616-jvmRun1 surefire5269138772905800068tmp surefire_0363451529065039852tmp, java.home=C:\Program Files\Java\jdk1.8.0_151\jre, sun.arch.data.model=64, user.language=en, java.specification.vendor=Oracle Corporation, awt.toolkit=sun.awt.windows.WToolkit, java.vm.info=mixed mode, java.version=1.8.0_151, java.ext.dirs=C:\Program Files\Java\jdk1.8.0_151\jre\lib\ext;C:\WINDOWS\Sun\Java\lib\ext, sun.boot.class.path=C:\Program Files\Java\jdk1.8.0_151\jre\lib\resources.jar;C:\Program Files\Java\jdk1.8.0_151\jre\lib\rt.jar;C:\Program Files\Java\jdk1.8.0_151\jre\lib\sunrsasign.jar;C:\Program Files\Java\jdk1.8.0_151\jre\lib\jsse.jar;C:\Program Files\Java\jdk1.8.0_151\jre\lib\jce.jar;C:\Program Files\Java\jdk1.8.0_151\jre\lib\charsets.jar;C:\Program Files\Java\jdk1.8.0_151\jre\lib\jfr.jar;C:\Program Files\Java\jdk1.8.0_151\jre\classes, java.vendor=Oracle Corporation, localRepository=C:\Users\n0214816\.m2\repository, file.separator=\, java.vendor.url.bug=http://bugreport.sun.com/bugreport/, sun.io.unicode.encoding=UnicodeLittle, sun.cpu.endian=little, sun.desktop=windows, sun.cpu.isalist=amd64}}, SystemEnvironmentPropertySource@1219402581 {name='systemEnvironment', properties={PATH=C:/Program Files/Java/jre1.8.0_151/bin/server;C:/Program Files/Java/jre1.8.0_151/bin;C:/Program Files/Java/jre1.8.0_151/lib/amd64;C:\ProgramData\Oracle\Java\javapath;C:\Program Files (x86)\RSA SecurID Token Common;C:\WINDOWS\system32;C:\WINDOWS;C:\WINDOWS\System32\Wbem;C:\WINDOWS\System32\WindowsPowerShell\v1.0\;C:\Program Files\Citrix\System32\;C:\Program Files\Citrix\ICAService\;C:\Program Files\Java\jdk1.8.0_151\bin;C:\Program Files\nodejs\;C:\Program Files\TortoiseSVN\bin;C:\Program Files\Apache\Maven\bin;C:\Program Files (x86)\Microsoft SQL Server\Client SDK\ODBC\130\Tools\Binn\;C:\Program Files (x86)\Microsoft SQL Server\140\Tools\Binn\;C:\Program Files (x86)\Microsoft SQL Server\140\DTS\Binn\;C:\Program Files (x86)\Microsoft SQL Server\140\Tools\Binn\ManagementStudio\;C:\Program Files (x86)\HP\Unified Functional Testing\bin;C:\Program Files\BMC Software\BladeLogic\8.6\NSH\bin;C:\Program Files\Citrix\Virtual Desktop Agent\;C:\Program Files\BMC Software\BladeLogic\8.9\NSH\bin;C:\Users\n0214816\AppData\Local\Microsoft\WindowsApps;C:\Program Files\Java\jdk1.8.0_151\bin;C:\Users\n0214816\AppData\Roaming\npm;C:\Program Files\Apache\Maven\bin;;C:\Users\n0214816\Downloads\sts-bundle\sts-3.9.7.RELEASE;, USERDOMAIN_ROAMINGPROFILE=LM, LOCALAPPDATA=C:\Users\n0214816\AppData\Local, NO_PROXY=localhost,127.0.0.0,127.0.1.1,127.0.1.1,local.home,localhost:8080,http://localhost,http://localhost:8080 , PROCESSOR_LEVEL=6, SYSTEMDRIVE=C:, COMMONPROGRAMFILES(X86)=C:\Program Files (x86)\Common Files, USERDOMAIN=LM, FPS_BROWSER_APP_PROFILE_STRING=Internet Explorer, LOGONSERVER=\\VMKIP-HLMDC010, PROMPT=$P$G, SESSIONNAME=Console, ALLUSERSPROFILE=C:\ProgramData, PROGRAMFILES(X86)=C:\Program Files (x86), HTTP_PROXY=http://n0214816:Oct@2017@www-proxy.lmig.com:80, PROCESSOR_ARCHITECTURE=AMD64, PROGRAMFILES=C:\Program Files, =C:=C:\Users\n0214816\git\citrustest\target, APPDATA=C:\Users\n0214816\AppData\Roaming, MSJAVA_ENABLE_MONITORS=1, PSMODULEPATH=C:\Program Files\WindowsPowerShell\Modules;C:\WINDOWS\system32\WindowsPowerShell\v1.0\Modules;C:\Program Files\Citrix\Telemetry Service\, CYGWIN=nontsec nodosfilewarning, PROGRAMW6432=C:\Program Files, PROGRAMDATA=C:\ProgramData, SYSTEMROOT=C:\WINDOWS, USERNAME=n0214816, USERDNSDOMAIN=LM.LMIG.COM, FPS_BROWSER_USER_PROFILE_STRING=Default, ONEDRIVE=C:\Users\n0214816\OneDrive, PATHEXT=.COM;.EXE;.BAT;.CMD;.VBS;.VBE;.JS;.JSE;.WSF;.WSH;.MSC, OS=Windows_NT, COMMONPROGRAMW6432=C:\Program Files\Common Files, COMPUTERNAME=VDDK35X-GV8AKKR, COMMONPROGRAMFILES=C:\Program Files\Common Files, COMSPEC=C:\WINDOWS\system32\cmd.exe, PROCESSOR_REVISION=3f00, UATDATA=C:\WINDOWS\CCM\UATData\D9F8C395-CAB8-491d-B8AC-179A1FE1BE77, WINDIR=C:\WINDOWS, HOMEPATH=\Users\n0214816, TEMP=C:\Users\n0214816\AppData\Local\Temp, HOMEDRIVE=C:, PROCESSOR_IDENTIFIER=Intel64 Family 6 Model 63 Stepping 0, GenuineIntel, USERPROFILE=C:\Users\n0214816, CLIENT_INSTALLER_HOME=C:\Program Files\BMC Software\BladeLogic\8.9, TMP=C:\Users\n0214816\AppData\Local\Temp, PUBLIC=C:\Users\Public, NUMBER_OF_PROCESSORS=2, =::=::\}}]
21:41:13,060 DEBUG .StandardEnvironment| Activating profiles []
21:41:13,060 DEBUG nConfigContextLoader| Registering annotated classes: {class com.consol.citrus.config.CitrusSpringConfig}
21:41:13,153 INFO  icApplicationContext| Refreshing org.springframework.context.support.GenericApplicationContext@2f112965: startup date [Sat May 11 21:41:13 EDT 2019]; root of context hierarchy
21:41:13,153 DEBUG icApplicationContext| Bean factory for org.springframework.context.support.GenericApplicationContext@2f112965: org.springframework.beans.factory.support.DefaultListableBeanFactory@515aebb0: defining beans [org.springframework.context.annotation.internalConfigurationAnnotationProcessor,org.springframework.context.annotation.internalAutowiredAnnotationProcessor,org.springframework.context.annotation.internalRequiredAnnotationProcessor,org.springframework.context.annotation.internalCommonAnnotationProcessor,org.springframework.context.event.internalEventListenerProcessor,org.springframework.context.event.internalEventListenerFactory,citrusSpringConfig]; root of factory hierarchy
21:41:13,185 DEBUG tListableBeanFactory| Creating shared instance of singleton bean 'org.springframework.context.annotation.internalConfigurationAnnotationProcessor'
21:41:13,185 DEBUG tListableBeanFactory| Creating instance of bean 'org.springframework.context.annotation.internalConfigurationAnnotationProcessor'
21:41:13,294 DEBUG tListableBeanFactory| Eagerly caching bean 'org.springframework.context.annotation.internalConfigurationAnnotationProcessor' to allow for resolving potential circular references
21:41:13,310 DEBUG tListableBeanFactory| Finished creating instance of bean 'org.springframework.context.annotation.internalConfigurationAnnotationProcessor'
21:41:13,473 DEBUG rcesPropertyResolver| Could not find key 'systemProperties['citrus.spring.application.context']?:classpath*:citrus-context.xml' in any property source
21:41:13,474 DEBUG rcesPropertyResolver| Could not find key 'systemProperties['citrus.spring.application.context']?' in any property source
21:41:13,495 DEBUG        citrus.Citrus| Loading Citrus application properties
21:41:13,496 DEBUG        citrus.Citrus| Setting application property citrus.spring.java.config=com.citrus.demo.citrustest.EndpointConfig
21:41:13,524 DEBUG BeanDefinitionReader| Registered bean definition for imported class 'com.consol.citrus.functions.FunctionConfig'
21:41:13,526 DEBUG BeanDefinitionReader| Registering bean definition for @Bean method com.consol.citrus.functions.FunctionConfig.functionRegistry()
21:41:13,526 DEBUG BeanDefinitionReader| Registering bean definition for @Bean method com.consol.citrus.functions.FunctionConfig.environmentPropertyFunction()
21:41:13,526 DEBUG BeanDefinitionReader| Registering bean definition for @Bean method com.consol.citrus.functions.FunctionConfig.citrusFunctionLibrary()
21:41:13,529 DEBUG BeanDefinitionReader| Registered bean definition for imported class 'com.consol.citrus.validation.matcher.ValidationMatcherConfig'
21:41:13,530 DEBUG BeanDefinitionReader| Registering bean definition for @Bean method com.consol.citrus.validation.matcher.ValidationMatcherConfig.matchesPath()
21:41:13,531 DEBUG BeanDefinitionReader| Registering bean definition for @Bean method com.consol.citrus.validation.matcher.ValidationMatcherConfig.hamcrestValidationMatcher()
21:41:13,532 DEBUG BeanDefinitionReader| Registering bean definition for @Bean method com.consol.citrus.validation.matcher.ValidationMatcherConfig.validationMatcherRegistry()
21:41:13,532 DEBUG BeanDefinitionReader| Registering bean definition for @Bean method com.consol.citrus.validation.matcher.ValidationMatcherConfig.xmlValidationMatcher()
21:41:13,563 DEBUG BeanDefinitionReader| Registering bean definition for @Bean method com.consol.citrus.validation.matcher.ValidationMatcherConfig.citrusValidationMatcherLibrary()
21:41:13,563 DEBUG BeanDefinitionReader| Registered bean definition for imported class 'com.consol.citrus.validation.MessageValidatorConfig'
21:41:13,564 DEBUG BeanDefinitionReader| Registering bean definition for @Bean method com.consol.citrus.validation.MessageValidatorConfig.defaultXmlMessageValidator()
21:41:13,565 DEBUG BeanDefinitionReader| Registering bean definition for @Bean method com.consol.citrus.validation.MessageValidatorConfig.defaultMessageHeaderValidator()
21:41:13,565 DEBUG BeanDefinitionReader| Registering bean definition for @Bean method com.consol.citrus.validation.MessageValidatorConfig.defaultXpathMessageValidator()
21:41:13,566 DEBUG BeanDefinitionReader| Registering bean definition for @Bean method com.consol.citrus.validation.MessageValidatorConfig.defaultJsonMessageValidator()
21:41:13,566 DEBUG BeanDefinitionReader| Registering bean definition for @Bean method com.consol.citrus.validation.MessageValidatorConfig.defaultJsonPathMessageValidator()
21:41:13,567 DEBUG BeanDefinitionReader| Registering bean definition for @Bean method com.consol.citrus.validation.MessageValidatorConfig.defaultPlaintextMessageValidator()
21:41:13,568 DEBUG BeanDefinitionReader| Registering bean definition for @Bean method com.consol.citrus.validation.MessageValidatorConfig.defaultBinaryMessageValidator()
21:41:13,572 DEBUG BeanDefinitionReader| Registering bean definition for @Bean method com.consol.citrus.validation.MessageValidatorConfig.defaultBinaryBase64MessageValidator()
21:41:13,573 DEBUG BeanDefinitionReader| Registering bean definition for @Bean method com.consol.citrus.validation.MessageValidatorConfig.defaultGzipBinaryBase64MessageValidator()
21:41:13,573 DEBUG BeanDefinitionReader| Registering bean definition for @Bean method com.consol.citrus.validation.MessageValidatorConfig.defaultXhtmlMessageValidator()
21:41:13,574 DEBUG BeanDefinitionReader| Registering bean definition for @Bean method com.consol.citrus.validation.MessageValidatorConfig.defaultXhtmlXpathMessageValidator()
21:41:13,575 DEBUG BeanDefinitionReader| Registering bean definition for @Bean method com.consol.citrus.validation.MessageValidatorConfig.defaultGroovyXmlMessageValidator()
21:41:13,575 DEBUG BeanDefinitionReader| Registering bean definition for @Bean method com.consol.citrus.validation.MessageValidatorConfig.defaultGroovyJsonMessageValidator()
21:41:13,577 DEBUG BeanDefinitionReader| Registering bean definition for @Bean method com.consol.citrus.validation.MessageValidatorConfig.defaultGroovyTextMessageValidator()
21:41:13,577 DEBUG BeanDefinitionReader| Registering bean definition for @Bean method com.consol.citrus.validation.MessageValidatorConfig.citrusMessageValidatorRegistry()
21:41:13,578 DEBUG BeanDefinitionReader| Registering bean definition for @Bean method com.consol.citrus.config.CitrusSpringConfig.testContextFactory()
21:41:13,578 DEBUG BeanDefinitionReader| Registering bean definition for @Bean method com.consol.citrus.config.CitrusSpringConfig.endpointFactory()
21:41:13,580 DEBUG BeanDefinitionReader| Registering bean definition for @Bean method com.consol.citrus.config.CitrusSpringConfig.referenceResolver()
21:41:13,608 DEBUG BeanDefinitionReader| Registering bean definition for @Bean method com.consol.citrus.config.CitrusSpringConfig.globalMessageConstructionInterceptors()
21:41:13,609 DEBUG BeanDefinitionReader| Registering bean definition for @Bean method com.consol.citrus.config.CitrusSpringConfig.loggingReporter()
21:41:13,609 DEBUG BeanDefinitionReader| Registering bean definition for @Bean method com.consol.citrus.config.CitrusSpringConfig.htmlReporter()
21:41:13,610 DEBUG BeanDefinitionReader| Registering bean definition for @Bean method com.consol.citrus.config.CitrusSpringConfig.junitReporter()
21:41:13,610 DEBUG BeanDefinitionReader| Registering bean definition for @Bean method com.consol.citrus.config.CitrusSpringConfig.testListeners()
21:41:13,611 DEBUG BeanDefinitionReader| Registering bean definition for @Bean method com.consol.citrus.config.CitrusSpringConfig.testActionListeners()
21:41:13,612 DEBUG BeanDefinitionReader| Registering bean definition for @Bean method com.consol.citrus.config.CitrusSpringConfig.testSuiteListeners()
21:41:13,613 DEBUG BeanDefinitionReader| Registering bean definition for @Bean method com.consol.citrus.config.CitrusSpringConfig.messageListeners()
21:41:13,613 DEBUG BeanDefinitionReader| Registering bean definition for @Bean method com.consol.citrus.config.CitrusSpringConfig.failureStackTestListener()
21:41:13,627 DEBUG .StandardEnvironment| Adding PropertySource 'systemProperties' with lowest search precedence
21:41:13,627 DEBUG .StandardEnvironment| Adding PropertySource 'systemEnvironment' with lowest search precedence
21:41:13,627 DEBUG .StandardEnvironment| Initialized StandardEnvironment with PropertySources [MapPropertySource@1292040526 {name='systemProperties', properties={java.runtime.name=Java(TM) SE Runtime Environment, sun.boot.library.path=C:\Program Files\Java\jdk1.8.0_151\jre\bin, java.vm.version=25.151-b12, java.vm.vendor=Oracle Corporation, java.vendor.url=http://java.oracle.com/, path.separator=;, java.vm.name=Java HotSpot(TM) 64-Bit Server VM, file.encoding.pkg=sun.io, user.country=US, user.script=, sun.java.launcher=SUN_STANDARD, sun.os.patch.level=, java.vm.specification.name=Java Virtual Machine Specification, user.dir=C:\Users\n0214816\git\citrustest\target, java.runtime.version=1.8.0_151-b12, basedir=C:\Users\n0214816\git\citrustest, java.awt.graphicsenv=sun.awt.Win32GraphicsEnvironment, java.endorsed.dirs=C:\Program Files\Java\jdk1.8.0_151\jre\lib\endorsed, os.arch=amd64, surefire.real.class.path=C:\Users\n0214816\AppData\Local\Temp\surefire8119141238020205932\surefirebooter4747261668504198089.jar, java.io.tmpdir=C:\Users\n0214816\AppData\Local\Temp\, line.separator=
, java.vm.specification.vendor=Oracle Corporation, user.variant=, os.name=Windows 10, sun.jnu.encoding=Cp1252, java.library.path=C:\Program Files\Java\jdk1.8.0_151\jre\bin;C:\WINDOWS\Sun\Java\bin;C:\WINDOWS\system32;C:\WINDOWS;C:/Program Files/Java/jre1.8.0_151/bin/server;C:/Program Files/Java/jre1.8.0_151/bin;C:/Program Files/Java/jre1.8.0_151/lib/amd64;C:\ProgramData\Oracle\Java\javapath;C:\Program Files (x86)\RSA SecurID Token Common;C:\WINDOWS\system32;C:\WINDOWS;C:\WINDOWS\System32\Wbem;C:\WINDOWS\System32\WindowsPowerShell\v1.0\;C:\Program Files\Citrix\System32\;C:\Program Files\Citrix\ICAService\;C:\Program Files\Java\jdk1.8.0_151\bin;C:\Program Files\nodejs\;C:\Program Files\TortoiseSVN\bin;C:\Program Files\Apache\Maven\bin;C:\Program Files (x86)\Microsoft SQL Server\Client SDK\ODBC\130\Tools\Binn\;C:\Program Files (x86)\Microsoft SQL Server\140\Tools\Binn\;C:\Program Files (x86)\Microsoft SQL Server\140\DTS\Binn\;C:\Program Files (x86)\Microsoft SQL Server\140\Tools\Binn\ManagementStudio\;C:\Program Files (x86)\HP\Unified Functional Testing\bin;C:\Program Files\BMC Software\BladeLogic\8.6\NSH\bin;C:\Program Files\Citrix\Virtual Desktop Agent\;C:\Program Files\BMC Software\BladeLogic\8.9\NSH\bin;C:\Users\n0214816\AppData\Local\Microsoft\WindowsApps;C:\Program Files\Java\jdk1.8.0_151\bin;C:\Users\n0214816\AppData\Roaming\npm;C:\Program Files\Apache\Maven\bin;;C:\Users\n0214816\Downloads\sts-bundle\sts-3.9.7.RELEASE;;., surefire.test.class.path=C:\Users\n0214816\git\citrustest\target\test-classes;C:\Users\n0214816\git\citrustest\target\classes;C:\Users\n0214816\.m2\repository\org\slf4j\jcl-over-slf4j\1.7.25\jcl-over-slf4j-1.7.25.jar;C:\Users\n0214816\.m2\repository\org\slf4j\slf4j-api\1.7.25\slf4j-api-1.7.25.jar;C:\Users\n0214816\.m2\repository\org\slf4j\slf4j-log4j12\1.7.25\slf4j-log4j12-1.7.25.jar;C:\Users\n0214816\.m2\repository\log4j\log4j\1.2.17\log4j-1.2.17.jar;C:\Users\n0214816\.m2\repository\commons-logging\commons-logging\1.2\commons-logging-1.2.jar;C:\Users\n0214816\.m2\repository\org\testng\testng\6.14.3\testng-6.14.3.jar;C:\Users\n0214816\.m2\repository\com\beust\jcommander\1.72\jcommander-1.72.jar;C:\Users\n0214816\.m2\repository\org\apache-extras\beanshell\bsh\2.0b6\bsh-2.0b6.jar;C:\Users\n0214816\.m2\repository\com\consol\citrus\citrus-core\2.8.0\citrus-core-2.8.0.jar;C:\Users\n0214816\.m2\repository\com\consol\citrus\model\citrus-model-core\2.8.0\citrus-model-core-2.8.0.jar;C:\Users\n0214816\.m2\repository\javax\xml\bind\jaxb-api\2.3.0\jaxb-api-2.3.0.jar;C:\Users\n0214816\.m2\repository\com\sun\xml\bind\jaxb-core\2.3.0\jaxb-core-2.3.0.jar;C:\Users\n0214816\.m2\repository\com\sun\xml\bind\jaxb-impl\2.3.0\jaxb-impl-2.3.0.jar;C:\Users\n0214816\.m2\repository\commons-cli\commons-cli\1.4\commons-cli-1.4.jar;C:\Users\n0214816\.m2\repository\commons-codec\commons-codec\1.11\commons-codec-1.11.jar;C:\Users\n0214816\.m2\repository\commons-lang\commons-lang\2.6\commons-lang-2.6.jar;C:\Users\n0214816\.m2\repository\xalan\xalan\2.7.2\xalan-2.7.2.jar;C:\Users\n0214816\.m2\repository\xalan\serializer\2.7.2\serializer-2.7.2.jar;C:\Users\n0214816\.m2\repository\xerces\xercesImpl\2.12.0\xercesImpl-2.12.0.jar;C:\Users\n0214816\.m2\repository\xml-apis\xml-apis\1.4.01\xml-apis-1.4.01.jar;C:\Users\n0214816\.m2\repository\wsdl4j\wsdl4j\1.6.3\wsdl4j-1.6.3.jar;C:\Users\n0214816\.m2\repository\net\sf\jtidy\jtidy\r938\jtidy-r938.jar;C:\Users\n0214816\.m2\repository\org\hamcrest\hamcrest-core\1.3\hamcrest-core-1.3.jar;C:\Users\n0214816\.m2\repository\org\hamcrest\hamcrest-library\1.3\hamcrest-library-1.3.jar;C:\Users\n0214816\.m2\repository\org\codehaus\groovy\groovy\2.5.0\groovy-2.5.0.jar;C:\Users\n0214816\.m2\repository\org\codehaus\groovy\groovy-xml\2.5.0\groovy-xml-2.5.0.jar;C:\Users\n0214816\.m2\repository\org\codehaus\groovy\groovy-json\2.5.0\groovy-json-2.5.0.jar;C:\Users\n0214816\.m2\repository\org\codehaus\groovy\groovy-jsr223\2.5.0\groovy-jsr223-2.5.0.jar;C:\Users\n0214816\.m2\repository\commons-logging\commons-logging-api\1.1\commons-logging-api-1.1.jar;C:\Users\n0214816\.m2\repository\com\fasterxml\jackson\core\jackson-core\2.9.8\jackson-core-2.9.8.jar;C:\Users\n0214816\.m2\repository\com\fasterxml\jackson\core\jackson-annotations\2.9.8\jackson-annotations-2.9.8.jar;C:\Users\n0214816\.m2\repository\com\fasterxml\jackson\core\jackson-databind\2.9.8\jackson-databind-2.9.8.jar;C:\Users\n0214816\.m2\repository\net\minidev\json-smart\2.3\json-smart-2.3.jar;C:\Users\n0214816\.m2\repository\net\minidev\accessors-smart\1.2\accessors-smart-1.2.jar;C:\Users\n0214816\.m2\repository\org\ow2\asm\asm\5.0.4\asm-5.0.4.jar;C:\Users\n0214816\.m2\repository\com\jayway\jsonpath\json-path\2.4.0\json-path-2.4.0.jar;C:\Users\n0214816\.m2\repository\com\github\java-json-tools\json-schema-validator\2.2.10\json-schema-validator-2.2.10.jar;C:\Users\n0214816\.m2\repository\com\github\java-json-tools\json-schema-core\1.2.10\json-schema-core-1.2.10.jar;C:\Users\n0214816\.m2\repository\com\github\java-json-tools\jackson-coreutils\1.9\jackson-coreutils-1.9.jar;C:\Users\n0214816\.m2\repository\com\google\guava\guava\16.0.1\guava-16.0.1.jar;C:\Users\n0214816\.m2\repository\com\github\fge\msg-simple\1.1\msg-simple-1.1.jar;C:\Users\n0214816\.m2\repository\com\github\fge\btf\1.2\btf-1.2.jar;C:\Users\n0214816\.m2\repository\com\github\fge\uri-template\0.9\uri-template-0.9.jar;C:\Users\n0214816\.m2\repository\org\mozilla\rhino\1.7.7.1\rhino-1.7.7.1.jar;C:\Users\n0214816\.m2\repository\javax\mail\mailapi\1.4.3\mailapi-1.4.3.jar;C:\Users\n0214816\.m2\repository\javax\activation\activation\1.1\activation-1.1.jar;C:\Users\n0214816\.m2\repository\joda-time\joda-time\2.9.7\joda-time-2.9.7.jar;C:\Users\n0214816\.m2\repository\com\googlecode\libphonenumber\libphonenumber\8.0.0\libphonenumber-8.0.0.jar;C:\Users\n0214816\.m2\repository\com\google\code\findbugs\jsr305\3.0.1\jsr305-3.0.1.jar;C:\Users\n0214816\.m2\repository\net\sf\jopt-simple\jopt-simple\5.0.3\jopt-simple-5.0.3.jar;C:\Users\n0214816\.m2\repository\org\springframework\spring-core\5.0.8.RELEASE\spring-core-5.0.8.RELEASE.jar;C:\Users\n0214816\.m2\repository\org\springframework\spring-jcl\5.0.8.RELEASE\spring-jcl-5.0.8.RELEASE.jar;C:\Users\n0214816\.m2\repository\org\springframework\spring-context\5.0.8.RELEASE\spring-context-5.0.8.RELEASE.jar;C:\Users\n0214816\.m2\repository\org\springframework\spring-aop\5.0.8.RELEASE\spring-aop-5.0.8.RELEASE.jar;C:\Users\n0214816\.m2\repository\org\springframework\spring-beans\5.0.8.RELEASE\spring-beans-5.0.8.RELEASE.jar;C:\Users\n0214816\.m2\repository\org\springframework\spring-expression\5.0.8.RELEASE\spring-expression-5.0.8.RELEASE.jar;C:\Users\n0214816\.m2\repository\org\springframework\spring-jdbc\5.0.8.RELEASE\spring-jdbc-5.0.8.RELEASE.jar;C:\Users\n0214816\.m2\repository\org\springframework\spring-tx\5.0.8.RELEASE\spring-tx-5.0.8.RELEASE.jar;C:\Users\n0214816\.m2\repository\org\springframework\integration\spring-integration-core\5.0.6.RELEASE\spring-integration-core-5.0.6.RELEASE.jar;C:\Users\n0214816\.m2\repository\org\springframework\spring-messaging\5.0.7.RELEASE\spring-messaging-5.0.7.RELEASE.jar;C:\Users\n0214816\.m2\repository\org\springframework\retry\spring-retry\1.2.2.RELEASE\spring-retry-1.2.2.RELEASE.jar;C:\Users\n0214816\.m2\repository\io\projectreactor\reactor-core\3.1.6.RELEASE\reactor-core-3.1.6.RELEASE.jar;C:\Users\n0214816\.m2\repository\org\reactivestreams\reactive-streams\1.0.2\reactive-streams-1.0.2.jar;C:\Users\n0214816\.m2\repository\org\springframework\ws\spring-xml\3.0.1.RELEASE\spring-xml-3.0.1.RELEASE.jar;C:\Users\n0214816\.m2\repository\commons-io\commons-io\2.5\commons-io-2.5.jar;C:\Users\n0214816\.m2\repository\org\springframework\spring-oxm\5.0.8.RELEASE\spring-oxm-5.0.8.RELEASE.jar;C:\Users\n0214816\.m2\repository\org\springframework\spring-test\5.0.8.RELEASE\spring-test-5.0.8.RELEASE.jar;C:\Users\n0214816\.m2\repository\org\javatuples\javatuples\1.2\javatuples-1.2.jar;C:\Users\n0214816\.m2\repository\com\consol\citrus\citrus-java-dsl\2.8.0\citrus-java-dsl-2.8.0.jar;C:\Users\n0214816\.m2\repository\com\consol\citrus\citrus-http\2.8.0\citrus-http-2.8.0.jar;C:\Users\n0214816\.m2\repository\com\consol\citrus\model\citrus-model-http\2.8.0\citrus-model-http-2.8.0.jar;C:\Users\n0214816\.m2\repository\org\springframework\spring-web\5.0.8.RELEASE\spring-web-5.0.8.RELEASE.jar;C:\Users\n0214816\.m2\repository\org\springframework\spring-webmvc\5.0.8.RELEASE\spring-webmvc-5.0.8.RELEASE.jar;C:\Users\n0214816\.m2\repository\org\springframework\integration\spring-integration-http\5.0.6.RELEASE\spring-integration-http-5.0.6.RELEASE.jar;C:\Users\n0214816\.m2\repository\org\apache\httpcomponents\httpclient\4.5.5\httpclient-4.5.5.jar;C:\Users\n0214816\.m2\repository\org\apache\httpcomponents\httpcore\4.4.9\httpcore-4.4.9.jar;C:\Users\n0214816\.m2\repository\org\eclipse\jetty\jetty-server\9.4.11.v20180605\jetty-server-9.4.11.v20180605.jar;C:\Users\n0214816\.m2\repository\javax\servlet\javax.servlet-api\3.1.0\javax.servlet-api-3.1.0.jar;C:\Users\n0214816\.m2\repository\org\eclipse\jetty\jetty-http\9.4.11.v20180605\jetty-http-9.4.11.v20180605.jar;C:\Users\n0214816\.m2\repository\org\eclipse\jetty\jetty-util\9.4.11.v20180605\jetty-util-9.4.11.v20180605.jar;C:\Users\n0214816\.m2\repository\org\eclipse\jetty\jetty-io\9.4.11.v20180605\jetty-io-9.4.11.v20180605.jar;C:\Users\n0214816\.m2\repository\org\eclipse\jetty\jetty-servlet\9.4.11.v20180605\jetty-servlet-9.4.11.v20180605.jar;C:\Users\n0214816\.m2\repository\org\eclipse\jetty\jetty-security\9.4.11.v20180605\jetty-security-9.4.11.v20180605.jar;C:\Users\n0214816\.m2\repository\junit\junit\3.8.1\junit-3.8.1.jar;C:\Users\n0214816\.m2\repository\org\apache\maven\surefire\surefire-testng-utils\2.20.1\surefire-testng-utils-2.20.1.jar;C:\Users\n0214816\.m2\repository\org\apache\maven\surefire\surefire-grouper\2.20.1\surefire-grouper-2.20.1.jar;, java.specification.name=Java Platform API Specification, java.class.version=52.0, sun.management.compiler=HotSpot 64-Bit Tiered Compilers, citrus.spring.java.config=com.citrus.demo.citrustest.EndpointConfig, os.version=10.0, user.home=C:\Users\n0214816, user.timezone=America/New_York, java.awt.printerjob=sun.awt.windows.WPrinterJob, file.encoding=Cp1252, java.specification.version=1.8, java.class.path=C:\Users\n0214816\git\citrustest\target\test-classes;C:\Users\n0214816\git\citrustest\target\classes;C:\Users\n0214816\.m2\repository\org\slf4j\jcl-over-slf4j\1.7.25\jcl-over-slf4j-1.7.25.jar;C:\Users\n0214816\.m2\repository\org\slf4j\slf4j-api\1.7.25\slf4j-api-1.7.25.jar;C:\Users\n0214816\.m2\repository\org\slf4j\slf4j-log4j12\1.7.25\slf4j-log4j12-1.7.25.jar;C:\Users\n0214816\.m2\repository\log4j\log4j\1.2.17\log4j-1.2.17.jar;C:\Users\n0214816\.m2\repository\commons-logging\commons-logging\1.2\commons-logging-1.2.jar;C:\Users\n0214816\.m2\repository\org\testng\testng\6.14.3\testng-6.14.3.jar;C:\Users\n0214816\.m2\repository\com\beust\jcommander\1.72\jcommander-1.72.jar;C:\Users\n0214816\.m2\repository\org\apache-extras\beanshell\bsh\2.0b6\bsh-2.0b6.jar;C:\Users\n0214816\.m2\repository\com\consol\citrus\citrus-core\2.8.0\citrus-core-2.8.0.jar;C:\Users\n0214816\.m2\repository\com\consol\citrus\model\citrus-model-core\2.8.0\citrus-model-core-2.8.0.jar;C:\Users\n0214816\.m2\repository\javax\xml\bind\jaxb-api\2.3.0\jaxb-api-2.3.0.jar;C:\Users\n0214816\.m2\repository\com\sun\xml\bind\jaxb-core\2.3.0\jaxb-core-2.3.0.jar;C:\Users\n0214816\.m2\repository\com\sun\xml\bind\jaxb-impl\2.3.0\jaxb-impl-2.3.0.jar;C:\Users\n0214816\.m2\repository\commons-cli\commons-cli\1.4\commons-cli-1.4.jar;C:\Users\n0214816\.m2\repository\commons-codec\commons-codec\1.11\commons-codec-1.11.jar;C:\Users\n0214816\.m2\repository\commons-lang\commons-lang\2.6\commons-lang-2.6.jar;C:\Users\n0214816\.m2\repository\xalan\xalan\2.7.2\xalan-2.7.2.jar;C:\Users\n0214816\.m2\repository\xalan\serializer\2.7.2\serializer-2.7.2.jar;C:\Users\n0214816\.m2\repository\xerces\xercesImpl\2.12.0\xercesImpl-2.12.0.jar;C:\Users\n0214816\.m2\repository\xml-apis\xml-apis\1.4.01\xml-apis-1.4.01.jar;C:\Users\n0214816\.m2\repository\wsdl4j\wsdl4j\1.6.3\wsdl4j-1.6.3.jar;C:\Users\n0214816\.m2\repository\net\sf\jtidy\jtidy\r938\jtidy-r938.jar;C:\Users\n0214816\.m2\repository\org\hamcrest\hamcrest-core\1.3\hamcrest-core-1.3.jar;C:\Users\n0214816\.m2\repository\org\hamcrest\hamcrest-library\1.3\hamcrest-library-1.3.jar;C:\Users\n0214816\.m2\repository\org\codehaus\groovy\groovy\2.5.0\groovy-2.5.0.jar;C:\Users\n0214816\.m2\repository\org\codehaus\groovy\groovy-xml\2.5.0\groovy-xml-2.5.0.jar;C:\Users\n0214816\.m2\repository\org\codehaus\groovy\groovy-json\2.5.0\groovy-json-2.5.0.jar;C:\Users\n0214816\.m2\repository\org\codehaus\groovy\groovy-jsr223\2.5.0\groovy-jsr223-2.5.0.jar;C:\Users\n0214816\.m2\repository\commons-logging\commons-logging-api\1.1\commons-logging-api-1.1.jar;C:\Users\n0214816\.m2\repository\com\fasterxml\jackson\core\jackson-core\2.9.8\jackson-core-2.9.8.jar;C:\Users\n0214816\.m2\repository\com\fasterxml\jackson\core\jackson-annotations\2.9.8\jackson-annotations-2.9.8.jar;C:\Users\n0214816\.m2\repository\com\fasterxml\jackson\core\jackson-databind\2.9.8\jackson-databind-2.9.8.jar;C:\Users\n0214816\.m2\repository\net\minidev\json-smart\2.3\json-smart-2.3.jar;C:\Users\n0214816\.m2\repository\net\minidev\accessors-smart\1.2\accessors-smart-1.2.jar;C:\Users\n0214816\.m2\repository\org\ow2\asm\asm\5.0.4\asm-5.0.4.jar;C:\Users\n0214816\.m2\repository\com\jayway\jsonpath\json-path\2.4.0\json-path-2.4.0.jar;C:\Users\n0214816\.m2\repository\com\github\java-json-tools\json-schema-validator\2.2.10\json-schema-validator-2.2.10.jar;C:\Users\n0214816\.m2\repository\com\github\java-json-tools\json-schema-core\1.2.10\json-schema-core-1.2.10.jar;C:\Users\n0214816\.m2\repository\com\github\java-json-tools\jackson-coreutils\1.9\jackson-coreutils-1.9.jar;C:\Users\n0214816\.m2\repository\com\google\guava\guava\16.0.1\guava-16.0.1.jar;C:\Users\n0214816\.m2\repository\com\github\fge\msg-simple\1.1\msg-simple-1.1.jar;C:\Users\n0214816\.m2\repository\com\github\fge\btf\1.2\btf-1.2.jar;C:\Users\n0214816\.m2\repository\com\github\fge\uri-template\0.9\uri-template-0.9.jar;C:\Users\n0214816\.m2\repository\org\mozilla\rhino\1.7.7.1\rhino-1.7.7.1.jar;C:\Users\n0214816\.m2\repository\javax\mail\mailapi\1.4.3\mailapi-1.4.3.jar;C:\Users\n0214816\.m2\repository\javax\activation\activation\1.1\activation-1.1.jar;C:\Users\n0214816\.m2\repository\joda-time\joda-time\2.9.7\joda-time-2.9.7.jar;C:\Users\n0214816\.m2\repository\com\googlecode\libphonenumber\libphonenumber\8.0.0\libphonenumber-8.0.0.jar;C:\Users\n0214816\.m2\repository\com\google\code\findbugs\jsr305\3.0.1\jsr305-3.0.1.jar;C:\Users\n0214816\.m2\repository\net\sf\jopt-simple\jopt-simple\5.0.3\jopt-simple-5.0.3.jar;C:\Users\n0214816\.m2\repository\org\springframework\spring-core\5.0.8.RELEASE\spring-core-5.0.8.RELEASE.jar;C:\Users\n0214816\.m2\repository\org\springframework\spring-jcl\5.0.8.RELEASE\spring-jcl-5.0.8.RELEASE.jar;C:\Users\n0214816\.m2\repository\org\springframework\spring-context\5.0.8.RELEASE\spring-context-5.0.8.RELEASE.jar;C:\Users\n0214816\.m2\repository\org\springframework\spring-aop\5.0.8.RELEASE\spring-aop-5.0.8.RELEASE.jar;C:\Users\n0214816\.m2\repository\org\springframework\spring-beans\5.0.8.RELEASE\spring-beans-5.0.8.RELEASE.jar;C:\Users\n0214816\.m2\repository\org\springframework\spring-expression\5.0.8.RELEASE\spring-expression-5.0.8.RELEASE.jar;C:\Users\n0214816\.m2\repository\org\springframework\spring-jdbc\5.0.8.RELEASE\spring-jdbc-5.0.8.RELEASE.jar;C:\Users\n0214816\.m2\repository\org\springframework\spring-tx\5.0.8.RELEASE\spring-tx-5.0.8.RELEASE.jar;C:\Users\n0214816\.m2\repository\org\springframework\integration\spring-integration-core\5.0.6.RELEASE\spring-integration-core-5.0.6.RELEASE.jar;C:\Users\n0214816\.m2\repository\org\springframework\spring-messaging\5.0.7.RELEASE\spring-messaging-5.0.7.RELEASE.jar;C:\Users\n0214816\.m2\repository\org\springframework\retry\spring-retry\1.2.2.RELEASE\spring-retry-1.2.2.RELEASE.jar;C:\Users\n0214816\.m2\repository\io\projectreactor\reactor-core\3.1.6.RELEASE\reactor-core-3.1.6.RELEASE.jar;C:\Users\n0214816\.m2\repository\org\reactivestreams\reactive-streams\1.0.2\reactive-streams-1.0.2.jar;C:\Users\n0214816\.m2\repository\org\springframework\ws\spring-xml\3.0.1.RELEASE\spring-xml-3.0.1.RELEASE.jar;C:\Users\n0214816\.m2\repository\commons-io\commons-io\2.5\commons-io-2.5.jar;C:\Users\n0214816\.m2\repository\org\springframework\spring-oxm\5.0.8.RELEASE\spring-oxm-5.0.8.RELEASE.jar;C:\Users\n0214816\.m2\repository\org\springframework\spring-test\5.0.8.RELEASE\spring-test-5.0.8.RELEASE.jar;C:\Users\n0214816\.m2\repository\org\javatuples\javatuples\1.2\javatuples-1.2.jar;C:\Users\n0214816\.m2\repository\com\consol\citrus\citrus-java-dsl\2.8.0\citrus-java-dsl-2.8.0.jar;C:\Users\n0214816\.m2\repository\com\consol\citrus\citrus-http\2.8.0\citrus-http-2.8.0.jar;C:\Users\n0214816\.m2\repository\com\consol\citrus\model\citrus-model-http\2.8.0\citrus-model-http-2.8.0.jar;C:\Users\n0214816\.m2\repository\org\springframework\spring-web\5.0.8.RELEASE\spring-web-5.0.8.RELEASE.jar;C:\Users\n0214816\.m2\repository\org\springframework\spring-webmvc\5.0.8.RELEASE\spring-webmvc-5.0.8.RELEASE.jar;C:\Users\n0214816\.m2\repository\org\springframework\integration\spring-integration-http\5.0.6.RELEASE\spring-integration-http-5.0.6.RELEASE.jar;C:\Users\n0214816\.m2\repository\org\apache\httpcomponents\httpclient\4.5.5\httpclient-4.5.5.jar;C:\Users\n0214816\.m2\repository\org\apache\httpcomponents\httpcore\4.4.9\httpcore-4.4.9.jar;C:\Users\n0214816\.m2\repository\org\eclipse\jetty\jetty-server\9.4.11.v20180605\jetty-server-9.4.11.v20180605.jar;C:\Users\n0214816\.m2\repository\javax\servlet\javax.servlet-api\3.1.0\javax.servlet-api-3.1.0.jar;C:\Users\n0214816\.m2\repository\org\eclipse\jetty\jetty-http\9.4.11.v20180605\jetty-http-9.4.11.v20180605.jar;C:\Users\n0214816\.m2\repository\org\eclipse\jetty\jetty-util\9.4.11.v20180605\jetty-util-9.4.11.v20180605.jar;C:\Users\n0214816\.m2\repository\org\eclipse\jetty\jetty-io\9.4.11.v20180605\jetty-io-9.4.11.v20180605.jar;C:\Users\n0214816\.m2\repository\org\eclipse\jetty\jetty-servlet\9.4.11.v20180605\jetty-servlet-9.4.11.v20180605.jar;C:\Users\n0214816\.m2\repository\org\eclipse\jetty\jetty-security\9.4.11.v20180605\jetty-security-9.4.11.v20180605.jar;C:\Users\n0214816\.m2\repository\junit\junit\3.8.1\junit-3.8.1.jar;C:\Users\n0214816\.m2\repository\org\apache\maven\surefire\surefire-testng-utils\2.20.1\surefire-testng-utils-2.20.1.jar;C:\Users\n0214816\.m2\repository\org\apache\maven\surefire\surefire-grouper\2.20.1\surefire-grouper-2.20.1.jar;, user.name=n0214816, java.vm.specification.version=1.8, sun.java.command=C:\Users\n0214816\AppData\Local\Temp\surefire8119141238020205932\surefirebooter4747261668504198089.jar C:\Users\n0214816\AppData\Local\Temp\surefire8119141238020205932 2019-05-11T21-41-08_616-jvmRun1 surefire5269138772905800068tmp surefire_0363451529065039852tmp, java.home=C:\Program Files\Java\jdk1.8.0_151\jre, sun.arch.data.model=64, user.language=en, java.specification.vendor=Oracle Corporation, awt.toolkit=sun.awt.windows.WToolkit, java.vm.info=mixed mode, java.version=1.8.0_151, java.ext.dirs=C:\Program Files\Java\jdk1.8.0_151\jre\lib\ext;C:\WINDOWS\Sun\Java\lib\ext, sun.boot.class.path=C:\Program Files\Java\jdk1.8.0_151\jre\lib\resources.jar;C:\Program Files\Java\jdk1.8.0_151\jre\lib\rt.jar;C:\Program Files\Java\jdk1.8.0_151\jre\lib\sunrsasign.jar;C:\Program Files\Java\jdk1.8.0_151\jre\lib\jsse.jar;C:\Program Files\Java\jdk1.8.0_151\jre\lib\jce.jar;C:\Program Files\Java\jdk1.8.0_151\jre\lib\charsets.jar;C:\Program Files\Java\jdk1.8.0_151\jre\lib\jfr.jar;C:\Program Files\Java\jdk1.8.0_151\jre\classes, java.vendor=Oracle Corporation, localRepository=C:\Users\n0214816\.m2\repository, file.separator=\, java.vendor.url.bug=http://bugreport.sun.com/bugreport/, sun.io.unicode.encoding=UnicodeLittle, sun.cpu.endian=little, sun.desktop=windows, sun.cpu.isalist=amd64}}, SystemEnvironmentPropertySource@726181440 {name='systemEnvironment', properties={PATH=C:/Program Files/Java/jre1.8.0_151/bin/server;C:/Program Files/Java/jre1.8.0_151/bin;C:/Program Files/Java/jre1.8.0_151/lib/amd64;C:\ProgramData\Oracle\Java\javapath;C:\Program Files (x86)\RSA SecurID Token Common;C:\WINDOWS\system32;C:\WINDOWS;C:\WINDOWS\System32\Wbem;C:\WINDOWS\System32\WindowsPowerShell\v1.0\;C:\Program Files\Citrix\System32\;C:\Program Files\Citrix\ICAService\;C:\Program Files\Java\jdk1.8.0_151\bin;C:\Program Files\nodejs\;C:\Program Files\TortoiseSVN\bin;C:\Program Files\Apache\Maven\bin;C:\Program Files (x86)\Microsoft SQL Server\Client SDK\ODBC\130\Tools\Binn\;C:\Program Files (x86)\Microsoft SQL Server\140\Tools\Binn\;C:\Program Files (x86)\Microsoft SQL Server\140\DTS\Binn\;C:\Program Files (x86)\Microsoft SQL Server\140\Tools\Binn\ManagementStudio\;C:\Program Files (x86)\HP\Unified Functional Testing\bin;C:\Program Files\BMC Software\BladeLogic\8.6\NSH\bin;C:\Program Files\Citrix\Virtual Desktop Agent\;C:\Program Files\BMC Software\BladeLogic\8.9\NSH\bin;C:\Users\n0214816\AppData\Local\Microsoft\WindowsApps;C:\Program Files\Java\jdk1.8.0_151\bin;C:\Users\n0214816\AppData\Roaming\npm;C:\Program Files\Apache\Maven\bin;;C:\Users\n0214816\Downloads\sts-bundle\sts-3.9.7.RELEASE;, USERDOMAIN_ROAMINGPROFILE=LM, LOCALAPPDATA=C:\Users\n0214816\AppData\Local, NO_PROXY=localhost,127.0.0.0,127.0.1.1,127.0.1.1,local.home,localhost:8080,http://localhost,http://localhost:8080 , PROCESSOR_LEVEL=6, SYSTEMDRIVE=C:, COMMONPROGRAMFILES(X86)=C:\Program Files (x86)\Common Files, USERDOMAIN=LM, FPS_BROWSER_APP_PROFILE_STRING=Internet Explorer, LOGONSERVER=\\VMKIP-HLMDC010, PROMPT=$P$G, SESSIONNAME=Console, ALLUSERSPROFILE=C:\ProgramData, PROGRAMFILES(X86)=C:\Program Files (x86), HTTP_PROXY=http://n0214816:Oct@2017@www-proxy.lmig.com:80, PROCESSOR_ARCHITECTURE=AMD64, PROGRAMFILES=C:\Program Files, =C:=C:\Users\n0214816\git\citrustest\target, APPDATA=C:\Users\n0214816\AppData\Roaming, MSJAVA_ENABLE_MONITORS=1, PSMODULEPATH=C:\Program Files\WindowsPowerShell\Modules;C:\WINDOWS\system32\WindowsPowerShell\v1.0\Modules;C:\Program Files\Citrix\Telemetry Service\, CYGWIN=nontsec nodosfilewarning, PROGRAMW6432=C:\Program Files, PROGRAMDATA=C:\ProgramData, SYSTEMROOT=C:\WINDOWS, USERNAME=n0214816, USERDNSDOMAIN=LM.LMIG.COM, FPS_BROWSER_USER_PROFILE_STRING=Default, ONEDRIVE=C:\Users\n0214816\OneDrive, PATHEXT=.COM;.EXE;.BAT;.CMD;.VBS;.VBE;.JS;.JSE;.WSF;.WSH;.MSC, OS=Windows_NT, COMMONPROGRAMW6432=C:\Program Files\Common Files, COMPUTERNAME=VDDK35X-GV8AKKR, COMMONPROGRAMFILES=C:\Program Files\Common Files, COMSPEC=C:\WINDOWS\system32\cmd.exe, PROCESSOR_REVISION=3f00, UATDATA=C:\WINDOWS\CCM\UATData\D9F8C395-CAB8-491d-B8AC-179A1FE1BE77, WINDIR=C:\WINDOWS, HOMEPATH=\Users\n0214816, TEMP=C:\Users\n0214816\AppData\Local\Temp, HOMEDRIVE=C:, PROCESSOR_IDENTIFIER=Intel64 Family 6 Model 63 Stepping 0, GenuineIntel, USERPROFILE=C:\Users\n0214816, CLIENT_INSTALLER_HOME=C:\Program Files\BMC Software\BladeLogic\8.9, TMP=C:\Users\n0214816\AppData\Local\Temp, PUBLIC=C:\Users\Public, NUMBER_OF_PROCESSORS=2, =::=::\}}]
21:41:13,643 DEBUG ourcePatternResolver| Resolved classpath location [citrus-context.xml] to resources []
21:41:13,643 DEBUG BeanDefinitionReader| Loaded 0 bean definitions from location pattern [classpath*:citrus-context.xml]
21:41:13,658 DEBUG BeanDefinitionReader| Registered bean definition for imported class 'com.citrus.demo.citrustest.EndpointConfig'
21:41:13,658 DEBUG BeanDefinitionReader| Registering bean definition for @Bean method com.citrus.demo.citrustest.EndpointConfig.oAuthClient()
21:41:13,658 DEBUG BeanDefinitionReader| Registering bean definition for @Bean method com.citrus.demo.citrustest.EndpointConfig.locationServiceClient()
21:41:13,893 DEBUG urationClassEnhancer| Successfully enhanced com.consol.citrus.config.CitrusSpringConfig; enhanced class name is: com.consol.citrus.config.CitrusSpringConfig$$EnhancerBySpringCGLIB$$2a6e75e8
21:41:13,893 DEBUG onClassPostProcessor| Replacing bean definition 'citrusSpringConfig' existing class 'com.consol.citrus.config.CitrusSpringConfig' with enhanced class 'com.consol.citrus.config.CitrusSpringConfig$$EnhancerBySpringCGLIB$$2a6e75e8'
21:41:13,893 DEBUG urationClassEnhancer| Successfully enhanced com.consol.citrus.functions.FunctionConfig; enhanced class name is: com.consol.citrus.functions.FunctionConfig$$EnhancerBySpringCGLIB$$819095aa
21:41:13,893 DEBUG onClassPostProcessor| Replacing bean definition 'com.consol.citrus.functions.FunctionConfig' existing class 'com.consol.citrus.functions.FunctionConfig' with enhanced class 'com.consol.citrus.functions.FunctionConfig$$EnhancerBySpringCGLIB$$819095aa'
21:41:13,893 DEBUG urationClassEnhancer| Successfully enhanced com.consol.citrus.validation.matcher.ValidationMatcherConfig; enhanced class name is: com.consol.citrus.validation.matcher.ValidationMatcherConfig$$EnhancerBySpringCGLIB$$445b38c7
21:41:13,893 DEBUG onClassPostProcessor| Replacing bean definition 'com.consol.citrus.validation.matcher.ValidationMatcherConfig' existing class 'com.consol.citrus.validation.matcher.ValidationMatcherConfig' with enhanced class 'com.consol.citrus.validation.matcher.ValidationMatcherConfig$$EnhancerBySpringCGLIB$$445b38c7'
21:41:13,908 DEBUG urationClassEnhancer| Successfully enhanced com.consol.citrus.validation.MessageValidatorConfig; enhanced class name is: com.consol.citrus.validation.MessageValidatorConfig$$EnhancerBySpringCGLIB$$464b87cd
21:41:13,908 DEBUG onClassPostProcessor| Replacing bean definition 'com.consol.citrus.validation.MessageValidatorConfig' existing class 'com.consol.citrus.validation.MessageValidatorConfig' with enhanced class 'com.consol.citrus.validation.MessageValidatorConfig$$EnhancerBySpringCGLIB$$464b87cd'
21:41:13,908 DEBUG urationClassEnhancer| Successfully enhanced com.citrus.demo.citrustest.EndpointConfig; enhanced class name is: com.citrus.demo.citrustest.EndpointConfig$$EnhancerBySpringCGLIB$$b78d7e89
21:41:13,908 DEBUG onClassPostProcessor| Replacing bean definition 'com.citrus.demo.citrustest.EndpointConfig' existing class 'com.citrus.demo.citrustest.EndpointConfig' with enhanced class 'com.citrus.demo.citrustest.EndpointConfig$$EnhancerBySpringCGLIB$$b78d7e89'
21:41:13,939 DEBUG tListableBeanFactory| Creating shared instance of singleton bean 'org.springframework.context.annotation.internalAutowiredAnnotationProcessor'
21:41:13,939 DEBUG tListableBeanFactory| Creating instance of bean 'org.springframework.context.annotation.internalAutowiredAnnotationProcessor'
21:41:13,939 DEBUG tListableBeanFactory| Eagerly caching bean 'org.springframework.context.annotation.internalAutowiredAnnotationProcessor' to allow for resolving potential circular references
21:41:13,986 DEBUG tListableBeanFactory| Finished creating instance of bean 'org.springframework.context.annotation.internalAutowiredAnnotationProcessor'
21:41:13,986 DEBUG tListableBeanFactory| Creating shared instance of singleton bean 'org.springframework.context.annotation.internalRequiredAnnotationProcessor'
21:41:13,986 DEBUG tListableBeanFactory| Creating instance of bean 'org.springframework.context.annotation.internalRequiredAnnotationProcessor'
21:41:13,986 DEBUG tListableBeanFactory| Eagerly caching bean 'org.springframework.context.annotation.internalRequiredAnnotationProcessor' to allow for resolving potential circular references
21:41:13,986 DEBUG tListableBeanFactory| Finished creating instance of bean 'org.springframework.context.annotation.internalRequiredAnnotationProcessor'
21:41:13,986 DEBUG tListableBeanFactory| Creating shared instance of singleton bean 'org.springframework.context.annotation.internalCommonAnnotationProcessor'
21:41:13,986 DEBUG tListableBeanFactory| Creating instance of bean 'org.springframework.context.annotation.internalCommonAnnotationProcessor'
21:41:14,021 DEBUG tListableBeanFactory| Eagerly caching bean 'org.springframework.context.annotation.internalCommonAnnotationProcessor' to allow for resolving potential circular references
21:41:14,029 DEBUG tListableBeanFactory| Finished creating instance of bean 'org.springframework.context.annotation.internalCommonAnnotationProcessor'
21:41:14,031 DEBUG icApplicationContext| Unable to locate MessageSource with name 'messageSource': using default [org.springframework.context.support.DelegatingMessageSource@5c80cf32]
21:41:14,034 DEBUG icApplicationContext| Unable to locate ApplicationEventMulticaster with name 'applicationEventMulticaster': using default [org.springframework.context.event.SimpleApplicationEventMulticaster@5b799640]
21:41:14,036 DEBUG tListableBeanFactory| Pre-instantiating singletons in org.springframework.beans.factory.support.DefaultListableBeanFactory@515aebb0: defining beans [org.springframework.context.annotation.internalConfigurationAnnotationProcessor,org.springframework.context.annotation.internalAutowiredAnnotationProcessor,org.springframework.context.annotation.internalRequiredAnnotationProcessor,org.springframework.context.annotation.internalCommonAnnotationProcessor,org.springframework.context.event.internalEventListenerProcessor,org.springframework.context.event.internalEventListenerFactory,citrusSpringConfig,com.consol.citrus.functions.FunctionConfig,functionRegistry,environmentPropertyFunction,citrusFunctionLibrary,com.consol.citrus.validation.matcher.ValidationMatcherConfig,matchesPath,hamcrestValidationMatcher,validationMatcherRegistry,xmlValidationMatcher,citrusValidationMatcherLibrary,com.consol.citrus.validation.MessageValidatorConfig,defaultXmlMessageValidator,defaultMessageHeaderValidator,defaultXpathMessageValidator,defaultJsonMessageValidator,defaultJsonPathMessageValidator,defaultPlaintextMessageValidator,defaultBinaryMessageValidator,defaultBinaryBase64MessageValidator,defaultGzipBinaryBase64MessageValidator,defaultXhtmlMessageValidator,defaultXhtmlXpathMessageValidator,defaultGroovyXmlMessageValidator,defaultGroovyJsonMessageValidator,defaultGroovyTextMessageValidator,citrusMessageValidatorRegistry,testContextFactory,endpointFactory,referenceResolver,globalMessageConstructionInterceptors,loggingReporter,htmlReporter,junitReporter,testListeners,testActionListeners,testSuiteListeners,messageListeners,failureStackTestListener,com.citrus.demo.citrustest.EndpointConfig,oAuthClient,locationServiceClient]; root of factory hierarchy
21:41:14,036 DEBUG tListableBeanFactory| Returning cached instance of singleton bean 'org.springframework.context.annotation.internalConfigurationAnnotationProcessor'
21:41:14,036 DEBUG tListableBeanFactory| Returning cached instance of singleton bean 'org.springframework.context.annotation.internalAutowiredAnnotationProcessor'
21:41:14,036 DEBUG tListableBeanFactory| Returning cached instance of singleton bean 'org.springframework.context.annotation.internalRequiredAnnotationProcessor'
21:41:14,036 DEBUG tListableBeanFactory| Returning cached instance of singleton bean 'org.springframework.context.annotation.internalCommonAnnotationProcessor'
21:41:14,036 DEBUG tListableBeanFactory| Creating shared instance of singleton bean 'org.springframework.context.event.internalEventListenerProcessor'
21:41:14,036 DEBUG tListableBeanFactory| Creating instance of bean 'org.springframework.context.event.internalEventListenerProcessor'
21:41:14,044 DEBUG tListableBeanFactory| Eagerly caching bean 'org.springframework.context.event.internalEventListenerProcessor' to allow for resolving potential circular references
21:41:14,048 DEBUG tListableBeanFactory| Finished creating instance of bean 'org.springframework.context.event.internalEventListenerProcessor'
21:41:14,048 DEBUG tListableBeanFactory| Creating shared instance of singleton bean 'org.springframework.context.event.internalEventListenerFactory'
21:41:14,048 DEBUG tListableBeanFactory| Creating instance of bean 'org.springframework.context.event.internalEventListenerFactory'
21:41:14,048 DEBUG tListableBeanFactory| Eagerly caching bean 'org.springframework.context.event.internalEventListenerFactory' to allow for resolving potential circular references
21:41:14,053 DEBUG tListableBeanFactory| Finished creating instance of bean 'org.springframework.context.event.internalEventListenerFactory'
21:41:14,053 DEBUG tListableBeanFactory| Creating shared instance of singleton bean 'citrusSpringConfig'
21:41:14,053 DEBUG tListableBeanFactory| Creating instance of bean 'citrusSpringConfig'
21:41:14,056 DEBUG tListableBeanFactory| Eagerly caching bean 'citrusSpringConfig' to allow for resolving potential circular references
21:41:14,065 DEBUG tListableBeanFactory| Finished creating instance of bean 'citrusSpringConfig'
21:41:14,065 DEBUG tListableBeanFactory| Creating shared instance of singleton bean 'com.consol.citrus.functions.FunctionConfig'
21:41:14,065 DEBUG tListableBeanFactory| Creating instance of bean 'com.consol.citrus.functions.FunctionConfig'
21:41:14,081 DEBUG tListableBeanFactory| Eagerly caching bean 'com.consol.citrus.functions.FunctionConfig' to allow for resolving potential circular references
21:41:14,081 DEBUG tListableBeanFactory| Finished creating instance of bean 'com.consol.citrus.functions.FunctionConfig'
21:41:14,081 DEBUG tListableBeanFactory| Creating shared instance of singleton bean 'functionRegistry'
21:41:14,081 DEBUG tListableBeanFactory| Creating instance of bean 'functionRegistry'
21:41:14,081 DEBUG tListableBeanFactory| Returning cached instance of singleton bean 'com.consol.citrus.functions.FunctionConfig'
21:41:14,175 DEBUG on.InjectionMetadata| Registered injected element on class [com.consol.citrus.functions.FunctionRegistry]: AutowiredFieldElement for private java.util.List com.consol.citrus.functions.FunctionRegistry.functionLibraries
21:41:14,175 DEBUG tListableBeanFactory| Eagerly caching bean 'functionRegistry' to allow for resolving potential circular references
21:41:14,175 DEBUG on.InjectionMetadata| Processing injected element of bean 'functionRegistry': AutowiredFieldElement for private java.util.List com.consol.citrus.functions.FunctionRegistry.functionLibraries
21:41:14,190 DEBUG tListableBeanFactory| Creating shared instance of singleton bean 'citrusFunctionLibrary'
21:41:14,190 DEBUG tListableBeanFactory| Creating instance of bean 'citrusFunctionLibrary'
21:41:14,190 DEBUG tListableBeanFactory| Returning cached instance of singleton bean 'com.consol.citrus.functions.FunctionConfig'
21:41:14,190 DEBUG tListableBeanFactory| Creating shared instance of singleton bean 'environmentPropertyFunction'
21:41:14,190 DEBUG tListableBeanFactory| Creating instance of bean 'environmentPropertyFunction'
21:41:14,190 DEBUG tListableBeanFactory| Returning cached instance of singleton bean 'com.consol.citrus.functions.FunctionConfig'
21:41:14,190 DEBUG tListableBeanFactory| Eagerly caching bean 'environmentPropertyFunction' to allow for resolving potential circular references
21:41:14,190 DEBUG tListableBeanFactory| Finished creating instance of bean 'environmentPropertyFunction'
21:41:14,190 DEBUG tListableBeanFactory| Eagerly caching bean 'citrusFunctionLibrary' to allow for resolving potential circular references
21:41:14,206 DEBUG tListableBeanFactory| Finished creating instance of bean 'citrusFunctionLibrary'
21:41:14,237 DEBUG ionBeanPostProcessor| Autowiring by type from bean name 'functionRegistry' to bean named 'citrusFunctionLibrary'
21:41:14,237 DEBUG tListableBeanFactory| Finished creating instance of bean 'functionRegistry'
21:41:14,237 DEBUG tListableBeanFactory| Returning cached instance of singleton bean 'environmentPropertyFunction'
21:41:14,237 DEBUG tListableBeanFactory| Returning cached instance of singleton bean 'citrusFunctionLibrary'
21:41:14,237 DEBUG tListableBeanFactory| Creating shared instance of singleton bean 'com.consol.citrus.validation.matcher.ValidationMatcherConfig'
21:41:14,237 DEBUG tListableBeanFactory| Creating instance of bean 'com.consol.citrus.validation.matcher.ValidationMatcherConfig'
21:41:14,237 DEBUG tListableBeanFactory| Eagerly caching bean 'com.consol.citrus.validation.matcher.ValidationMatcherConfig' to allow for resolving potential circular references
21:41:14,253 DEBUG tListableBeanFactory| Finished creating instance of bean 'com.consol.citrus.validation.matcher.ValidationMatcherConfig'
21:41:14,253 DEBUG tListableBeanFactory| Creating shared instance of singleton bean 'matchesPath'
21:41:14,253 DEBUG tListableBeanFactory| Creating instance of bean 'matchesPath'
21:41:14,253 DEBUG tListableBeanFactory| Returning cached instance of singleton bean 'com.consol.citrus.validation.matcher.ValidationMatcherConfig'
21:41:14,253 DEBUG tListableBeanFactory| Eagerly caching bean 'matchesPath' to allow for resolving potential circular references
21:41:14,268 DEBUG tListableBeanFactory| Finished creating instance of bean 'matchesPath'
21:41:14,268 DEBUG tListableBeanFactory| Creating shared instance of singleton bean 'hamcrestValidationMatcher'
21:41:14,268 DEBUG tListableBeanFactory| Creating instance of bean 'hamcrestValidationMatcher'
21:41:14,268 DEBUG tListableBeanFactory| Returning cached instance of singleton bean 'com.consol.citrus.validation.matcher.ValidationMatcherConfig'
21:41:14,268 DEBUG on.InjectionMetadata| Registered injected element on class [com.consol.citrus.validation.matcher.hamcrest.HamcrestValidationMatcher]: AutowiredFieldElement for private java.util.List com.consol.citrus.validation.matcher.hamcrest.HamcrestValidationMatcher.customMatchers
21:41:14,268 DEBUG tListableBeanFactory| Eagerly caching bean 'hamcrestValidationMatcher' to allow for resolving potential circular references
21:41:14,268 DEBUG on.InjectionMetadata| Processing injected element of bean 'hamcrestValidationMatcher': AutowiredFieldElement for private java.util.List com.consol.citrus.validation.matcher.hamcrest.HamcrestValidationMatcher.customMatchers
21:41:14,268 DEBUG tListableBeanFactory| Returning cached instance of singleton bean 'matchesPath'
21:41:14,284 DEBUG ionBeanPostProcessor| Autowiring by type from bean name 'hamcrestValidationMatcher' to bean named 'matchesPath'
21:41:14,284 DEBUG tListableBeanFactory| Finished creating instance of bean 'hamcrestValidationMatcher'
21:41:14,284 DEBUG tListableBeanFactory| Creating shared instance of singleton bean 'validationMatcherRegistry'
21:41:14,284 DEBUG tListableBeanFactory| Creating instance of bean 'validationMatcherRegistry'
21:41:14,284 DEBUG tListableBeanFactory| Returning cached instance of singleton bean 'com.consol.citrus.validation.matcher.ValidationMatcherConfig'
21:41:14,284 DEBUG on.InjectionMetadata| Registered injected element on class [com.consol.citrus.validation.matcher.ValidationMatcherRegistry]: AutowiredFieldElement for private java.util.List com.consol.citrus.validation.matcher.ValidationMatcherRegistry.validationMatcherLibraries
21:41:14,284 DEBUG tListableBeanFactory| Eagerly caching bean 'validationMatcherRegistry' to allow for resolving potential circular references
21:41:14,284 DEBUG on.InjectionMetadata| Processing injected element of bean 'validationMatcherRegistry': AutowiredFieldElement for private java.util.List com.consol.citrus.validation.matcher.ValidationMatcherRegistry.validationMatcherLibraries
21:41:14,284 DEBUG tListableBeanFactory| Creating shared instance of singleton bean 'citrusValidationMatcherLibrary'
21:41:14,284 DEBUG tListableBeanFactory| Creating instance of bean 'citrusValidationMatcherLibrary'
21:41:14,284 DEBUG tListableBeanFactory| Returning cached instance of singleton bean 'com.consol.citrus.validation.matcher.ValidationMatcherConfig'
21:41:14,284 DEBUG tListableBeanFactory| Returning cached instance of singleton bean 'hamcrestValidationMatcher'
21:41:14,284 DEBUG tListableBeanFactory| Eagerly caching bean 'citrusValidationMatcherLibrary' to allow for resolving potential circular references
21:41:14,284 DEBUG tListableBeanFactory| Finished creating instance of bean 'citrusValidationMatcherLibrary'
21:41:14,300 DEBUG ionBeanPostProcessor| Autowiring by type from bean name 'validationMatcherRegistry' to bean named 'citrusValidationMatcherLibrary'
21:41:14,300 DEBUG tListableBeanFactory| Finished creating instance of bean 'validationMatcherRegistry'
21:41:14,300 DEBUG tListableBeanFactory| Creating shared instance of singleton bean 'xmlValidationMatcher'
21:41:14,300 DEBUG tListableBeanFactory| Creating instance of bean 'xmlValidationMatcher'
21:41:14,300 DEBUG tListableBeanFactory| Returning cached instance of singleton bean 'com.consol.citrus.validation.matcher.ValidationMatcherConfig'
21:41:14,300 DEBUG on.InjectionMetadata| Registered injected element on class [com.consol.citrus.validation.matcher.core.XmlValidationMatcher]: AutowiredFieldElement for private com.consol.citrus.validation.MessageValidatorRegistry com.consol.citrus.validation.matcher.core.XmlValidationMatcher.messageValidatorRegistry
21:41:14,300 DEBUG tListableBeanFactory| Eagerly caching bean 'xmlValidationMatcher' to allow for resolving potential circular references
21:41:14,300 DEBUG on.InjectionMetadata| Processing injected element of bean 'xmlValidationMatcher': AutowiredFieldElement for private com.consol.citrus.validation.MessageValidatorRegistry com.consol.citrus.validation.matcher.core.XmlValidationMatcher.messageValidatorRegistry
21:41:14,300 DEBUG tListableBeanFactory| Creating shared instance of singleton bean 'citrusMessageValidatorRegistry'
21:41:14,300 DEBUG tListableBeanFactory| Creating instance of bean 'citrusMessageValidatorRegistry'
21:41:14,300 DEBUG tListableBeanFactory| Creating shared instance of singleton bean 'com.consol.citrus.validation.MessageValidatorConfig'
21:41:14,300 DEBUG tListableBeanFactory| Creating instance of bean 'com.consol.citrus.validation.MessageValidatorConfig'
21:41:14,777 DEBUG tListableBeanFactory| Eagerly caching bean 'com.consol.citrus.validation.MessageValidatorConfig' to allow for resolving potential circular references
21:41:14,792 DEBUG tListableBeanFactory| Finished creating instance of bean 'com.consol.citrus.validation.MessageValidatorConfig'
21:41:14,886 DEBUG tListableBeanFactory| Eagerly caching bean 'citrusMessageValidatorRegistry' to allow for resolving potential circular references
21:41:14,886 DEBUG tListableBeanFactory| Invoking afterPropertiesSet() on bean with name 'citrusMessageValidatorRegistry'
21:41:14,886 DEBUG tListableBeanFactory| Finished creating instance of bean 'citrusMessageValidatorRegistry'
21:41:14,886 DEBUG ionBeanPostProcessor| Autowiring by type from bean name 'xmlValidationMatcher' to bean named 'citrusMessageValidatorRegistry'
21:41:14,886 DEBUG tListableBeanFactory| Invoking afterPropertiesSet() on bean with name 'xmlValidationMatcher'
21:41:14,886 DEBUG tListableBeanFactory| Finished creating instance of bean 'xmlValidationMatcher'
21:41:14,886 DEBUG tListableBeanFactory| Returning cached instance of singleton bean 'citrusValidationMatcherLibrary'
21:41:14,886 DEBUG tListableBeanFactory| Returning cached instance of singleton bean 'com.consol.citrus.validation.MessageValidatorConfig'
21:41:14,886 DEBUG tListableBeanFactory| Creating shared instance of singleton bean 'defaultXmlMessageValidator'
21:41:14,886 DEBUG tListableBeanFactory| Creating instance of bean 'defaultXmlMessageValidator'
21:41:14,886 DEBUG tListableBeanFactory| Returning cached instance of singleton bean 'com.consol.citrus.validation.MessageValidatorConfig'
21:41:14,902 DEBUG on.InjectionMetadata| Registered injected element on class [com.consol.citrus.validation.xml.DomXmlMessageValidator]: AutowiredFieldElement for private java.util.List com.consol.citrus.validation.xml.DomXmlMessageValidator.schemaRepositories
21:41:14,902 DEBUG on.InjectionMetadata| Registered injected element on class [com.consol.citrus.validation.xml.DomXmlMessageValidator]: AutowiredFieldElement for private com.consol.citrus.xml.namespace.NamespaceContextBuilder com.consol.citrus.validation.xml.DomXmlMessageValidator.namespaceContextBuilder
21:41:14,902 DEBUG tListableBeanFactory| Eagerly caching bean 'defaultXmlMessageValidator' to allow for resolving potential circular references
21:41:14,902 DEBUG on.InjectionMetadata| Processing injected element of bean 'defaultXmlMessageValidator': AutowiredFieldElement for private java.util.List com.consol.citrus.validation.xml.DomXmlMessageValidator.schemaRepositories
21:41:14,902 DEBUG on.InjectionMetadata| Processing injected element of bean 'defaultXmlMessageValidator': AutowiredFieldElement for private com.consol.citrus.xml.namespace.NamespaceContextBuilder com.consol.citrus.validation.xml.DomXmlMessageValidator.namespaceContextBuilder
21:41:14,902 DEBUG tListableBeanFactory| Finished creating instance of bean 'defaultXmlMessageValidator'
21:41:14,902 DEBUG tListableBeanFactory| Creating shared instance of singleton bean 'defaultMessageHeaderValidator'
21:41:14,902 DEBUG tListableBeanFactory| Creating instance of bean 'defaultMessageHeaderValidator'
21:41:14,902 DEBUG tListableBeanFactory| Returning cached instance of singleton bean 'com.consol.citrus.validation.MessageValidatorConfig'
21:41:14,902 DEBUG on.InjectionMetadata| Registered injected element on class [com.consol.citrus.validation.DefaultMessageHeaderValidator]: AutowiredFieldElement for private java.util.List com.consol.citrus.validation.DefaultMessageHeaderValidator.validators
21:41:14,902 DEBUG tListableBeanFactory| Eagerly caching bean 'defaultMessageHeaderValidator' to allow for resolving potential circular references
21:41:14,917 DEBUG on.InjectionMetadata| Processing injected element of bean 'defaultMessageHeaderValidator': AutowiredFieldElement for private java.util.List com.consol.citrus.validation.DefaultMessageHeaderValidator.validators
21:41:14,917 DEBUG tListableBeanFactory| Finished creating instance of bean 'defaultMessageHeaderValidator'
21:41:14,917 DEBUG tListableBeanFactory| Creating shared instance of singleton bean 'defaultXpathMessageValidator'
21:41:14,917 DEBUG tListableBeanFactory| Creating instance of bean 'defaultXpathMessageValidator'
21:41:14,917 DEBUG tListableBeanFactory| Returning cached instance of singleton bean 'com.consol.citrus.validation.MessageValidatorConfig'
21:41:14,917 DEBUG on.InjectionMetadata| Registered injected element on class [com.consol.citrus.validation.xml.XpathMessageValidator]: AutowiredFieldElement for private com.consol.citrus.xml.namespace.NamespaceContextBuilder com.consol.citrus.validation.xml.XpathMessageValidator.namespaceContextBuilder
21:41:14,917 DEBUG tListableBeanFactory| Eagerly caching bean 'defaultXpathMessageValidator' to allow for resolving potential circular references
21:41:14,917 DEBUG on.InjectionMetadata| Processing injected element of bean 'defaultXpathMessageValidator': AutowiredFieldElement for private com.consol.citrus.xml.namespace.NamespaceContextBuilder com.consol.citrus.validation.xml.XpathMessageValidator.namespaceContextBuilder
21:41:14,917 DEBUG tListableBeanFactory| Finished creating instance of bean 'defaultXpathMessageValidator'
21:41:14,917 DEBUG tListableBeanFactory| Creating shared instance of singleton bean 'defaultJsonMessageValidator'
21:41:14,917 DEBUG tListableBeanFactory| Creating instance of bean 'defaultJsonMessageValidator'
21:41:14,917 DEBUG tListableBeanFactory| Returning cached instance of singleton bean 'com.consol.citrus.validation.MessageValidatorConfig'
21:41:14,917 DEBUG on.InjectionMetadata| Registered injected element on class [com.consol.citrus.validation.json.JsonTextMessageValidator]: AutowiredFieldElement for private boolean com.consol.citrus.validation.json.JsonTextMessageValidator.strict
21:41:14,917 DEBUG on.InjectionMetadata| Registered injected element on class [com.consol.citrus.validation.json.JsonTextMessageValidator]: AutowiredFieldElement for private java.util.List com.consol.citrus.validation.json.JsonTextMessageValidator.schemaRepositories
21:41:14,917 DEBUG tListableBeanFactory| Eagerly caching bean 'defaultJsonMessageValidator' to allow for resolving potential circular references
21:41:14,933 DEBUG on.InjectionMetadata| Processing injected element of bean 'defaultJsonMessageValidator': AutowiredFieldElement for private boolean com.consol.citrus.validation.json.JsonTextMessageValidator.strict
21:41:14,953 DEBUG rcesPropertyResolver| Could not find key 'citrus.json.message.validation.strict:true' in any property source
21:41:14,953 DEBUG rcesPropertyResolver| Could not find key 'citrus.json.message.validation.strict' in any property source
21:41:14,954 DEBUG on.InjectionMetadata| Processing injected element of bean 'defaultJsonMessageValidator': AutowiredFieldElement for private java.util.List com.consol.citrus.validation.json.JsonTextMessageValidator.schemaRepositories
21:41:14,955 DEBUG tListableBeanFactory| Finished creating instance of bean 'defaultJsonMessageValidator'
21:41:14,956 DEBUG tListableBeanFactory| Creating shared instance of singleton bean 'defaultJsonPathMessageValidator'
21:41:14,956 DEBUG tListableBeanFactory| Creating instance of bean 'defaultJsonPathMessageValidator'
21:41:14,956 DEBUG tListableBeanFactory| Returning cached instance of singleton bean 'com.consol.citrus.validation.MessageValidatorConfig'
21:41:14,958 DEBUG tListableBeanFactory| Eagerly caching bean 'defaultJsonPathMessageValidator' to allow for resolving potential circular references
21:41:14,959 DEBUG tListableBeanFactory| Finished creating instance of bean 'defaultJsonPathMessageValidator'
21:41:14,960 DEBUG tListableBeanFactory| Creating shared instance of singleton bean 'defaultPlaintextMessageValidator'
21:41:14,960 DEBUG tListableBeanFactory| Creating instance of bean 'defaultPlaintextMessageValidator'
21:41:14,960 DEBUG tListableBeanFactory| Returning cached instance of singleton bean 'com.consol.citrus.validation.MessageValidatorConfig'
21:41:14,961 DEBUG tListableBeanFactory| Eagerly caching bean 'defaultPlaintextMessageValidator' to allow for resolving potential circular references
21:41:14,964 DEBUG tListableBeanFactory| Finished creating instance of bean 'defaultPlaintextMessageValidator'
21:41:14,964 DEBUG tListableBeanFactory| Creating shared instance of singleton bean 'defaultBinaryMessageValidator'
21:41:14,964 DEBUG tListableBeanFactory| Creating instance of bean 'defaultBinaryMessageValidator'
21:41:14,964 DEBUG tListableBeanFactory| Returning cached instance of singleton bean 'com.consol.citrus.validation.MessageValidatorConfig'
21:41:14,965 DEBUG tListableBeanFactory| Eagerly caching bean 'defaultBinaryMessageValidator' to allow for resolving potential circular references
21:41:14,967 DEBUG tListableBeanFactory| Finished creating instance of bean 'defaultBinaryMessageValidator'
21:41:14,967 DEBUG tListableBeanFactory| Creating shared instance of singleton bean 'defaultBinaryBase64MessageValidator'
21:41:14,967 DEBUG tListableBeanFactory| Creating instance of bean 'defaultBinaryBase64MessageValidator'
21:41:14,967 DEBUG tListableBeanFactory| Returning cached instance of singleton bean 'com.consol.citrus.validation.MessageValidatorConfig'
21:41:14,969 DEBUG tListableBeanFactory| Eagerly caching bean 'defaultBinaryBase64MessageValidator' to allow for resolving potential circular references
21:41:14,971 DEBUG tListableBeanFactory| Finished creating instance of bean 'defaultBinaryBase64MessageValidator'
21:41:14,971 DEBUG tListableBeanFactory| Creating shared instance of singleton bean 'defaultGzipBinaryBase64MessageValidator'
21:41:14,971 DEBUG tListableBeanFactory| Creating instance of bean 'defaultGzipBinaryBase64MessageValidator'
21:41:14,971 DEBUG tListableBeanFactory| Returning cached instance of singleton bean 'com.consol.citrus.validation.MessageValidatorConfig'
21:41:14,972 DEBUG tListableBeanFactory| Eagerly caching bean 'defaultGzipBinaryBase64MessageValidator' to allow for resolving potential circular references
21:41:14,973 DEBUG tListableBeanFactory| Finished creating instance of bean 'defaultGzipBinaryBase64MessageValidator'
21:41:14,973 DEBUG tListableBeanFactory| Creating shared instance of singleton bean 'defaultXhtmlMessageValidator'
21:41:14,973 DEBUG tListableBeanFactory| Creating instance of bean 'defaultXhtmlMessageValidator'
21:41:14,974 DEBUG tListableBeanFactory| Returning cached instance of singleton bean 'com.consol.citrus.validation.MessageValidatorConfig'
21:41:14,979 DEBUG on.InjectionMetadata| Registered injected element on class [com.consol.citrus.validation.xhtml.XhtmlMessageValidator]: AutowiredFieldElement for private java.util.List com.consol.citrus.validation.xml.DomXmlMessageValidator.schemaRepositories
21:41:14,979 DEBUG on.InjectionMetadata| Registered injected element on class [com.consol.citrus.validation.xhtml.XhtmlMessageValidator]: AutowiredFieldElement for private com.consol.citrus.xml.namespace.NamespaceContextBuilder com.consol.citrus.validation.xml.DomXmlMessageValidator.namespaceContextBuilder
21:41:14,979 DEBUG tListableBeanFactory| Eagerly caching bean 'defaultXhtmlMessageValidator' to allow for resolving potential circular references
21:41:14,983 DEBUG on.InjectionMetadata| Processing injected element of bean 'defaultXhtmlMessageValidator': AutowiredFieldElement for private java.util.List com.consol.citrus.validation.xml.DomXmlMessageValidator.schemaRepositories
21:41:14,984 DEBUG on.InjectionMetadata| Processing injected element of bean 'defaultXhtmlMessageValidator': AutowiredFieldElement for private com.consol.citrus.xml.namespace.NamespaceContextBuilder com.consol.citrus.validation.xml.DomXmlMessageValidator.namespaceContextBuilder
21:41:14,984 DEBUG tListableBeanFactory| Invoking afterPropertiesSet() on bean with name 'defaultXhtmlMessageValidator'
21:41:15,045 DEBUG tListableBeanFactory| Finished creating instance of bean 'defaultXhtmlMessageValidator'
21:41:15,045 DEBUG tListableBeanFactory| Creating shared instance of singleton bean 'defaultXhtmlXpathMessageValidator'
21:41:15,045 DEBUG tListableBeanFactory| Creating instance of bean 'defaultXhtmlXpathMessageValidator'
21:41:15,045 DEBUG tListableBeanFactory| Returning cached instance of singleton bean 'com.consol.citrus.validation.MessageValidatorConfig'
21:41:15,047 DEBUG on.InjectionMetadata| Registered injected element on class [com.consol.citrus.validation.xhtml.XhtmlXpathMessageValidator]: AutowiredFieldElement for private com.consol.citrus.xml.namespace.NamespaceContextBuilder com.consol.citrus.validation.xml.XpathMessageValidator.namespaceContextBuilder
21:41:15,047 DEBUG tListableBeanFactory| Eagerly caching bean 'defaultXhtmlXpathMessageValidator' to allow for resolving potential circular references
21:41:15,048 DEBUG on.InjectionMetadata| Processing injected element of bean 'defaultXhtmlXpathMessageValidator': AutowiredFieldElement for private com.consol.citrus.xml.namespace.NamespaceContextBuilder com.consol.citrus.validation.xml.XpathMessageValidator.namespaceContextBuilder
21:41:15,049 DEBUG tListableBeanFactory| Invoking afterPropertiesSet() on bean with name 'defaultXhtmlXpathMessageValidator'
21:41:15,049 DEBUG tListableBeanFactory| Finished creating instance of bean 'defaultXhtmlXpathMessageValidator'
21:41:15,049 DEBUG tListableBeanFactory| Creating shared instance of singleton bean 'defaultGroovyXmlMessageValidator'
21:41:15,049 DEBUG tListableBeanFactory| Creating instance of bean 'defaultGroovyXmlMessageValidator'
21:41:15,049 DEBUG tListableBeanFactory| Returning cached instance of singleton bean 'com.consol.citrus.validation.MessageValidatorConfig'
21:41:15,052 DEBUG tListableBeanFactory| Eagerly caching bean 'defaultGroovyXmlMessageValidator' to allow for resolving potential circular references
21:41:15,052 DEBUG tListableBeanFactory| Finished creating instance of bean 'defaultGroovyXmlMessageValidator'
21:41:15,052 DEBUG tListableBeanFactory| Creating shared instance of singleton bean 'defaultGroovyJsonMessageValidator'
21:41:15,052 DEBUG tListableBeanFactory| Creating instance of bean 'defaultGroovyJsonMessageValidator'
21:41:15,052 DEBUG tListableBeanFactory| Returning cached instance of singleton bean 'com.consol.citrus.validation.MessageValidatorConfig'
21:41:15,052 DEBUG tListableBeanFactory| Eagerly caching bean 'defaultGroovyJsonMessageValidator' to allow for resolving potential circular references
21:41:15,052 DEBUG tListableBeanFactory| Finished creating instance of bean 'defaultGroovyJsonMessageValidator'
21:41:15,052 DEBUG tListableBeanFactory| Creating shared instance of singleton bean 'defaultGroovyTextMessageValidator'
21:41:15,052 DEBUG tListableBeanFactory| Creating instance of bean 'defaultGroovyTextMessageValidator'
21:41:15,052 DEBUG tListableBeanFactory| Returning cached instance of singleton bean 'com.consol.citrus.validation.MessageValidatorConfig'
21:41:15,052 DEBUG tListableBeanFactory| Eagerly caching bean 'defaultGroovyTextMessageValidator' to allow for resolving potential circular references
21:41:15,052 DEBUG tListableBeanFactory| Finished creating instance of bean 'defaultGroovyTextMessageValidator'
21:41:15,052 DEBUG tListableBeanFactory| Returning cached instance of singleton bean 'citrusMessageValidatorRegistry'
21:41:15,052 DEBUG tListableBeanFactory| Creating shared instance of singleton bean 'testContextFactory'
21:41:15,052 DEBUG tListableBeanFactory| Creating instance of bean 'testContextFactory'
21:41:15,052 DEBUG tListableBeanFactory| Returning cached instance of singleton bean 'citrusSpringConfig'
21:41:15,067 DEBUG on.InjectionMetadata| Registered injected element on class [com.consol.citrus.context.TestContextFactory]: AutowiredFieldElement for private com.consol.citrus.functions.FunctionRegistry com.consol.citrus.context.TestContextFactory.functionRegistry
21:41:15,067 DEBUG on.InjectionMetadata| Registered injected element on class [com.consol.citrus.context.TestContextFactory]: AutowiredFieldElement for private com.consol.citrus.validation.matcher.ValidationMatcherRegistry com.consol.citrus.context.TestContextFactory.validationMatcherRegistry
21:41:15,067 DEBUG on.InjectionMetadata| Registered injected element on class [com.consol.citrus.context.TestContextFactory]: AutowiredFieldElement for private com.consol.citrus.variable.GlobalVariables com.consol.citrus.context.TestContextFactory.globalVariables
21:41:15,067 DEBUG on.InjectionMetadata| Registered injected element on class [com.consol.citrus.context.TestContextFactory]: AutowiredFieldElement for private com.consol.citrus.validation.MessageValidatorRegistry com.consol.citrus.context.TestContextFactory.messageValidatorRegistry
21:41:15,067 DEBUG on.InjectionMetadata| Registered injected element on class [com.consol.citrus.context.TestContextFactory]: AutowiredFieldElement for private com.consol.citrus.report.TestListeners com.consol.citrus.context.TestContextFactory.testListeners
21:41:15,067 DEBUG on.InjectionMetadata| Registered injected element on class [com.consol.citrus.context.TestContextFactory]: AutowiredFieldElement for private com.consol.citrus.report.MessageListeners com.consol.citrus.context.TestContextFactory.messageListeners
21:41:15,067 DEBUG on.InjectionMetadata| Registered injected element on class [com.consol.citrus.context.TestContextFactory]: AutowiredFieldElement for private com.consol.citrus.endpoint.EndpointFactory com.consol.citrus.context.TestContextFactory.endpointFactory
21:41:15,067 DEBUG on.InjectionMetadata| Registered injected element on class [com.consol.citrus.context.TestContextFactory]: AutowiredFieldElement for private com.consol.citrus.context.ReferenceResolver com.consol.citrus.context.TestContextFactory.referenceResolver
21:41:15,067 DEBUG on.InjectionMetadata| Registered injected element on class [com.consol.citrus.context.TestContextFactory]: AutowiredFieldElement for private com.consol.citrus.validation.interceptor.GlobalMessageConstructionInterceptors com.consol.citrus.context.TestContextFactory.globalMessageConstructionInterceptors
21:41:15,067 DEBUG on.InjectionMetadata| Registered injected element on class [com.consol.citrus.context.TestContextFactory]: AutowiredFieldElement for private com.consol.citrus.xml.namespace.NamespaceContextBuilder com.consol.citrus.context.TestContextFactory.namespaceContextBuilder
21:41:15,067 DEBUG tListableBeanFactory| Eagerly caching bean 'testContextFactory' to allow for resolving potential circular references
21:41:15,083 DEBUG on.InjectionMetadata| Processing injected element of bean 'testContextFactory': AutowiredFieldElement for private com.consol.citrus.functions.FunctionRegistry com.consol.citrus.context.TestContextFactory.functionRegistry
21:41:15,083 DEBUG tListableBeanFactory| Returning cached instance of singleton bean 'functionRegistry'
21:41:15,083 DEBUG ionBeanPostProcessor| Autowiring by type from bean name 'testContextFactory' to bean named 'functionRegistry'
21:41:15,083 DEBUG on.InjectionMetadata| Processing injected element of bean 'testContextFactory': AutowiredFieldElement for private com.consol.citrus.validation.matcher.ValidationMatcherRegistry com.consol.citrus.context.TestContextFactory.validationMatcherRegistry
21:41:15,083 DEBUG tListableBeanFactory| Returning cached instance of singleton bean 'validationMatcherRegistry'
21:41:15,083 DEBUG ionBeanPostProcessor| Autowiring by type from bean name 'testContextFactory' to bean named 'validationMatcherRegistry'
21:41:15,083 DEBUG on.InjectionMetadata| Processing injected element of bean 'testContextFactory': AutowiredFieldElement for private com.consol.citrus.variable.GlobalVariables com.consol.citrus.context.TestContextFactory.globalVariables
21:41:15,083 DEBUG on.InjectionMetadata| Processing injected element of bean 'testContextFactory': AutowiredFieldElement for private com.consol.citrus.validation.MessageValidatorRegistry com.consol.citrus.context.TestContextFactory.messageValidatorRegistry
21:41:15,083 DEBUG tListableBeanFactory| Returning cached instance of singleton bean 'citrusMessageValidatorRegistry'
21:41:15,083 DEBUG ionBeanPostProcessor| Autowiring by type from bean name 'testContextFactory' to bean named 'citrusMessageValidatorRegistry'
21:41:15,083 DEBUG on.InjectionMetadata| Processing injected element of bean 'testContextFactory': AutowiredFieldElement for private com.consol.citrus.report.TestListeners com.consol.citrus.context.TestContextFactory.testListeners
21:41:15,083 DEBUG tListableBeanFactory| Creating shared instance of singleton bean 'testListeners'
21:41:15,083 DEBUG tListableBeanFactory| Creating instance of bean 'testListeners'
21:41:15,083 DEBUG tListableBeanFactory| Returning cached instance of singleton bean 'citrusSpringConfig'
21:41:15,083 DEBUG on.InjectionMetadata| Registered injected element on class [com.consol.citrus.report.TestListeners]: AutowiredFieldElement for private java.util.List com.consol.citrus.report.TestListeners.testListeners
21:41:15,083 DEBUG tListableBeanFactory| Eagerly caching bean 'testListeners' to allow for resolving potential circular references
21:41:15,083 DEBUG on.InjectionMetadata| Processing injected element of bean 'testListeners': AutowiredFieldElement for private java.util.List com.consol.citrus.report.TestListeners.testListeners
21:41:15,083 DEBUG tListableBeanFactory| Creating shared instance of singleton bean 'loggingReporter'
21:41:15,083 DEBUG tListableBeanFactory| Creating instance of bean 'loggingReporter'
21:41:15,083 DEBUG tListableBeanFactory| Returning cached instance of singleton bean 'citrusSpringConfig'
21:41:15,083 DEBUG on.InjectionMetadata| Registered injected element on class [com.consol.citrus.report.LoggingReporter]: AutowiredFieldElement for private java.lang.String com.consol.citrus.report.AbstractTestReporter.reportDirectory
21:41:15,083 DEBUG on.InjectionMetadata| Registered injected element on class [com.consol.citrus.report.LoggingReporter]: AutowiredFieldElement for private java.lang.String com.consol.citrus.report.AbstractTestReporter.autoClear
21:41:15,099 DEBUG on.InjectionMetadata| Registered injected element on class [com.consol.citrus.report.LoggingReporter]: AutowiredFieldElement for private java.lang.String com.consol.citrus.report.AbstractTestReporter.ignoreErrors
21:41:15,099 DEBUG tListableBeanFactory| Eagerly caching bean 'loggingReporter' to allow for resolving potential circular references
21:41:15,099 DEBUG on.InjectionMetadata| Processing injected element of bean 'loggingReporter': AutowiredFieldElement for private java.lang.String com.consol.citrus.report.AbstractTestReporter.reportDirectory
21:41:15,099 DEBUG rcesPropertyResolver| Could not find key 'citrus.report.directory:target/citrus-reports' in any property source
21:41:15,099 DEBUG rcesPropertyResolver| Could not find key 'citrus.report.directory' in any property source
21:41:15,099 DEBUG on.InjectionMetadata| Processing injected element of bean 'loggingReporter': AutowiredFieldElement for private java.lang.String com.consol.citrus.report.AbstractTestReporter.autoClear
21:41:15,099 DEBUG rcesPropertyResolver| Could not find key 'citrus.report.auto.clear:true' in any property source
21:41:15,099 DEBUG rcesPropertyResolver| Could not find key 'citrus.report.auto.clear' in any property source
21:41:15,099 DEBUG on.InjectionMetadata| Processing injected element of bean 'loggingReporter': AutowiredFieldElement for private java.lang.String com.consol.citrus.report.AbstractTestReporter.ignoreErrors
21:41:15,099 DEBUG rcesPropertyResolver| Could not find key 'citrus.report.ignore.errors:true' in any property source
21:41:15,099 DEBUG rcesPropertyResolver| Could not find key 'citrus.report.ignore.errors' in any property source
21:41:15,099 DEBUG tListableBeanFactory| Finished creating instance of bean 'loggingReporter'
21:41:15,099 DEBUG tListableBeanFactory| Creating shared instance of singleton bean 'htmlReporter'
21:41:15,099 DEBUG tListableBeanFactory| Creating instance of bean 'htmlReporter'
21:41:15,099 DEBUG tListableBeanFactory| Returning cached instance of singleton bean 'citrusSpringConfig'
21:41:15,114 DEBUG on.InjectionMetadata| Registered injected element on class [com.consol.citrus.report.HtmlReporter]: AutowiredFieldElement for private java.lang.String com.consol.citrus.report.AbstractTestReporter.reportDirectory
21:41:15,114 DEBUG on.InjectionMetadata| Registered injected element on class [com.consol.citrus.report.HtmlReporter]: AutowiredFieldElement for private java.lang.String com.consol.citrus.report.AbstractTestReporter.autoClear
21:41:15,114 DEBUG on.InjectionMetadata| Registered injected element on class [com.consol.citrus.report.HtmlReporter]: AutowiredFieldElement for private java.lang.String com.consol.citrus.report.AbstractTestReporter.ignoreErrors
21:41:15,114 DEBUG on.InjectionMetadata| Registered injected element on class [com.consol.citrus.report.HtmlReporter]: AutowiredFieldElement for private java.lang.String com.consol.citrus.report.HtmlReporter.reportTemplate
21:41:15,114 DEBUG on.InjectionMetadata| Registered injected element on class [com.consol.citrus.report.HtmlReporter]: AutowiredFieldElement for private java.lang.String com.consol.citrus.report.HtmlReporter.testDetailTemplate
21:41:15,114 DEBUG on.InjectionMetadata| Registered injected element on class [com.consol.citrus.report.HtmlReporter]: AutowiredFieldElement for private java.lang.String com.consol.citrus.report.HtmlReporter.outputDirectory
21:41:15,114 DEBUG on.InjectionMetadata| Registered injected element on class [com.consol.citrus.report.HtmlReporter]: AutowiredFieldElement for private java.lang.String com.consol.citrus.report.HtmlReporter.reportFileName
21:41:15,114 DEBUG on.InjectionMetadata| Registered injected element on class [com.consol.citrus.report.HtmlReporter]: AutowiredFieldElement for private java.lang.String com.consol.citrus.report.HtmlReporter.logo
21:41:15,114 DEBUG on.InjectionMetadata| Registered injected element on class [com.consol.citrus.report.HtmlReporter]: AutowiredFieldElement for private java.lang.String com.consol.citrus.report.HtmlReporter.enabled
21:41:15,114 DEBUG tListableBeanFactory| Eagerly caching bean 'htmlReporter' to allow for resolving potential circular references
21:41:15,114 DEBUG on.InjectionMetadata| Processing injected element of bean 'htmlReporter': AutowiredFieldElement for private java.lang.String com.consol.citrus.report.AbstractTestReporter.reportDirectory
21:41:15,114 DEBUG rcesPropertyResolver| Could not find key 'citrus.report.directory:target/citrus-reports' in any property source
21:41:15,114 DEBUG rcesPropertyResolver| Could not find key 'citrus.report.directory' in any property source
21:41:15,114 DEBUG on.InjectionMetadata| Processing injected element of bean 'htmlReporter': AutowiredFieldElement for private java.lang.String com.consol.citrus.report.AbstractTestReporter.autoClear
21:41:15,114 DEBUG rcesPropertyResolver| Could not find key 'citrus.report.auto.clear:true' in any property source
21:41:15,114 DEBUG rcesPropertyResolver| Could not find key 'citrus.report.auto.clear' in any property source
21:41:15,114 DEBUG on.InjectionMetadata| Processing injected element of bean 'htmlReporter': AutowiredFieldElement for private java.lang.String com.consol.citrus.report.AbstractTestReporter.ignoreErrors
21:41:15,114 DEBUG rcesPropertyResolver| Could not find key 'citrus.report.ignore.errors:true' in any property source
21:41:15,114 DEBUG rcesPropertyResolver| Could not find key 'citrus.report.ignore.errors' in any property source
21:41:15,114 DEBUG on.InjectionMetadata| Processing injected element of bean 'htmlReporter': AutowiredFieldElement for private java.lang.String com.consol.citrus.report.HtmlReporter.reportTemplate
21:41:15,114 DEBUG rcesPropertyResolver| Could not find key 'citrus.html.report.template:classpath:com/consol/citrus/report/test-report.html' in any property source
21:41:15,114 DEBUG rcesPropertyResolver| Could not find key 'citrus.html.report.template' in any property source
21:41:15,114 DEBUG on.InjectionMetadata| Processing injected element of bean 'htmlReporter': AutowiredFieldElement for private java.lang.String com.consol.citrus.report.HtmlReporter.testDetailTemplate
21:41:15,114 DEBUG rcesPropertyResolver| Could not find key 'citrus.html.report.detail.template:classpath:com/consol/citrus/report/test-detail.html' in any property source
21:41:15,114 DEBUG rcesPropertyResolver| Could not find key 'citrus.html.report.detail.template' in any property source
21:41:15,114 DEBUG on.InjectionMetadata| Processing injected element of bean 'htmlReporter': AutowiredFieldElement for private java.lang.String com.consol.citrus.report.HtmlReporter.outputDirectory
21:41:15,165 DEBUG rcesPropertyResolver| Could not find key 'citrus.html.report.directory:' in any property source
21:41:15,166 DEBUG rcesPropertyResolver| Could not find key 'citrus.html.report.directory' in any property source
21:41:15,166 DEBUG on.InjectionMetadata| Processing injected element of bean 'htmlReporter': AutowiredFieldElement for private java.lang.String com.consol.citrus.report.HtmlReporter.reportFileName
21:41:15,166 DEBUG rcesPropertyResolver| Could not find key 'citrus.html.report.file:citrus-test-results.html' in any property source
21:41:15,166 DEBUG rcesPropertyResolver| Could not find key 'citrus.html.report.file' in any property source
21:41:15,166 DEBUG on.InjectionMetadata| Processing injected element of bean 'htmlReporter': AutowiredFieldElement for private java.lang.String com.consol.citrus.report.HtmlReporter.logo
21:41:15,166 DEBUG rcesPropertyResolver| Could not find key 'citrus.html.report.logo:classpath:com/consol/citrus/report/citrus_logo.png' in any property source
21:41:15,177 DEBUG rcesPropertyResolver| Could not find key 'citrus.html.report.logo' in any property source
21:41:15,177 DEBUG on.InjectionMetadata| Processing injected element of bean 'htmlReporter': AutowiredFieldElement for private java.lang.String com.consol.citrus.report.HtmlReporter.enabled
21:41:15,177 DEBUG rcesPropertyResolver| Could not find key 'citrus.html.report.enabled:true' in any property source
21:41:15,177 DEBUG rcesPropertyResolver| Could not find key 'citrus.html.report.enabled' in any property source
21:41:15,178 DEBUG tListableBeanFactory| Finished creating instance of bean 'htmlReporter'
21:41:15,178 DEBUG tListableBeanFactory| Creating shared instance of singleton bean 'junitReporter'
21:41:15,179 DEBUG tListableBeanFactory| Creating instance of bean 'junitReporter'
21:41:15,179 DEBUG tListableBeanFactory| Returning cached instance of singleton bean 'citrusSpringConfig'
21:41:15,182 DEBUG on.InjectionMetadata| Registered injected element on class [com.consol.citrus.report.JUnitReporter]: AutowiredFieldElement for private java.lang.String com.consol.citrus.report.AbstractTestReporter.reportDirectory
21:41:15,182 DEBUG on.InjectionMetadata| Registered injected element on class [com.consol.citrus.report.JUnitReporter]: AutowiredFieldElement for private java.lang.String com.consol.citrus.report.AbstractTestReporter.autoClear
21:41:15,182 DEBUG on.InjectionMetadata| Registered injected element on class [com.consol.citrus.report.JUnitReporter]: AutowiredFieldElement for private java.lang.String com.consol.citrus.report.AbstractTestReporter.ignoreErrors
21:41:15,182 DEBUG on.InjectionMetadata| Registered injected element on class [com.consol.citrus.report.JUnitReporter]: AutowiredFieldElement for private java.lang.String com.consol.citrus.report.JUnitReporter.outputDirectory
21:41:15,182 DEBUG on.InjectionMetadata| Registered injected element on class [com.consol.citrus.report.JUnitReporter]: AutowiredFieldElement for private java.lang.String com.consol.citrus.report.JUnitReporter.reportFileNamePattern
21:41:15,182 DEBUG on.InjectionMetadata| Registered injected element on class [com.consol.citrus.report.JUnitReporter]: AutowiredFieldElement for private java.lang.String com.consol.citrus.report.JUnitReporter.suiteName
21:41:15,182 DEBUG on.InjectionMetadata| Registered injected element on class [com.consol.citrus.report.JUnitReporter]: AutowiredFieldElement for private java.lang.String com.consol.citrus.report.JUnitReporter.reportTemplate
21:41:15,182 DEBUG on.InjectionMetadata| Registered injected element on class [com.consol.citrus.report.JUnitReporter]: AutowiredFieldElement for private java.lang.String com.consol.citrus.report.JUnitReporter.successTemplate
21:41:15,182 DEBUG on.InjectionMetadata| Registered injected element on class [com.consol.citrus.report.JUnitReporter]: AutowiredFieldElement for private java.lang.String com.consol.citrus.report.JUnitReporter.failedTemplate
21:41:15,182 DEBUG on.InjectionMetadata| Registered injected element on class [com.consol.citrus.report.JUnitReporter]: AutowiredFieldElement for private java.lang.String com.consol.citrus.report.JUnitReporter.enabled
21:41:15,183 DEBUG tListableBeanFactory| Eagerly caching bean 'junitReporter' to allow for resolving potential circular references
21:41:15,185 DEBUG on.InjectionMetadata| Processing injected element of bean 'junitReporter': AutowiredFieldElement for private java.lang.String com.consol.citrus.report.AbstractTestReporter.reportDirectory
21:41:15,185 DEBUG rcesPropertyResolver| Could not find key 'citrus.report.directory:target/citrus-reports' in any property source
21:41:15,185 DEBUG rcesPropertyResolver| Could not find key 'citrus.report.directory' in any property source
21:41:15,185 DEBUG on.InjectionMetadata| Processing injected element of bean 'junitReporter': AutowiredFieldElement for private java.lang.String com.consol.citrus.report.AbstractTestReporter.autoClear
21:41:15,186 DEBUG rcesPropertyResolver| Could not find key 'citrus.report.auto.clear:true' in any property source
21:41:15,186 DEBUG rcesPropertyResolver| Could not find key 'citrus.report.auto.clear' in any property source
21:41:15,186 DEBUG on.InjectionMetadata| Processing injected element of bean 'junitReporter': AutowiredFieldElement for private java.lang.String com.consol.citrus.report.AbstractTestReporter.ignoreErrors
21:41:15,186 DEBUG rcesPropertyResolver| Could not find key 'citrus.report.ignore.errors:true' in any property source
21:41:15,186 DEBUG rcesPropertyResolver| Could not find key 'citrus.report.ignore.errors' in any property source
21:41:15,186 DEBUG on.InjectionMetadata| Processing injected element of bean 'junitReporter': AutowiredFieldElement for private java.lang.String com.consol.citrus.report.JUnitReporter.outputDirectory
21:41:15,186 DEBUG rcesPropertyResolver| Could not find key 'citrus.junit.report.directory:junitreports' in any property source
21:41:15,186 DEBUG rcesPropertyResolver| Could not find key 'citrus.junit.report.directory' in any property source
21:41:15,186 DEBUG on.InjectionMetadata| Processing injected element of bean 'junitReporter': AutowiredFieldElement for private java.lang.String com.consol.citrus.report.JUnitReporter.reportFileNamePattern
21:41:15,187 DEBUG rcesPropertyResolver| Could not find key 'citrus.junit.report.file.pattern:TEST-%s.xml' in any property source
21:41:15,187 DEBUG rcesPropertyResolver| Could not find key 'citrus.junit.report.file.pattern' in any property source
21:41:15,187 DEBUG on.InjectionMetadata| Processing injected element of bean 'junitReporter': AutowiredFieldElement for private java.lang.String com.consol.citrus.report.JUnitReporter.suiteName
21:41:15,187 DEBUG rcesPropertyResolver| Could not find key 'citrus.junit.report.suite.name:TestSuite' in any property source
21:41:15,187 DEBUG rcesPropertyResolver| Could not find key 'citrus.junit.report.suite.name' in any property source
21:41:15,187 DEBUG on.InjectionMetadata| Processing injected element of bean 'junitReporter': AutowiredFieldElement for private java.lang.String com.consol.citrus.report.JUnitReporter.reportTemplate
21:41:15,187 DEBUG rcesPropertyResolver| Could not find key 'citrus.junit.report.template:classpath:com/consol/citrus/report/junit-report.xml' in any property source
21:41:15,187 DEBUG rcesPropertyResolver| Could not find key 'citrus.junit.report.template' in any property source
21:41:15,188 DEBUG on.InjectionMetadata| Processing injected element of bean 'junitReporter': AutowiredFieldElement for private java.lang.String com.consol.citrus.report.JUnitReporter.successTemplate
21:41:15,188 DEBUG rcesPropertyResolver| Could not find key 'citrus.junit.report.success.template:classpath:com/consol/citrus/report/junit-test.xml' in any property source
21:41:15,188 DEBUG rcesPropertyResolver| Could not find key 'citrus.junit.report.success.template' in any property source
21:41:15,188 DEBUG on.InjectionMetadata| Processing injected element of bean 'junitReporter': AutowiredFieldElement for private java.lang.String com.consol.citrus.report.JUnitReporter.failedTemplate
21:41:15,188 DEBUG rcesPropertyResolver| Could not find key 'citrus.junit.report.failed.template:classpath:com/consol/citrus/report/junit-test-failed.xml' in any property source
21:41:15,188 DEBUG rcesPropertyResolver| Could not find key 'citrus.junit.report.failed.template' in any property source
21:41:15,188 DEBUG on.InjectionMetadata| Processing injected element of bean 'junitReporter': AutowiredFieldElement for private java.lang.String com.consol.citrus.report.JUnitReporter.enabled
21:41:15,188 DEBUG rcesPropertyResolver| Could not find key 'citrus.junit.report.enabled:true' in any property source
21:41:15,188 DEBUG rcesPropertyResolver| Could not find key 'citrus.junit.report.enabled' in any property source
21:41:15,188 DEBUG tListableBeanFactory| Finished creating instance of bean 'junitReporter'
21:41:15,189 DEBUG tListableBeanFactory| Creating shared instance of singleton bean 'failureStackTestListener'
21:41:15,189 DEBUG tListableBeanFactory| Creating instance of bean 'failureStackTestListener'
21:41:15,189 DEBUG tListableBeanFactory| Returning cached instance of singleton bean 'citrusSpringConfig'
21:41:15,190 DEBUG tListableBeanFactory| Eagerly caching bean 'failureStackTestListener' to allow for resolving potential circular references
21:41:15,193 DEBUG tListableBeanFactory| Finished creating instance of bean 'failureStackTestListener'
21:41:15,195 DEBUG ionBeanPostProcessor| Autowiring by type from bean name 'testListeners' to bean named 'loggingReporter'
21:41:15,195 DEBUG ionBeanPostProcessor| Autowiring by type from bean name 'testListeners' to bean named 'htmlReporter'
21:41:15,195 DEBUG ionBeanPostProcessor| Autowiring by type from bean name 'testListeners' to bean named 'junitReporter'
21:41:15,195 DEBUG ionBeanPostProcessor| Autowiring by type from bean name 'testListeners' to bean named 'failureStackTestListener'
21:41:15,195 DEBUG tListableBeanFactory| Finished creating instance of bean 'testListeners'
21:41:15,195 DEBUG ionBeanPostProcessor| Autowiring by type from bean name 'testContextFactory' to bean named 'testListeners'
21:41:15,195 DEBUG on.InjectionMetadata| Processing injected element of bean 'testContextFactory': AutowiredFieldElement for private com.consol.citrus.report.MessageListeners com.consol.citrus.context.TestContextFactory.messageListeners
21:41:15,196 DEBUG tListableBeanFactory| Creating shared instance of singleton bean 'messageListeners'
21:41:15,196 DEBUG tListableBeanFactory| Creating instance of bean 'messageListeners'
21:41:15,196 DEBUG tListableBeanFactory| Returning cached instance of singleton bean 'citrusSpringConfig'
21:41:15,197 DEBUG on.InjectionMetadata| Registered injected element on class [com.consol.citrus.report.MessageListeners]: AutowiredFieldElement for private java.util.List com.consol.citrus.report.MessageListeners.messageListener
21:41:15,198 DEBUG tListableBeanFactory| Eagerly caching bean 'messageListeners' to allow for resolving potential circular references
21:41:15,199 DEBUG on.InjectionMetadata| Processing injected element of bean 'messageListeners': AutowiredFieldElement for private java.util.List com.consol.citrus.report.MessageListeners.messageListener
21:41:15,200 DEBUG tListableBeanFactory| Returning cached instance of singleton bean 'loggingReporter'
21:41:15,200 DEBUG ionBeanPostProcessor| Autowiring by type from bean name 'messageListeners' to bean named 'loggingReporter'
21:41:15,200 DEBUG tListableBeanFactory| Finished creating instance of bean 'messageListeners'
21:41:15,200 DEBUG ionBeanPostProcessor| Autowiring by type from bean name 'testContextFactory' to bean named 'messageListeners'
21:41:15,200 DEBUG on.InjectionMetadata| Processing injected element of bean 'testContextFactory': AutowiredFieldElement for private com.consol.citrus.endpoint.EndpointFactory com.consol.citrus.context.TestContextFactory.endpointFactory
21:41:15,201 DEBUG tListableBeanFactory| Creating shared instance of singleton bean 'endpointFactory'
21:41:15,201 DEBUG tListableBeanFactory| Creating instance of bean 'endpointFactory'
21:41:15,201 DEBUG tListableBeanFactory| Returning cached instance of singleton bean 'citrusSpringConfig'
21:41:15,205 DEBUG on.InjectionMetadata| Registered injected element on class [com.consol.citrus.endpoint.DefaultEndpointFactory]: AutowiredFieldElement for private com.consol.citrus.context.ReferenceResolver com.consol.citrus.endpoint.DefaultEndpointFactory.referenceResolver
21:41:15,205 DEBUG tListableBeanFactory| Eagerly caching bean 'endpointFactory' to allow for resolving potential circular references
21:41:15,205 DEBUG on.InjectionMetadata| Processing injected element of bean 'endpointFactory': AutowiredFieldElement for private com.consol.citrus.context.ReferenceResolver com.consol.citrus.endpoint.DefaultEndpointFactory.referenceResolver
21:41:15,205 DEBUG tListableBeanFactory| Creating shared instance of singleton bean 'referenceResolver'
21:41:15,205 DEBUG tListableBeanFactory| Creating instance of bean 'referenceResolver'
21:41:15,205 DEBUG tListableBeanFactory| Returning cached instance of singleton bean 'citrusSpringConfig'
21:41:15,205 DEBUG tListableBeanFactory| Eagerly caching bean 'referenceResolver' to allow for resolving potential circular references
21:41:15,205 DEBUG tListableBeanFactory| Finished creating instance of bean 'referenceResolver'
21:41:15,205 DEBUG ionBeanPostProcessor| Autowiring by type from bean name 'endpointFactory' to bean named 'referenceResolver'
21:41:15,205 DEBUG tListableBeanFactory| Finished creating instance of bean 'endpointFactory'
21:41:15,205 DEBUG ionBeanPostProcessor| Autowiring by type from bean name 'testContextFactory' to bean named 'endpointFactory'
21:41:15,205 DEBUG on.InjectionMetadata| Processing injected element of bean 'testContextFactory': AutowiredFieldElement for private com.consol.citrus.context.ReferenceResolver com.consol.citrus.context.TestContextFactory.referenceResolver
21:41:15,205 DEBUG tListableBeanFactory| Returning cached instance of singleton bean 'referenceResolver'
21:41:15,205 DEBUG ionBeanPostProcessor| Autowiring by type from bean name 'testContextFactory' to bean named 'referenceResolver'
21:41:15,205 DEBUG on.InjectionMetadata| Processing injected element of bean 'testContextFactory': AutowiredFieldElement for private com.consol.citrus.validation.interceptor.GlobalMessageConstructionInterceptors com.consol.citrus.context.TestContextFactory.globalMessageConstructionInterceptors
21:41:15,205 DEBUG tListableBeanFactory| Creating shared instance of singleton bean 'globalMessageConstructionInterceptors'
21:41:15,205 DEBUG tListableBeanFactory| Creating instance of bean 'globalMessageConstructionInterceptors'
21:41:15,205 DEBUG tListableBeanFactory| Returning cached instance of singleton bean 'citrusSpringConfig'
21:41:15,205 DEBUG on.InjectionMetadata| Registered injected element on class [com.consol.citrus.validation.interceptor.GlobalMessageConstructionInterceptors]: AutowiredFieldElement for private java.util.List com.consol.citrus.validation.interceptor.GlobalMessageConstructionInterceptors.messageConstructionInterceptors
21:41:15,205 DEBUG tListableBeanFactory| Eagerly caching bean 'globalMessageConstructionInterceptors' to allow for resolving potential circular references
21:41:15,220 DEBUG on.InjectionMetadata| Processing injected element of bean 'globalMessageConstructionInterceptors': AutowiredFieldElement for private java.util.List com.consol.citrus.validation.interceptor.GlobalMessageConstructionInterceptors.messageConstructionInterceptors
21:41:15,220 DEBUG tListableBeanFactory| Finished creating instance of bean 'globalMessageConstructionInterceptors'
21:41:15,220 DEBUG ionBeanPostProcessor| Autowiring by type from bean name 'testContextFactory' to bean named 'globalMessageConstructionInterceptors'
21:41:15,220 DEBUG on.InjectionMetadata| Processing injected element of bean 'testContextFactory': AutowiredFieldElement for private com.consol.citrus.xml.namespace.NamespaceContextBuilder com.consol.citrus.context.TestContextFactory.namespaceContextBuilder
21:41:15,220 DEBUG tListableBeanFactory| Finished creating instance of bean 'testContextFactory'
21:41:15,220 DEBUG tListableBeanFactory| Returning cached instance of singleton bean 'endpointFactory'
21:41:15,220 DEBUG tListableBeanFactory| Returning cached instance of singleton bean 'referenceResolver'
21:41:15,220 DEBUG tListableBeanFactory| Returning cached instance of singleton bean 'globalMessageConstructionInterceptors'
21:41:15,220 DEBUG tListableBeanFactory| Returning cached instance of singleton bean 'loggingReporter'
21:41:15,220 DEBUG tListableBeanFactory| Returning cached instance of singleton bean 'htmlReporter'
21:41:15,220 DEBUG tListableBeanFactory| Returning cached instance of singleton bean 'junitReporter'
21:41:15,220 DEBUG tListableBeanFactory| Returning cached instance of singleton bean 'testListeners'
21:41:15,220 DEBUG tListableBeanFactory| Creating shared instance of singleton bean 'testActionListeners'
21:41:15,220 DEBUG tListableBeanFactory| Creating instance of bean 'testActionListeners'
21:41:15,220 DEBUG tListableBeanFactory| Returning cached instance of singleton bean 'citrusSpringConfig'
21:41:15,220 DEBUG on.InjectionMetadata| Registered injected element on class [com.consol.citrus.report.TestActionListeners]: AutowiredFieldElement for private java.util.List com.consol.citrus.report.TestActionListeners.testActionListeners
21:41:15,220 DEBUG tListableBeanFactory| Eagerly caching bean 'testActionListeners' to allow for resolving potential circular references
21:41:15,220 DEBUG on.InjectionMetadata| Processing injected element of bean 'testActionListeners': AutowiredFieldElement for private java.util.List com.consol.citrus.report.TestActionListeners.testActionListeners
21:41:15,220 DEBUG tListableBeanFactory| Returning cached instance of singleton bean 'loggingReporter'
21:41:15,220 DEBUG ionBeanPostProcessor| Autowiring by type from bean name 'testActionListeners' to bean named 'loggingReporter'
21:41:15,220 DEBUG tListableBeanFactory| Finished creating instance of bean 'testActionListeners'
21:41:15,220 DEBUG tListableBeanFactory| Creating shared instance of singleton bean 'testSuiteListeners'
21:41:15,220 DEBUG tListableBeanFactory| Creating instance of bean 'testSuiteListeners'
21:41:15,220 DEBUG tListableBeanFactory| Returning cached instance of singleton bean 'citrusSpringConfig'
21:41:15,220 DEBUG on.InjectionMetadata| Registered injected element on class [com.consol.citrus.report.TestSuiteListeners]: AutowiredFieldElement for private java.util.List com.consol.citrus.report.TestSuiteListeners.testSuiteListeners
21:41:15,220 DEBUG tListableBeanFactory| Eagerly caching bean 'testSuiteListeners' to allow for resolving potential circular references
21:41:15,220 DEBUG on.InjectionMetadata| Processing injected element of bean 'testSuiteListeners': AutowiredFieldElement for private java.util.List com.consol.citrus.report.TestSuiteListeners.testSuiteListeners
21:41:15,220 DEBUG tListableBeanFactory| Returning cached instance of singleton bean 'loggingReporter'
21:41:15,220 DEBUG tListableBeanFactory| Returning cached instance of singleton bean 'htmlReporter'
21:41:15,220 DEBUG tListableBeanFactory| Returning cached instance of singleton bean 'junitReporter'
21:41:15,220 DEBUG ionBeanPostProcessor| Autowiring by type from bean name 'testSuiteListeners' to bean named 'loggingReporter'
21:41:15,220 DEBUG ionBeanPostProcessor| Autowiring by type from bean name 'testSuiteListeners' to bean named 'htmlReporter'
21:41:15,220 DEBUG ionBeanPostProcessor| Autowiring by type from bean name 'testSuiteListeners' to bean named 'junitReporter'
21:41:15,220 DEBUG tListableBeanFactory| Finished creating instance of bean 'testSuiteListeners'
21:41:15,220 DEBUG tListableBeanFactory| Returning cached instance of singleton bean 'messageListeners'
21:41:15,220 DEBUG tListableBeanFactory| Returning cached instance of singleton bean 'failureStackTestListener'
21:41:15,220 DEBUG tListableBeanFactory| Creating shared instance of singleton bean 'com.citrus.demo.citrustest.EndpointConfig'
21:41:15,220 DEBUG tListableBeanFactory| Creating instance of bean 'com.citrus.demo.citrustest.EndpointConfig'
21:41:15,220 DEBUG tListableBeanFactory| Eagerly caching bean 'com.citrus.demo.citrustest.EndpointConfig' to allow for resolving potential circular references
21:41:15,236 DEBUG tListableBeanFactory| Finished creating instance of bean 'com.citrus.demo.citrustest.EndpointConfig'
21:41:15,236 DEBUG tListableBeanFactory| Creating shared instance of singleton bean 'oAuthClient'
21:41:15,236 DEBUG tListableBeanFactory| Creating instance of bean 'oAuthClient'
21:41:15,236 DEBUG tListableBeanFactory| Returning cached instance of singleton bean 'com.citrus.demo.citrustest.EndpointConfig'
21:41:15,408 DEBUG tListableBeanFactory| Eagerly caching bean 'oAuthClient' to allow for resolving potential circular references
21:41:15,408 DEBUG tListableBeanFactory| Finished creating instance of bean 'oAuthClient'
21:41:15,423 DEBUG tListableBeanFactory| Creating shared instance of singleton bean 'locationServiceClient'
21:41:15,423 DEBUG tListableBeanFactory| Creating instance of bean 'locationServiceClient'
21:41:15,423 DEBUG tListableBeanFactory| Returning cached instance of singleton bean 'com.citrus.demo.citrustest.EndpointConfig'
21:41:15,423 DEBUG tListableBeanFactory| Eagerly caching bean 'locationServiceClient' to allow for resolving potential circular references
21:41:15,423 DEBUG tListableBeanFactory| Finished creating instance of bean 'locationServiceClient'
21:41:15,423 DEBUG tListableBeanFactory| Returning cached instance of singleton bean 'org.springframework.context.event.internalEventListenerFactory'
21:41:15,493 DEBUG icApplicationContext| Unable to locate LifecycleProcessor with name 'lifecycleProcessor': using default [org.springframework.context.support.DefaultLifecycleProcessor@53142455]
21:41:15,495 DEBUG tListableBeanFactory| Returning cached instance of singleton bean 'lifecycleProcessor'
21:41:15,500 DEBUG rcesPropertyResolver| Could not find key 'spring.liveBeansView.mbeanDomain' in any property source
21:41:15,503 DEBUG ontextLoaderDelegate| Storing ApplicationContext in cache under key [[MergedContextConfiguration@4fe767f3 testClass = CitrusSampleTest, locations = '{}', classes = '{class com.consol.citrus.config.CitrusSpringConfig}', contextInitializerClasses = '[]', activeProfiles = '{}', propertySourceLocations = '{}', propertySourceProperties = '{}', contextCustomizers = set[[empty]], contextLoader = 'org.springframework.test.context.support.DelegatingSmartContextLoader', parent = [null]]]
21:41:15,504 DEBUG        context.cache| Spring test ApplicationContext cache statistics: [DefaultContextCache@3cc41abc size = 1, maxSize = 32, parentContextCount = 0, hitCount = 0, missCount = 1]
21:41:15,598 DEBUG on.InjectionMetadata| Processing injected element of bean 'com.citrus.demo.citrustest.CitrusSampleTest': AutowiredFieldElement for com.consol.citrus.http.client.HttpClient com.citrus.demo.citrustest.CitrusSampleTest.oAuthClient
21:41:15,599 DEBUG tListableBeanFactory| Returning cached instance of singleton bean 'oAuthClient'
21:41:15,599 DEBUG tListableBeanFactory| Returning cached instance of singleton bean 'locationServiceClient'
21:41:15,600 DEBUG ionBeanPostProcessor| Autowiring by type from bean name 'com.citrus.demo.citrustest.CitrusSampleTest' to bean named 'oAuthClient'
21:41:15,600 DEBUG on.InjectionMetadata| Processing injected element of bean 'com.citrus.demo.citrustest.CitrusSampleTest': AutowiredFieldElement for com.consol.citrus.http.client.HttpClient com.citrus.demo.citrustest.CitrusSampleTest.locationServiceClient
21:41:15,600 DEBUG tListableBeanFactory| Returning cached instance of singleton bean 'oAuthClient'
21:41:15,600 DEBUG tListableBeanFactory| Returning cached instance of singleton bean 'locationServiceClient'
21:41:15,601 DEBUG ionBeanPostProcessor| Autowiring by type from bean name 'com.citrus.demo.citrustest.CitrusSampleTest' to bean named 'locationServiceClient'
21:41:15,604 DEBUG tListableBeanFactory| Returning cached instance of singleton bean 'testListeners'
21:41:15,605 DEBUG tListableBeanFactory| Returning cached instance of singleton bean 'testSuiteListeners'
21:41:15,605 DEBUG tListableBeanFactory| Returning cached instance of singleton bean 'testContextFactory'
21:41:15,615 INFO  port.LoggingReporter| 
21:41:15,615 INFO  port.LoggingReporter| ------------------------------------------------------------------------
21:41:15,615 INFO  port.LoggingReporter|        .__  __                       
21:41:15,615 INFO  port.LoggingReporter|   ____ |__|/  |________ __ __  ______
21:41:15,615 INFO  port.LoggingReporter| _/ ___\|  \   __\_  __ \  |  \/  ___/
21:41:15,615 INFO  port.LoggingReporter| \  \___|  ||  |  |  | \/  |  /\___ \ 
21:41:15,615 INFO  port.LoggingReporter|  \___  >__||__|  |__|  |____//____  >
21:41:15,615 INFO  port.LoggingReporter|      \/                           \/
21:41:15,615 INFO  port.LoggingReporter| 
21:41:15,615 INFO  port.LoggingReporter| C I T R U S  T E S T S  2.8.0
21:41:15,615 INFO  port.LoggingReporter| 
21:41:15,615 INFO  port.LoggingReporter| ------------------------------------------------------------------------
21:41:15,615 DEBUG port.LoggingReporter| BEFORE TEST SUITE
21:41:15,616 INFO  port.LoggingReporter| 
21:41:15,616 INFO  port.LoggingReporter| 
21:41:15,616 INFO  port.LoggingReporter| BEFORE TEST SUITE: SUCCESS
21:41:15,616 INFO  port.LoggingReporter| ------------------------------------------------------------------------
21:41:15,616 INFO  port.LoggingReporter| 
21:41:15,680 DEBUG estExecutionListener| Before test class: context [DefaultTestContext@23529fee testClass = CitrusSampleTest, testInstance = [null], testMethod = [null], testException = [null], mergedContextConfiguration = [MergedContextConfiguration@4fe767f3 testClass = CitrusSampleTest, locations = '{}', classes = '{class com.consol.citrus.config.CitrusSpringConfig}', contextInitializerClasses = '[]', activeProfiles = '{}', propertySourceLocations = '{}', propertySourceProperties = '{}', contextCustomizers = set[[empty]], contextLoader = 'org.springframework.test.context.support.DelegatingSmartContextLoader', parent = [null]], attributes = map[[empty]]], class annotated with @DirtiesContext [false] with mode [null].
21:41:15,680 DEBUG estExecutionListener| Performing dependency injection for test context [[DefaultTestContext@23529fee testClass = CitrusSampleTest, testInstance = com.citrus.demo.citrustest.CitrusSampleTest@2aece37d, testMethod = [null], testException = [null], mergedContextConfiguration = [MergedContextConfiguration@4fe767f3 testClass = CitrusSampleTest, locations = '{}', classes = '{class com.consol.citrus.config.CitrusSpringConfig}', contextInitializerClasses = '[]', activeProfiles = '{}', propertySourceLocations = '{}', propertySourceProperties = '{}', contextCustomizers = set[[empty]], contextLoader = 'org.springframework.test.context.support.DelegatingSmartContextLoader', parent = [null]], attributes = map[[empty]]]].
21:41:15,680 DEBUG ontextLoaderDelegate| Retrieved ApplicationContext from cache with key [[MergedContextConfiguration@4fe767f3 testClass = CitrusSampleTest, locations = '{}', classes = '{class com.consol.citrus.config.CitrusSpringConfig}', contextInitializerClasses = '[]', activeProfiles = '{}', propertySourceLocations = '{}', propertySourceProperties = '{}', contextCustomizers = set[[empty]], contextLoader = 'org.springframework.test.context.support.DelegatingSmartContextLoader', parent = [null]]]
21:41:15,680 DEBUG        context.cache| Spring test ApplicationContext cache statistics: [DefaultContextCache@3cc41abc size = 1, maxSize = 32, parentContextCount = 0, hitCount = 1, missCount = 1]
21:41:15,680 DEBUG on.InjectionMetadata| Processing injected element of bean 'com.citrus.demo.citrustest.CitrusSampleTest': AutowiredFieldElement for com.consol.citrus.http.client.HttpClient com.citrus.demo.citrustest.CitrusSampleTest.oAuthClient
21:41:15,680 DEBUG tListableBeanFactory| Returning cached instance of singleton bean 'oAuthClient'
21:41:15,680 DEBUG on.InjectionMetadata| Processing injected element of bean 'com.citrus.demo.citrustest.CitrusSampleTest': AutowiredFieldElement for com.consol.citrus.http.client.HttpClient com.citrus.demo.citrustest.CitrusSampleTest.locationServiceClient
21:41:15,680 DEBUG tListableBeanFactory| Returning cached instance of singleton bean 'locationServiceClient'
21:41:15,680 DEBUG estExecutionListener| Before test method: context [DefaultTestContext@23529fee testClass = CitrusSampleTest, testInstance = com.citrus.demo.citrustest.CitrusSampleTest@2aece37d, testMethod = test@CitrusSampleTest, testException = [null], mergedContextConfiguration = [MergedContextConfiguration@4fe767f3 testClass = CitrusSampleTest, locations = '{}', classes = '{class com.consol.citrus.config.CitrusSpringConfig}', contextInitializerClasses = '[]', activeProfiles = '{}', propertySourceLocations = '{}', propertySourceProperties = '{}', contextCustomizers = set[[empty]], contextLoader = 'org.springframework.test.context.support.DelegatingSmartContextLoader', parent = [null]], attributes = map[[empty]]], class annotated with @DirtiesContext [false] with mode [null], method annotated with @DirtiesContext [false] with mode [null].
21:41:15,680 DEBUG t.TestContextFactory| Created new test context - using global variables: '{}'
21:41:15,696 DEBUG tListableBeanFactory| Returning cached instance of singleton bean 'testActionListeners'
21:41:15,696 INFO  port.LoggingReporter| 
21:41:15,696 INFO  port.LoggingReporter| ------------------------------------------------------------------------
21:41:15,696 DEBUG port.LoggingReporter| STARTING TEST CitrusSampleTest.test <com.citrus.demo.citrustest>
21:41:15,696 INFO  port.LoggingReporter| 
21:41:15,696 DEBUG      citrus.TestCase| Initializing test case
21:41:15,696 DEBUG  context.TestContext| Setting variable: citrus.test.name with value: 'CitrusSampleTest.test'
21:41:15,696 DEBUG  context.TestContext| Setting variable: citrus.test.package with value: 'com.citrus.demo.citrustest'
21:41:15,696 DEBUG      citrus.TestCase| Test variables:
21:41:15,696 DEBUG      citrus.TestCase| citrus.test.package = com.citrus.demo.citrustest
21:41:15,696 DEBUG      citrus.TestCase| citrus.test.name = CitrusSampleTest.test
21:41:15,712 INFO  port.LoggingReporter| 
21:41:15,712 DEBUG port.LoggingReporter| TEST STEP 1: send
21:41:17,027 DEBUG ltCorrelationManager| Saving correlation key for 'citrus_message_correlator_oAuthClient'
21:41:17,027 DEBUG  context.TestContext| Setting variable: citrus_message_correlator_oAuthClient with value: 'citrus_message_id = 'a0ea6e3e-5adb-4fa9-9b20-1ec4c97e34f6''
21:41:17,027 DEBUG    client.HttpClient| Sending HTTP message to: 'https://test-lmidp.libertymutual.com/as/token.oauth2'
21:41:17,027 DEBUG    client.HttpClient| Message to send:
grant_type=client_credentials&scope:CI_ATWORK_COM
21:41:17,042 DEBUG aultHttpHeaderMapper| outboundHeaderNames=[Accept, Accept-Charset, Accept-Encoding, Accept-Language, Accept-Ranges, Authorization, Cache-Control, Connection, Content-Length, Content-Type, Cookie, Date, Expect, From, Host, If-Match, If-Modified-Since, If-None-Match, If-Range, If-Unmodified-Since, Max-Forwards, Pragma, Proxy-Authorization, Range, Referer, TE, Upgrade, User-Agent, Via, Warning]
21:41:17,042 DEBUG aultHttpHeaderMapper| headerName=[citrus_message_timestamp] WILL NOT be mapped
21:41:17,042 DEBUG aultHttpHeaderMapper| headerName=[authorization] WILL be mapped, matched pattern=authorization
21:41:17,042 DEBUG aultHttpHeaderMapper| setting headerName=[Authorization], value=Basic Y2lfbmlwbGNtc2NsaWVudF80Ojk1NWJlMWFjLWQzYWYtNGM4Ni1iOGNiLWU0ZjY5YmJhZmM1ZA==
21:41:17,042 DEBUG aultHttpHeaderMapper| headerName=[citrus_message_type] WILL NOT be mapped
21:41:17,042 DEBUG aultHttpHeaderMapper| headerName=[citrus_request_path] WILL NOT be mapped
21:41:17,042 DEBUG aultHttpHeaderMapper| headerName=[citrus_http_request_uri] WILL NOT be mapped
21:41:17,042 DEBUG aultHttpHeaderMapper| headerName=[id] WILL NOT be mapped
21:41:17,042 DEBUG aultHttpHeaderMapper| headerName=[citrus_message_id] WILL NOT be mapped
21:41:17,042 DEBUG aultHttpHeaderMapper| headerName=[citrus_http_method] WILL NOT be mapped
21:41:17,042 DEBUG aultHttpHeaderMapper| headerName=[content-type] WILL be mapped, matched pattern=content-type
21:41:17,058 DEBUG aultHttpHeaderMapper| setting headerName=[Content-Type], value=application/x-www-form-urlencoded
21:41:17,058 DEBUG aultHttpHeaderMapper| headerName=[timestamp] WILL NOT be mapped
21:41:17,058 DEBUG  client.RestTemplate| Created POST request for "https://test-lmidp.libertymutual.com/as/token.oauth2"
21:41:17,074 DEBUG  client.RestTemplate| Setting request Accept header to [text/plain, application/json, application/*+json, */*]
21:41:17,074 DEBUG  client.RestTemplate| Writing [grant_type=client_credentials&scope:CI_ATWORK_COM] as "application/x-www-form-urlencoded" using [org.springframework.http.converter.StringHttpMessageConverter@403132fc]
21:41:17,350 DEBUG ingClientInterceptor| Sending Http request message
21:41:17,350 DEBUG   Logger.Message_OUT| POST https://test-lmidp.libertymutual.com/as/token.oauth2
Accept:text/plain, application/json, application/*+json, */*
Authorization:Basic Y2lfbmlwbGNtc2NsaWVudF80Ojk1NWJlMWFjLWQzYWYtNGM4Ni1iOGNiLWU0ZjY5YmJhZmM1ZA==
Content-Type:application/x-www-form-urlencoded
Content-Length:49
Accept-Charset:big5, big5-hkscs, cesu-8, euc-jp, euc-kr, gb18030, gb2312, gbk, ibm-thai, ibm00858, ibm01140, ibm01141, ibm01142, ibm01143, ibm01144, ibm01145, ibm01146, ibm01147, ibm01148, ibm01149, ibm037, ibm1026, ibm1047, ibm273, ibm277, ibm278, ibm280, ibm284, ibm285, ibm290, ibm297, ibm420, ibm424, ibm437, ibm500, ibm775, ibm850, ibm852, ibm855, ibm857, ibm860, ibm861, ibm862, ibm863, ibm864, ibm865, ibm866, ibm868, ibm869, ibm870, ibm871, ibm918, iso-2022-cn, iso-2022-jp, iso-2022-jp-2, iso-2022-kr, iso-8859-1, iso-8859-13, iso-8859-15, iso-8859-2, iso-8859-3, iso-8859-4, iso-8859-5, iso-8859-6, iso-8859-7, iso-8859-8, iso-8859-9, jis_x0201, jis_x0212-1990, koi8-r, koi8-u, shift_jis, tis-620, us-ascii, utf-16, utf-16be, utf-16le, utf-32, utf-32be, utf-32le, utf-8, windows-1250, windows-1251, windows-1252, windows-1253, windows-1254, windows-1255, windows-1256, windows-1257, windows-1258, windows-31j, x-big5-hkscs-2001, x-big5-solaris, x-euc-jp-linux, x-euc-tw, x-eucjp-open, x-ibm1006, x-ibm1025, x-ibm1046, x-ibm1097, x-ibm1098, x-ibm1112, x-ibm1122, x-ibm1123, x-ibm1124, x-ibm1166, x-ibm1364, x-ibm1381, x-ibm1383, x-ibm300, x-ibm33722, x-ibm737, x-ibm833, x-ibm834, x-ibm856, x-ibm874, x-ibm875, x-ibm921, x-ibm922, x-ibm930, x-ibm933, x-ibm935, x-ibm937, x-ibm939, x-ibm942, x-ibm942c, x-ibm943, x-ibm943c, x-ibm948, x-ibm949, x-ibm949c, x-ibm950, x-ibm964, x-ibm970, x-iscii91, x-iso-2022-cn-cns, x-iso-2022-cn-gb, x-iso-8859-11, x-jis0208, x-jisautodetect, x-johab, x-macarabic, x-maccentraleurope, x-maccroatian, x-maccyrillic, x-macdingbat, x-macgreek, x-machebrew, x-maciceland, x-macroman, x-macromania, x-macsymbol, x-macthai, x-macturkish, x-macukraine, x-ms932_0213, x-ms950-hkscs, x-ms950-hkscs-xp, x-mswin-936, x-pck, x-sjis_0213, x-utf-16le-bom, x-utf-32be-bom, x-utf-32le-bom, x-windows-50220, x-windows-50221, x-windows-874, x-windows-949, x-windows-950, x-windows-iso2022jp

grant_type=client_credentials&scope:CI_ATWORK_COM
21:41:17,397 DEBUG ol.RequestAddCookies| CookieSpec selected: default
21:41:17,444 DEBUG col.RequestAuthCache| Auth cache not set in the context
21:41:17,444 DEBUG entConnectionManager| Connection request: [route: {s}->https://test-lmidp.libertymutual.com:443][total kept alive: 0; route allocated: 0 of 5; total allocated: 0 of 10]
21:41:17,475 DEBUG entConnectionManager| Connection leased: [id: 0][route: {s}->https://test-lmidp.libertymutual.com:443][total kept alive: 0; route allocated: 1 of 5; total allocated: 1 of 10]
21:41:17,500 DEBUG chain.MainClientExec| Opening connection {s}->https://test-lmidp.libertymutual.com:443
21:41:17,549 DEBUG ntConnectionOperator| Connecting to test-lmidp.libertymutual.com/10.183.118.192:443
21:41:17,549 DEBUG nectionSocketFactory| Connecting socket to test-lmidp.libertymutual.com/10.183.118.192:443 with timeout 0
21:41:17,705 DEBUG nectionSocketFactory| Enabled protocols: [TLSv1, TLSv1.1, TLSv1.2]
21:41:17,705 DEBUG nectionSocketFactory| Enabled cipher suites:[TLS_ECDHE_ECDSA_WITH_AES_128_CBC_SHA256, TLS_ECDHE_RSA_WITH_AES_128_CBC_SHA256, TLS_RSA_WITH_AES_128_CBC_SHA256, TLS_ECDH_ECDSA_WITH_AES_128_CBC_SHA256, TLS_ECDH_RSA_WITH_AES_128_CBC_SHA256, TLS_DHE_RSA_WITH_AES_128_CBC_SHA256, TLS_DHE_DSS_WITH_AES_128_CBC_SHA256, TLS_ECDHE_ECDSA_WITH_AES_128_CBC_SHA, TLS_ECDHE_RSA_WITH_AES_128_CBC_SHA, TLS_RSA_WITH_AES_128_CBC_SHA, TLS_ECDH_ECDSA_WITH_AES_128_CBC_SHA, TLS_ECDH_RSA_WITH_AES_128_CBC_SHA, TLS_DHE_RSA_WITH_AES_128_CBC_SHA, TLS_DHE_DSS_WITH_AES_128_CBC_SHA, TLS_ECDHE_ECDSA_WITH_AES_128_GCM_SHA256, TLS_ECDHE_RSA_WITH_AES_128_GCM_SHA256, TLS_RSA_WITH_AES_128_GCM_SHA256, TLS_ECDH_ECDSA_WITH_AES_128_GCM_SHA256, TLS_ECDH_RSA_WITH_AES_128_GCM_SHA256, TLS_DHE_RSA_WITH_AES_128_GCM_SHA256, TLS_DHE_DSS_WITH_AES_128_GCM_SHA256, TLS_ECDHE_ECDSA_WITH_3DES_EDE_CBC_SHA, TLS_ECDHE_RSA_WITH_3DES_EDE_CBC_SHA, SSL_RSA_WITH_3DES_EDE_CBC_SHA, TLS_ECDH_ECDSA_WITH_3DES_EDE_CBC_SHA, TLS_ECDH_RSA_WITH_3DES_EDE_CBC_SHA, SSL_DHE_RSA_WITH_3DES_EDE_CBC_SHA, SSL_DHE_DSS_WITH_3DES_EDE_CBC_SHA, TLS_EMPTY_RENEGOTIATION_INFO_SCSV]
21:41:17,705 DEBUG nectionSocketFactory| Starting handshake
21:41:17,877 DEBUG nectionSocketFactory| Secure session established
21:41:17,877 DEBUG nectionSocketFactory|  negotiated protocol: TLSv1.2
21:41:17,877 DEBUG nectionSocketFactory|  negotiated cipher suite: TLS_DHE_RSA_WITH_AES_128_GCM_SHA256
21:41:17,877 DEBUG nectionSocketFactory|  peer principal: CN=test-lmidp.libertymutual.com, OU=HS, O=Liberty Mutual Group, L=Portsmouth, ST=New Hampshire, C=US
21:41:17,877 DEBUG nectionSocketFactory|  peer alternative names: [test-lmidp.libertymutual.com, test-access-int-pdc.libertymutual.com, test-access-ext-pdc.libertymutual.com, test-lmidp.lmig.com, test-lmidp-kdc-accessadmext.libertymutual.com, test-lmidp-pdc-accessadmext.libertymutual.com, test-lmidp-accessadmext.libertymutual.com, test-lmidp-kdc-accessadmint.libertymutual.com, test-lmidp-pdc-accessadmint.libertymutual.com, test-lmidp-accessadmint.libertymutual.com, test-lmidp-kdc-fedadm.libertymutual.com, test-lmidp-pdc-fedadm.libertymutual.com, test-lmidp-fedadm.libertymutual.com, test-lmidp-rdc.libertymutual.com, test-lmidp-kdc.libertymutual.com, test-lmidp-pdc.libertymutual.com]
21:41:17,877 DEBUG nectionSocketFactory|  issuer principal: CN=Entrust Certification Authority - L1K, OU="(c) 2012 Entrust, Inc. - for authorized use only", OU=See www.entrust.net/legal-terms, O="Entrust, Inc.", C=US
21:41:17,877 DEBUG ntConnectionOperator| Connection established 10.172.134.98:59520<->10.183.118.192:443
21:41:17,877 DEBUG chain.MainClientExec| Executing request POST /as/token.oauth2 HTTP/1.1
21:41:17,877 DEBUG chain.MainClientExec| Proxy auth state: UNCHALLENGED
21:41:17,892 DEBUG         http.headers| http-outgoing-0 >> POST /as/token.oauth2 HTTP/1.1
21:41:17,892 DEBUG         http.headers| http-outgoing-0 >> Accept: text/plain, application/json, application/*+json, */*
21:41:17,892 DEBUG         http.headers| http-outgoing-0 >> Authorization: Basic Y2lfbmlwbGNtc2NsaWVudF80Ojk1NWJlMWFjLWQzYWYtNGM4Ni1iOGNiLWU0ZjY5YmJhZmM1ZA==
21:41:17,892 DEBUG         http.headers| http-outgoing-0 >> Content-Type: application/x-www-form-urlencoded
21:41:17,892 DEBUG         http.headers| http-outgoing-0 >> Accept-Charset: big5, big5-hkscs, cesu-8, euc-jp, euc-kr, gb18030, gb2312, gbk, ibm-thai, ibm00858, ibm01140, ibm01141, ibm01142, ibm01143, ibm01144, ibm01145, ibm01146, ibm01147, ibm01148, ibm01149, ibm037, ibm1026, ibm1047, ibm273, ibm277, ibm278, ibm280, ibm284, ibm285, ibm290, ibm297, ibm420, ibm424, ibm437, ibm500, ibm775, ibm850, ibm852, ibm855, ibm857, ibm860, ibm861, ibm862, ibm863, ibm864, ibm865, ibm866, ibm868, ibm869, ibm870, ibm871, ibm918, iso-2022-cn, iso-2022-jp, iso-2022-jp-2, iso-2022-kr, iso-8859-1, iso-8859-13, iso-8859-15, iso-8859-2, iso-8859-3, iso-8859-4, iso-8859-5, iso-8859-6, iso-8859-7, iso-8859-8, iso-8859-9, jis_x0201, jis_x0212-1990, koi8-r, koi8-u, shift_jis, tis-620, us-ascii, utf-16, utf-16be, utf-16le, utf-32, utf-32be, utf-32le, utf-8, windows-1250, windows-1251, windows-1252, windows-1253, windows-1254, windows-1255, windows-1256, windows-1257, windows-1258, windows-31j, x-big5-hkscs-2001, x-big5-solaris, x-euc-jp-linux, x-euc-tw, x-eucjp-open, x-ibm1006, x-ibm1025, x-ibm1046, x-ibm1097, x-ibm1098, x-ibm1112, x-ibm1122, x-ibm1123, x-ibm1124, x-ibm1166, x-ibm1364, x-ibm1381, x-ibm1383, x-ibm300, x-ibm33722, x-ibm737, x-ibm833, x-ibm834, x-ibm856, x-ibm874, x-ibm875, x-ibm921, x-ibm922, x-ibm930, x-ibm933, x-ibm935, x-ibm937, x-ibm939, x-ibm942, x-ibm942c, x-ibm943, x-ibm943c, x-ibm948, x-ibm949, x-ibm949c, x-ibm950, x-ibm964, x-ibm970, x-iscii91, x-iso-2022-cn-cns, x-iso-2022-cn-gb, x-iso-8859-11, x-jis0208, x-jisautodetect, x-johab, x-macarabic, x-maccentraleurope, x-maccroatian, x-maccyrillic, x-macdingbat, x-macgreek, x-machebrew, x-maciceland, x-macroman, x-macromania, x-macsymbol, x-macthai, x-macturkish, x-macukraine, x-ms932_0213, x-ms950-hkscs, x-ms950-hkscs-xp, x-mswin-936, x-pck, x-sjis_0213, x-utf-16le-bom, x-utf-32be-bom, x-utf-32le-bom, x-windows-50220, x-windows-50221, x-windows-874, x-windows-949, x-windows-950, x-windows-iso2022jp
21:41:17,892 DEBUG         http.headers| http-outgoing-0 >> Content-Length: 49
21:41:17,892 DEBUG         http.headers| http-outgoing-0 >> Host: test-lmidp.libertymutual.com
21:41:17,892 DEBUG         http.headers| http-outgoing-0 >> Connection: Keep-Alive
21:41:17,892 DEBUG         http.headers| http-outgoing-0 >> User-Agent: Apache-HttpClient/4.5.5 (Java/1.8.0_151)
21:41:17,892 DEBUG         http.headers| http-outgoing-0 >> Accept-Encoding: gzip,deflate
21:41:17,892 DEBUG            http.wire| http-outgoing-0 >> "POST /as/token.oauth2 HTTP/1.1[\r][\n]"
21:41:17,892 DEBUG            http.wire| http-outgoing-0 >> "Accept: text/plain, application/json, application/*+json, */*[\r][\n]"
21:41:17,892 DEBUG            http.wire| http-outgoing-0 >> "Authorization: Basic Y2lfbmlwbGNtc2NsaWVudF80Ojk1NWJlMWFjLWQzYWYtNGM4Ni1iOGNiLWU0ZjY5YmJhZmM1ZA==[\r][\n]"
21:41:17,892 DEBUG            http.wire| http-outgoing-0 >> "Content-Type: application/x-www-form-urlencoded[\r][\n]"
21:41:17,892 DEBUG            http.wire| http-outgoing-0 >> "Accept-Charset: big5, big5-hkscs, cesu-8, euc-jp, euc-kr, gb18030, gb2312, gbk, ibm-thai, ibm00858, ibm01140, ibm01141, ibm01142, ibm01143, ibm01144, ibm01145, ibm01146, ibm01147, ibm01148, ibm01149, ibm037, ibm1026, ibm1047, ibm273, ibm277, ibm278, ibm280, ibm284, ibm285, ibm290, ibm297, ibm420, ibm424, ibm437, ibm500, ibm775, ibm850, ibm852, ibm855, ibm857, ibm860, ibm861, ibm862, ibm863, ibm864, ibm865, ibm866, ibm868, ibm869, ibm870, ibm871, ibm918, iso-2022-cn, iso-2022-jp, iso-2022-jp-2, iso-2022-kr, iso-8859-1, iso-8859-13, iso-8859-15, iso-8859-2, iso-8859-3, iso-8859-4, iso-8859-5, iso-8859-6, iso-8859-7, iso-8859-8, iso-8859-9, jis_x0201, jis_x0212-1990, koi8-r, koi8-u, shift_jis, tis-620, us-ascii, utf-16, utf-16be, utf-16le, utf-32, utf-32be, utf-32le, utf-8, windows-1250, windows-1251, windows-1252, windows-1253, windows-1254, windows-1255, windows-1256, windows-1257, windows-1258, windows-31j, x-big5-hkscs-2001, x-big5-solaris, x-euc-jp-linux, x-euc-tw, x-eucjp-open, x-ibm1006, x-ibm1025, x-ibm1046, x-ibm1097, x-ibm1098, x-ibm1112, x-ibm1122, x-ibm1123, x-ibm1124, x-ibm1166, x-ibm1364, x-ibm1381, x-ibm1383, x-ibm300, x-ibm33722, x-ibm737, x-ibm833, x-ibm834, x-ibm856, x-ibm874, x-ibm875, x-ibm921, x-ibm922, x-ibm930, x-ibm933, x-ibm935, x-ibm937, x-ibm939, x-ibm942, x-ibm942c, x-ibm943, x-ibm943c, x-ibm948, x-ibm949, x-ibm949c, x-ibm950, x-ibm964, x-ibm970, x-iscii91, x-iso-2022-cn-cns, x-iso-2022-cn-gb, x-iso-8859-11, x-jis0208, x-jisautodetect, x-johab, x-macarabic, x-maccentraleurope, x-maccroatian, x-maccyrillic, x-macdingbat, x-macgreek, x-machebrew, x-maciceland, x-macroman, x-macromania, x-macsymbol, x-macthai, x-macturkish, x-macukraine, x-ms932_0213, x-ms950-hkscs, x-ms950-hkscs-xp, x-mswin-936, x-pck, x-sjis_0213, x-utf-16le-bom, x-utf-32be-bom, x-utf-32le-bom, x-windows-50220, x-windows-50221, x-windows-874, x-windows-949, x-windows-950, x-windows-iso2022jp[\r][\n]"
21:41:17,892 DEBUG            http.wire| http-outgoing-0 >> "Content-Length: 49[\r][\n]"
21:41:17,892 DEBUG            http.wire| http-outgoing-0 >> "Host: test-lmidp.libertymutual.com[\r][\n]"
21:41:17,892 DEBUG            http.wire| http-outgoing-0 >> "Connection: Keep-Alive[\r][\n]"
21:41:17,892 DEBUG            http.wire| http-outgoing-0 >> "User-Agent: Apache-HttpClient/4.5.5 (Java/1.8.0_151)[\r][\n]"
21:41:17,892 DEBUG            http.wire| http-outgoing-0 >> "Accept-Encoding: gzip,deflate[\r][\n]"
21:41:17,892 DEBUG            http.wire| http-outgoing-0 >> "[\r][\n]"
21:41:17,892 DEBUG            http.wire| http-outgoing-0 >> "grant_type=client_credentials&scope:CI_ATWORK_COM"
21:41:17,924 DEBUG            http.wire| http-outgoing-0 << "HTTP/1.1 200 OK[\r][\n]"
21:41:17,924 DEBUG            http.wire| http-outgoing-0 << "Date: Sun, 12 May 2019 01:41:17 GMT[\r][\n]"
21:41:17,924 DEBUG            http.wire| http-outgoing-0 << "Cache-Control: no-cache, no-store[\r][\n]"
21:41:17,924 DEBUG            http.wire| http-outgoing-0 << "Pragma: no-cache[\r][\n]"
21:41:17,924 DEBUG            http.wire| http-outgoing-0 << "Expires: Thu, 01 Jan 1970 00:00:00 GMT[\r][\n]"
21:41:17,924 DEBUG            http.wire| http-outgoing-0 << "Content-Type: application/json;charset=utf-8[\r][\n]"
21:41:17,924 DEBUG            http.wire| http-outgoing-0 << "Set-Cookie: PF=WiSVSYtrfDfA5iagLoydgD;Path=/;Secure;HttpOnly[\r][\n]"
21:41:17,924 DEBUG            http.wire| http-outgoing-0 << "Transfer-Encoding: chunked[\r][\n]"
21:41:17,924 DEBUG            http.wire| http-outgoing-0 << "Set-Cookie: BIGipServer~secss~test-lmidp-kdc.libertymutual.com-ssl=!0qeExnB6hyHD2Y9YvC43pF6utZilrzF54CfyDrsbRlCqLzzNDfanyvexucvRWcVbloAIXCdKDd7jlUhK+Kpxy8n1lc4PAYAcn7Fy7A7A3SHSXA==; path=/; Httponly; Secure[\r][\n]"
21:41:17,924 DEBUG            http.wire| http-outgoing-0 << "Content-Security-Policy: frame-ancestors *.lmig.com *.safeco.com *.libertymutual.com[\r][\n]"
21:41:17,924 DEBUG            http.wire| http-outgoing-0 << "X-Frame-Options: SAMEORIGIN[\r][\n]"
21:41:17,924 DEBUG            http.wire| http-outgoing-0 << "[\r][\n]"
21:41:17,924 DEBUG            http.wire| http-outgoing-0 << "289[\r][\n]"
21:41:17,924 DEBUG            http.wire| http-outgoing-0 << "{"access_token":"eyJhbGciOiJSUzM4NCIsImtpZCI6ImFwaXNpZ25pbmdjZXJ0IiwieDV0IjoiSzZPeUJPSlptaVRCR3lFQS1GemM0T3V1eU40In0.eyJzY29wZSI6W10sImNsaWVudF9pZCI6ImNpX25pcGxjbXNjbGllbnRfNCIsImlzcyI6IlBpbmdGZWRlcmF0ZSIsImF1ZCI6ImNpX2F0d25wb2F1dGhhcGlfNCIsImV4cCI6MTU1NzYzMjQ3N30.S5BNqeUjchd2loxi4L1elIbu4gJW_t-hk_SIJ6xswu4L8Y8NjKO81LsFesd9TtnLVgwLL6jWYOuWuky9DZgEDIV0FEvTVewLnrbAsuvl043HCDHDXJlN4BTYNEdbcsD4abOJz_b2MhSq8qMhaT4khtzPpRteQ0XXFZxDWVHg69st785-zZ8wV4eKUmjhf_lA_7j_m5E_llYdYFGnxU7YfSBDQFADsfKMU9MkcqEkM3YfEkL3uPY0HRPxX88tqHdBSZOJMNrwtLI7jo-w-ZeRaKat6qfaGRXu5TVCiMIIJXgwSL2JyqqVSOp7cGFslCCyDFCKIc8v5X9ZPFbxqM6hsw","token_type":"Bearer","expires_in":7199}"
21:41:17,924 DEBUG         http.headers| http-outgoing-0 << HTTP/1.1 200 OK
21:41:17,924 DEBUG         http.headers| http-outgoing-0 << Date: Sun, 12 May 2019 01:41:17 GMT
21:41:17,924 DEBUG         http.headers| http-outgoing-0 << Cache-Control: no-cache, no-store
21:41:17,924 DEBUG         http.headers| http-outgoing-0 << Pragma: no-cache
21:41:17,924 DEBUG         http.headers| http-outgoing-0 << Expires: Thu, 01 Jan 1970 00:00:00 GMT
21:41:17,924 DEBUG         http.headers| http-outgoing-0 << Content-Type: application/json;charset=utf-8
21:41:17,924 DEBUG         http.headers| http-outgoing-0 << Set-Cookie: PF=WiSVSYtrfDfA5iagLoydgD;Path=/;Secure;HttpOnly
21:41:17,924 DEBUG         http.headers| http-outgoing-0 << Transfer-Encoding: chunked
21:41:17,924 DEBUG         http.headers| http-outgoing-0 << Set-Cookie: BIGipServer~secss~test-lmidp-kdc.libertymutual.com-ssl=!0qeExnB6hyHD2Y9YvC43pF6utZilrzF54CfyDrsbRlCqLzzNDfanyvexucvRWcVbloAIXCdKDd7jlUhK+Kpxy8n1lc4PAYAcn7Fy7A7A3SHSXA==; path=/; Httponly; Secure
21:41:17,924 DEBUG         http.headers| http-outgoing-0 << Content-Security-Policy: frame-ancestors *.lmig.com *.safeco.com *.libertymutual.com
21:41:17,924 DEBUG         http.headers| http-outgoing-0 << X-Frame-Options: SAMEORIGIN
21:41:17,939 DEBUG chain.MainClientExec| Connection can be kept alive indefinitely
21:41:17,939 DEBUG sponseProcessCookies| Cookie accepted [PF="WiSVSYtrfDfA5iagLoydgD", version:0, domain:test-lmidp.libertymutual.com, path:/, expiry:null]
21:41:17,939 DEBUG sponseProcessCookies| Cookie accepted [BIGipServer~secss~test-lmidp-kdc.libertymutual.com-ssl="!0qeExnB6hyHD2Y9YvC43pF6utZilrzF54CfyDrsbRlCqLzzNDfanyvexucvRWcVbloAIXCdKDd7jlUhK+Kpxy8n1lc4PAYAcn7F...", version:0, domain:test-lmidp.libertymutual.com, path:/, expiry:null]
21:41:17,955 DEBUG            http.wire| http-outgoing-0 << "[\r][\n]"
21:41:17,955 DEBUG            http.wire| http-outgoing-0 << "0[\r][\n]"
21:41:17,955 DEBUG            http.wire| http-outgoing-0 << "[\r][\n]"
21:41:17,955 DEBUG entConnectionManager| Connection [id: 0][route: {s}->https://test-lmidp.libertymutual.com:443] can be kept alive indefinitely
21:41:17,955 DEBUG HttpClientConnection| http-outgoing-0: set socket timeout to 0
21:41:17,955 DEBUG entConnectionManager| Connection released: [id: 0][route: {s}->https://test-lmidp.libertymutual.com:443][total kept alive: 1; route allocated: 1 of 5; total allocated: 1 of 10]
21:41:17,955 DEBUG ingClientInterceptor| Received Http response message
21:41:17,955 DEBUG    Logger.Message_IN| HTTP/1.1 200 OK
Date:Sun, 12 May 2019 01:41:17 GMT
Cache-Control:no-cache, no-store
Pragma:no-cache
Expires:Thu, 01 Jan 1970 00:00:00 GMT
Content-Type:application/json;charset=utf-8
Set-Cookie:PF=WiSVSYtrfDfA5iagLoydgD;Path=/;Secure;HttpOnly,BIGipServer~secss~test-lmidp-kdc.libertymutual.com-ssl=!0qeExnB6hyHD2Y9YvC43pF6utZilrzF54CfyDrsbRlCqLzzNDfanyvexucvRWcVbloAIXCdKDd7jlUhK+Kpxy8n1lc4PAYAcn7Fy7A7A3SHSXA==; path=/; Httponly; Secure
Transfer-Encoding:chunked
Content-Security-Policy:frame-ancestors *.lmig.com *.safeco.com *.libertymutual.com
X-Frame-Options:SAMEORIGIN

{"access_token":"eyJhbGciOiJSUzM4NCIsImtpZCI6ImFwaXNpZ25pbmdjZXJ0IiwieDV0IjoiSzZPeUJPSlptaVRCR3lFQS1GemM0T3V1eU40In0.eyJzY29wZSI6W10sImNsaWVudF9pZCI6ImNpX25pcGxjbXNjbGllbnRfNCIsImlzcyI6IlBpbmdGZWRlcmF0ZSIsImF1ZCI6ImNpX2F0d25wb2F1dGhhcGlfNCIsImV4cCI6MTU1NzYzMjQ3N30.S5BNqeUjchd2loxi4L1elIbu4gJW_t-hk_SIJ6xswu4L8Y8NjKO81LsFesd9TtnLVgwLL6jWYOuWuky9DZgEDIV0FEvTVewLnrbAsuvl043HCDHDXJlN4BTYNEdbcsD4abOJz_b2MhSq8qMhaT4khtzPpRteQ0XXFZxDWVHg69st785-zZ8wV4eKUmjhf_lA_7j_m5E_llYdYFGnxU7YfSBDQFADsfKMU9MkcqEkM3YfEkL3uPY0HRPxX88tqHdBSZOJMNrwtLI7jo-w-ZeRaKat6qfaGRXu5TVCiMIIJXgwSL2JyqqVSOp7cGFslCCyDFCKIc8v5X9ZPFbxqM6hsw","token_type":"Bearer","expires_in":7199}
21:41:17,955 DEBUG  client.RestTemplate| POST request for "https://test-lmidp.libertymutual.com/as/token.oauth2" resulted in 200 (OK)
21:41:17,955 DEBUG  client.RestTemplate| Reading [java.lang.String] as "application/json;charset=utf-8" using [org.springframework.http.converter.StringHttpMessageConverter@403132fc]
21:41:17,955 INFO     client.HttpClient| HTTP message was sent to endpoint: 'https://test-lmidp.libertymutual.com/as/token.oauth2'
21:41:17,955 DEBUG aultHttpHeaderMapper| inboundHeaderNames=[Accept-Ranges, Age, Allow, Cache-Control, Connection, Content-Encoding, Content-Language, Content-Length, Content-Location, Content-MD5, Content-Range, Content-Type, Content-Disposition, Transfer-Encoding, Date, ETag, Expires, Last-Modified, Location, Pragma, Proxy-Authenticate, Refresh, Retry-After, Server, Set-Cookie, Trailer, Vary, Via, Warning, WWW-Authenticate]
21:41:17,955 DEBUG aultHttpHeaderMapper| headerName=[date] WILL be mapped, matched pattern=date
21:41:17,971 DEBUG aultHttpHeaderMapper| setting headerName=[Date], value=1,557,625,277,000
21:41:17,971 DEBUG aultHttpHeaderMapper| headerName=[cache-control] WILL be mapped, matched pattern=cache-control
21:41:17,971 DEBUG aultHttpHeaderMapper| setting headerName=[Cache-Control], value=no-cache, no-store
21:41:17,971 DEBUG aultHttpHeaderMapper| headerName=[pragma] WILL be mapped, matched pattern=pragma
21:41:17,971 DEBUG aultHttpHeaderMapper| setting headerName=[Pragma], value=no-cache
21:41:17,971 DEBUG aultHttpHeaderMapper| headerName=[expires] WILL be mapped, matched pattern=expires
21:41:17,971 DEBUG aultHttpHeaderMapper| setting headerName=[Expires], value=0
21:41:17,971 DEBUG aultHttpHeaderMapper| headerName=[content-type] WILL be mapped, matched pattern=content-type
21:41:17,971 DEBUG aultHttpHeaderMapper| setting headerName=[Content-Type], value=application/json;charset=utf-8
21:41:17,986 DEBUG aultHttpHeaderMapper| headerName=[set-cookie] WILL be mapped, matched pattern=set-cookie
21:41:17,986 DEBUG aultHttpHeaderMapper| setting headerName=[Set-Cookie], value=[PF=WiSVSYtrfDfA5iagLoydgD;Path=/;Secure;HttpOnly, BIGipServer~secss~test-lmidp-kdc.libertymutual.com-ssl=!0qeExnB6hyHD2Y9YvC43pF6utZilrzF54CfyDrsbRlCqLzzNDfanyvexucvRWcVbloAIXCdKDd7jlUhK+Kpxy8n1lc4PAYAcn7Fy7A7A3SHSXA==; path=/; Httponly; Secure]
21:41:17,986 DEBUG aultHttpHeaderMapper| headerName=[transfer-encoding] WILL be mapped, matched pattern=transfer-encoding
21:41:17,986 DEBUG aultHttpHeaderMapper| setting headerName=[Transfer-Encoding], value=[chunked]
21:41:17,986 DEBUG aultHttpHeaderMapper| headerName=[content-security-policy] WILL NOT be mapped
21:41:17,986 DEBUG aultHttpHeaderMapper| headerName=[x-frame-options] WILL NOT be mapped
21:41:17,986 DEBUG ltCorrelationManager| Saving correlated object for 'citrus_message_id = 'a0ea6e3e-5adb-4fa9-9b20-1ec4c97e34f6''
21:41:17,986 INFO  port.LoggingReporter| 
21:41:17,986 DEBUG port.LoggingReporter| TEST STEP 1 SUCCESS
21:41:17,986 INFO  port.LoggingReporter| 
21:41:17,986 DEBUG port.LoggingReporter| TEST STEP 2: receive
21:41:17,986 DEBUG ngCorrelationManager| Get correlation key for 'citrus_message_correlator_oAuthClient'
21:41:17,986 DEBUG ltCorrelationManager| Finding correlated object for 'citrus_message_id = 'a0ea6e3e-5adb-4fa9-9b20-1ec4c97e34f6''
21:41:18,002 DEBUG ageValidatorRegistry| Found 4 message validators for message type: XML
21:41:18,002 DEBUG TextMessageValidator| Start JSON message validation ...
21:41:18,002 DEBUG TextMessageValidator| Received message:
HTTPMESSAGE [id: 81c85f33-69ca-40af-8f70-de7ccaa5a3f1, payload: {"access_token":"eyJhbGciOiJSUzM4NCIsImtpZCI6ImFwaXNpZ25pbmdjZXJ0IiwieDV0IjoiSzZPeUJPSlptaVRCR3lFQS1GemM0T3V1eU40In0.eyJzY29wZSI6W10sImNsaWVudF9pZCI6ImNpX25pcGxjbXNjbGllbnRfNCIsImlzcyI6IlBpbmdGZWRlcmF0ZSIsImF1ZCI6ImNpX2F0d25wb2F1dGhhcGlfNCIsImV4cCI6MTU1NzYzMjQ3N30.S5BNqeUjchd2loxi4L1elIbu4gJW_t-hk_SIJ6xswu4L8Y8NjKO81LsFesd9TtnLVgwLL6jWYOuWuky9DZgEDIV0FEvTVewLnrbAsuvl043HCDHDXJlN4BTYNEdbcsD4abOJz_b2MhSq8qMhaT4khtzPpRteQ0XXFZxDWVHg69st785-zZ8wV4eKUmjhf_lA_7j_m5E_llYdYFGnxU7YfSBDQFADsfKMU9MkcqEkM3YfEkL3uPY0HRPxX88tqHdBSZOJMNrwtLI7jo-w-ZeRaKat6qfaGRXu5TVCiMIIJXgwSL2JyqqVSOp7cGFslCCyDFCKIc8v5X9ZPFbxqM6hsw","token_type":"Bearer","expires_in":7199}][headers: {Transfer-Encoding=chunked, Cache-Control=no-cache, no-store, Set-Cookie=PF=WiSVSYtrfDfA5iagLoydgD;Path=/;Secure;HttpOnly,BIGipServer~secss~test-lmidp-kdc.libertymutual.com-ssl=!0qeExnB6hyHD2Y9YvC43pF6utZilrzF54CfyDrsbRlCqLzzNDfanyvexucvRWcVbloAIXCdKDd7jlUhK+Kpxy8n1lc4PAYAcn7Fy7A7A3SHSXA==; path=/; Httponly; Secure, Pragma=no-cache, Expires=0, contentType=application/json;charset=utf-8, Date=1557625277000, citrus_message_id=81c85f33-69ca-40af-8f70-de7ccaa5a3f1, citrus_message_timestamp=1557625277986, X-Frame-Options=SAMEORIGIN, Content-Security-Policy=frame-ancestors *.lmig.com *.safeco.com *.libertymutual.com, Content-Type=application/json;charset=utf-8, citrus_http_status_code=200, citrus_http_reason_phrase=OK, citrus_http_version=HTTP/1.1}]
21:41:18,002 DEBUG TextMessageValidator| Control message:
HTTPMESSAGE [id: 09448b05-d132-4555-91e2-c8f21b9e99bd, payload: {"access_token":"@variable('accessToken')@","token_type":"@variable('tokenType')@","expires_in":"@variable('expiresIn')@"}][headers: {citrus_message_id=09448b05-d132-4555-91e2-c8f21b9e99bd, citrus_message_timestamp=1557625277986, citrus_http_status_code=200, citrus_http_reason_phrase=OK, citrus_message_type=XML}]
21:41:18,111 INFO  bleValidationMatcher| Setting variable: accessToken to value: eyJhbGciOiJSUzM4NCIsImtpZCI6ImFwaXNpZ25pbmdjZXJ0IiwieDV0IjoiSzZPeUJPSlptaVRCR3lFQS1GemM0T3V1eU40In0.eyJzY29wZSI6W10sImNsaWVudF9pZCI6ImNpX25pcGxjbXNjbGllbnRfNCIsImlzcyI6IlBpbmdGZWRlcmF0ZSIsImF1ZCI6ImNpX2F0d25wb2F1dGhhcGlfNCIsImV4cCI6MTU1NzYzMjQ3N30.S5BNqeUjchd2loxi4L1elIbu4gJW_t-hk_SIJ6xswu4L8Y8NjKO81LsFesd9TtnLVgwLL6jWYOuWuky9DZgEDIV0FEvTVewLnrbAsuvl043HCDHDXJlN4BTYNEdbcsD4abOJz_b2MhSq8qMhaT4khtzPpRteQ0XXFZxDWVHg69st785-zZ8wV4eKUmjhf_lA_7j_m5E_llYdYFGnxU7YfSBDQFADsfKMU9MkcqEkM3YfEkL3uPY0HRPxX88tqHdBSZOJMNrwtLI7jo-w-ZeRaKat6qfaGRXu5TVCiMIIJXgwSL2JyqqVSOp7cGFslCCyDFCKIc8v5X9ZPFbxqM6hsw
21:41:18,111 DEBUG  context.TestContext| Setting variable: accessToken with value: 'eyJhbGciOiJSUzM4NCIsImtpZCI6ImFwaXNpZ25pbmdjZXJ0IiwieDV0IjoiSzZPeUJPSlptaVRCR3lFQS1GemM0T3V1eU40In0.eyJzY29wZSI6W10sImNsaWVudF9pZCI6ImNpX25pcGxjbXNjbGllbnRfNCIsImlzcyI6IlBpbmdGZWRlcmF0ZSIsImF1ZCI6ImNpX2F0d25wb2F1dGhhcGlfNCIsImV4cCI6MTU1NzYzMjQ3N30.S5BNqeUjchd2loxi4L1elIbu4gJW_t-hk_SIJ6xswu4L8Y8NjKO81LsFesd9TtnLVgwLL6jWYOuWuky9DZgEDIV0FEvTVewLnrbAsuvl043HCDHDXJlN4BTYNEdbcsD4abOJz_b2MhSq8qMhaT4khtzPpRteQ0XXFZxDWVHg69st785-zZ8wV4eKUmjhf_lA_7j_m5E_llYdYFGnxU7YfSBDQFADsfKMU9MkcqEkM3YfEkL3uPY0HRPxX88tqHdBSZOJMNrwtLI7jo-w-ZeRaKat6qfaGRXu5TVCiMIIJXgwSL2JyqqVSOp7cGFslCCyDFCKIc8v5X9ZPFbxqM6hsw'
21:41:18,111 DEBUG TextMessageValidator| Validation successful for JSON entry 'access_token' (@variable('accessToken')@)
21:41:18,111 INFO  bleValidationMatcher| Setting variable: tokenType to value: Bearer
21:41:18,111 DEBUG  context.TestContext| Setting variable: tokenType with value: 'Bearer'
21:41:18,111 DEBUG TextMessageValidator| Validation successful for JSON entry 'token_type' (@variable('tokenType')@)
21:41:18,111 INFO  bleValidationMatcher| Setting variable: expiresIn to value: 7199
21:41:18,111 DEBUG  context.TestContext| Setting variable: expiresIn with value: '7199'
21:41:18,111 DEBUG TextMessageValidator| Validation successful for JSON entry 'expires_in' (@variable('expiresIn')@)
21:41:18,111 INFO  TextMessageValidator| JSON message validation successful: All values OK
21:41:18,111 DEBUG ssageHeaderValidator| Start message header validation ...
21:41:18,111 DEBUG faultHeaderValidator| Validating header element: citrus_http_status_code='200': OK.
21:41:18,111 DEBUG faultHeaderValidator| Validating header element: citrus_http_reason_phrase='OK': OK.
21:41:18,111 INFO  ssageHeaderValidator| Message header validation successful: All values OK
21:41:18,111 INFO  port.LoggingReporter| 
21:41:18,111 DEBUG port.LoggingReporter| TEST STEP 2 SUCCESS
21:41:18,111 INFO  port.LoggingReporter| 
21:41:18,111 DEBUG port.LoggingReporter| TEST STEP 3: echo
21:41:18,111 INFO    actions.EchoAction| Access token is: eyJhbGciOiJSUzM4NCIsImtpZCI6ImFwaXNpZ25pbmdjZXJ0IiwieDV0IjoiSzZPeUJPSlptaVRCR3lFQS1GemM0T3V1eU40In0.eyJzY29wZSI6W10sImNsaWVudF9pZCI6ImNpX25pcGxjbXNjbGllbnRfNCIsImlzcyI6IlBpbmdGZWRlcmF0ZSIsImF1ZCI6ImNpX2F0d25wb2F1dGhhcGlfNCIsImV4cCI6MTU1NzYzMjQ3N30.S5BNqeUjchd2loxi4L1elIbu4gJW_t-hk_SIJ6xswu4L8Y8NjKO81LsFesd9TtnLVgwLL6jWYOuWuky9DZgEDIV0FEvTVewLnrbAsuvl043HCDHDXJlN4BTYNEdbcsD4abOJz_b2MhSq8qMhaT4khtzPpRteQ0XXFZxDWVHg69st785-zZ8wV4eKUmjhf_lA_7j_m5E_llYdYFGnxU7YfSBDQFADsfKMU9MkcqEkM3YfEkL3uPY0HRPxX88tqHdBSZOJMNrwtLI7jo-w-ZeRaKat6qfaGRXu5TVCiMIIJXgwSL2JyqqVSOp7cGFslCCyDFCKIc8v5X9ZPFbxqM6hsw
21:41:18,111 INFO  port.LoggingReporter| 
21:41:18,111 DEBUG port.LoggingReporter| TEST STEP 3 SUCCESS
21:41:18,111 INFO  port.LoggingReporter| 
21:41:18,111 DEBUG port.LoggingReporter| TEST STEP 4: echo
21:41:18,111 INFO    actions.EchoAction| Token Type is: Bearer
21:41:18,111 INFO  port.LoggingReporter| 
21:41:18,111 DEBUG port.LoggingReporter| TEST STEP 4 SUCCESS
21:41:18,111 INFO  port.LoggingReporter| 
21:41:18,111 DEBUG port.LoggingReporter| TEST STEP 5: echo
21:41:18,126 INFO    actions.EchoAction| Expires in 7199
21:41:18,126 INFO  port.LoggingReporter| 
21:41:18,126 DEBUG port.LoggingReporter| TEST STEP 5 SUCCESS
21:41:18,126 INFO  port.LoggingReporter| 
21:41:18,126 DEBUG port.LoggingReporter| TEST STEP 6: send
21:41:18,126 DEBUG ltCorrelationManager| Saving correlation key for 'citrus_message_correlator_locationServiceClient'
21:41:18,126 DEBUG  context.TestContext| Setting variable: citrus_message_correlator_locationServiceClient with value: 'citrus_message_id = '2fd45024-835c-4c8e-9831-c5a9ced09e3b''
21:41:18,126 DEBUG    client.HttpClient| Sending HTTP message to: 'https://nip-pw-location-code-service-stage.us-east-1.np.paas.lmig.com/services/niplcs/cope/update-cope-data'
21:41:18,126 DEBUG    client.HttpClient| Message to send:
{"agreementId":0,
"subLocId":14036975,
"copyPolicyIndicator":"N",
"userId":2280}  

21:41:18,126 DEBUG aultHttpHeaderMapper| outboundHeaderNames=[Accept, Accept-Charset, Accept-Encoding, Accept-Language, Accept-Ranges, Authorization, Cache-Control, Connection, Content-Length, Content-Type, Cookie, Date, Expect, From, Host, If-Match, If-Modified-Since, If-None-Match, If-Range, If-Unmodified-Since, Max-Forwards, Pragma, Proxy-Authorization, Range, Referer, TE, Upgrade, User-Agent, Via, Warning]
21:41:18,126 DEBUG aultHttpHeaderMapper| headerName=[citrus_message_timestamp] WILL NOT be mapped
21:41:18,126 DEBUG aultHttpHeaderMapper| headerName=[authorization] WILL be mapped, matched pattern=authorization
21:41:18,126 DEBUG aultHttpHeaderMapper| setting headerName=[Authorization], value=Bearer eyJhbGciOiJSUzM4NCIsImtpZCI6ImFwaXNpZ25pbmdjZXJ0IiwieDV0IjoiSzZPeUJPSlptaVRCR3lFQS1GemM0T3V1eU40In0.eyJzY29wZSI6W10sImNsaWVudF9pZCI6ImNpX25pcGxjbXNjbGllbnRfNCIsImlzcyI6IlBpbmdGZWRlcmF0ZSIsImF1ZCI6ImNpX2F0d25wb2F1dGhhcGlfNCIsImV4cCI6MTU1NzYzMjQ3N30.S5BNqeUjchd2loxi4L1elIbu4gJW_t-hk_SIJ6xswu4L8Y8NjKO81LsFesd9TtnLVgwLL6jWYOuWuky9DZgEDIV0FEvTVewLnrbAsuvl043HCDHDXJlN4BTYNEdbcsD4abOJz_b2MhSq8qMhaT4khtzPpRteQ0XXFZxDWVHg69st785-zZ8wV4eKUmjhf_lA_7j_m5E_llYdYFGnxU7YfSBDQFADsfKMU9MkcqEkM3YfEkL3uPY0HRPxX88tqHdBSZOJMNrwtLI7jo-w-ZeRaKat6qfaGRXu5TVCiMIIJXgwSL2JyqqVSOp7cGFslCCyDFCKIc8v5X9ZPFbxqM6hsw
21:41:18,126 DEBUG aultHttpHeaderMapper| headerName=[citrus_message_type] WILL NOT be mapped
21:41:18,126 DEBUG aultHttpHeaderMapper| headerName=[citrus_request_path] WILL NOT be mapped
21:41:18,126 DEBUG aultHttpHeaderMapper| headerName=[citrus_http_request_uri] WILL NOT be mapped
21:41:18,126 DEBUG aultHttpHeaderMapper| headerName=[id] WILL NOT be mapped
21:41:18,126 DEBUG aultHttpHeaderMapper| headerName=[citrus_message_id] WILL NOT be mapped
21:41:18,126 DEBUG aultHttpHeaderMapper| headerName=[citrus_http_method] WILL NOT be mapped
21:41:18,126 DEBUG aultHttpHeaderMapper| headerName=[content-type] WILL be mapped, matched pattern=content-type
21:41:18,126 DEBUG aultHttpHeaderMapper| setting headerName=[Content-Type], value=application/json
21:41:18,126 DEBUG aultHttpHeaderMapper| headerName=[timestamp] WILL NOT be mapped
21:41:18,126 DEBUG  client.RestTemplate| Created POST request for "https://nip-pw-location-code-service-stage.us-east-1.np.paas.lmig.com/services/niplcs/cope/update-cope-data"
21:41:18,126 DEBUG  client.RestTemplate| Setting request Accept header to [text/plain, application/json, application/*+json, */*]
21:41:18,126 DEBUG  client.RestTemplate| Writing [{"agreementId":0,
"subLocId":14036975,
"copyPolicyIndicator":"N",
"userId":2280}  
] as "application/json" using [org.springframework.http.converter.StringHttpMessageConverter@100f9bbe]
21:41:18,126 DEBUG ingClientInterceptor| Sending Http request message
21:41:18,126 DEBUG   Logger.Message_OUT| POST https://nip-pw-location-code-service-stage.us-east-1.np.paas.lmig.com/services/niplcs/cope/update-cope-data
Accept:text/plain, application/json, application/*+json, */*
Authorization:Bearer eyJhbGciOiJSUzM4NCIsImtpZCI6ImFwaXNpZ25pbmdjZXJ0IiwieDV0IjoiSzZPeUJPSlptaVRCR3lFQS1GemM0T3V1eU40In0.eyJzY29wZSI6W10sImNsaWVudF9pZCI6ImNpX25pcGxjbXNjbGllbnRfNCIsImlzcyI6IlBpbmdGZWRlcmF0ZSIsImF1ZCI6ImNpX2F0d25wb2F1dGhhcGlfNCIsImV4cCI6MTU1NzYzMjQ3N30.S5BNqeUjchd2loxi4L1elIbu4gJW_t-hk_SIJ6xswu4L8Y8NjKO81LsFesd9TtnLVgwLL6jWYOuWuky9DZgEDIV0FEvTVewLnrbAsuvl043HCDHDXJlN4BTYNEdbcsD4abOJz_b2MhSq8qMhaT4khtzPpRteQ0XXFZxDWVHg69st785-zZ8wV4eKUmjhf_lA_7j_m5E_llYdYFGnxU7YfSBDQFADsfKMU9MkcqEkM3YfEkL3uPY0HRPxX88tqHdBSZOJMNrwtLI7jo-w-ZeRaKat6qfaGRXu5TVCiMIIJXgwSL2JyqqVSOp7cGFslCCyDFCKIc8v5X9ZPFbxqM6hsw
Content-Type:application/json
Content-Length:87
Accept-Charset:big5, big5-hkscs, cesu-8, euc-jp, euc-kr, gb18030, gb2312, gbk, ibm-thai, ibm00858, ibm01140, ibm01141, ibm01142, ibm01143, ibm01144, ibm01145, ibm01146, ibm01147, ibm01148, ibm01149, ibm037, ibm1026, ibm1047, ibm273, ibm277, ibm278, ibm280, ibm284, ibm285, ibm290, ibm297, ibm420, ibm424, ibm437, ibm500, ibm775, ibm850, ibm852, ibm855, ibm857, ibm860, ibm861, ibm862, ibm863, ibm864, ibm865, ibm866, ibm868, ibm869, ibm870, ibm871, ibm918, iso-2022-cn, iso-2022-jp, iso-2022-jp-2, iso-2022-kr, iso-8859-1, iso-8859-13, iso-8859-15, iso-8859-2, iso-8859-3, iso-8859-4, iso-8859-5, iso-8859-6, iso-8859-7, iso-8859-8, iso-8859-9, jis_x0201, jis_x0212-1990, koi8-r, koi8-u, shift_jis, tis-620, us-ascii, utf-16, utf-16be, utf-16le, utf-32, utf-32be, utf-32le, utf-8, windows-1250, windows-1251, windows-1252, windows-1253, windows-1254, windows-1255, windows-1256, windows-1257, windows-1258, windows-31j, x-big5-hkscs-2001, x-big5-solaris, x-euc-jp-linux, x-euc-tw, x-eucjp-open, x-ibm1006, x-ibm1025, x-ibm1046, x-ibm1097, x-ibm1098, x-ibm1112, x-ibm1122, x-ibm1123, x-ibm1124, x-ibm1166, x-ibm1364, x-ibm1381, x-ibm1383, x-ibm300, x-ibm33722, x-ibm737, x-ibm833, x-ibm834, x-ibm856, x-ibm874, x-ibm875, x-ibm921, x-ibm922, x-ibm930, x-ibm933, x-ibm935, x-ibm937, x-ibm939, x-ibm942, x-ibm942c, x-ibm943, x-ibm943c, x-ibm948, x-ibm949, x-ibm949c, x-ibm950, x-ibm964, x-ibm970, x-iscii91, x-iso-2022-cn-cns, x-iso-2022-cn-gb, x-iso-8859-11, x-jis0208, x-jisautodetect, x-johab, x-macarabic, x-maccentraleurope, x-maccroatian, x-maccyrillic, x-macdingbat, x-macgreek, x-machebrew, x-maciceland, x-macroman, x-macromania, x-macsymbol, x-macthai, x-macturkish, x-macukraine, x-ms932_0213, x-ms950-hkscs, x-ms950-hkscs-xp, x-mswin-936, x-pck, x-sjis_0213, x-utf-16le-bom, x-utf-32be-bom, x-utf-32le-bom, x-windows-50220, x-windows-50221, x-windows-874, x-windows-949, x-windows-950, x-windows-iso2022jp

{"agreementId":0,
"subLocId":14036975,
"copyPolicyIndicator":"N",
"userId":2280}  

21:41:18,126 DEBUG ol.RequestAddCookies| CookieSpec selected: default
21:41:18,126 DEBUG col.RequestAuthCache| Auth cache not set in the context
21:41:18,126 DEBUG entConnectionManager| Connection request: [route: {s}->https://nip-pw-location-code-service-stage.us-east-1.np.paas.lmig.com:443][total kept alive: 0; route allocated: 0 of 5; total allocated: 0 of 10]
21:41:18,126 DEBUG entConnectionManager| Connection leased: [id: 1][route: {s}->https://nip-pw-location-code-service-stage.us-east-1.np.paas.lmig.com:443][total kept alive: 0; route allocated: 1 of 5; total allocated: 1 of 10]
21:41:18,126 DEBUG chain.MainClientExec| Opening connection {s}->https://nip-pw-location-code-service-stage.us-east-1.np.paas.lmig.com:443
21:41:18,144 DEBUG ntConnectionOperator| Connecting to nip-pw-location-code-service-stage.us-east-1.np.paas.lmig.com/10.224.19.215:443
21:41:18,145 DEBUG nectionSocketFactory| Connecting socket to nip-pw-location-code-service-stage.us-east-1.np.paas.lmig.com/10.224.19.215:443 with timeout 0
21:41:18,181 DEBUG nectionSocketFactory| Enabled protocols: [TLSv1, TLSv1.1, TLSv1.2]
21:41:18,181 DEBUG nectionSocketFactory| Enabled cipher suites:[TLS_ECDHE_ECDSA_WITH_AES_128_CBC_SHA256, TLS_ECDHE_RSA_WITH_AES_128_CBC_SHA256, TLS_RSA_WITH_AES_128_CBC_SHA256, TLS_ECDH_ECDSA_WITH_AES_128_CBC_SHA256, TLS_ECDH_RSA_WITH_AES_128_CBC_SHA256, TLS_DHE_RSA_WITH_AES_128_CBC_SHA256, TLS_DHE_DSS_WITH_AES_128_CBC_SHA256, TLS_ECDHE_ECDSA_WITH_AES_128_CBC_SHA, TLS_ECDHE_RSA_WITH_AES_128_CBC_SHA, TLS_RSA_WITH_AES_128_CBC_SHA, TLS_ECDH_ECDSA_WITH_AES_128_CBC_SHA, TLS_ECDH_RSA_WITH_AES_128_CBC_SHA, TLS_DHE_RSA_WITH_AES_128_CBC_SHA, TLS_DHE_DSS_WITH_AES_128_CBC_SHA, TLS_ECDHE_ECDSA_WITH_AES_128_GCM_SHA256, TLS_ECDHE_RSA_WITH_AES_128_GCM_SHA256, TLS_RSA_WITH_AES_128_GCM_SHA256, TLS_ECDH_ECDSA_WITH_AES_128_GCM_SHA256, TLS_ECDH_RSA_WITH_AES_128_GCM_SHA256, TLS_DHE_RSA_WITH_AES_128_GCM_SHA256, TLS_DHE_DSS_WITH_AES_128_GCM_SHA256, TLS_ECDHE_ECDSA_WITH_3DES_EDE_CBC_SHA, TLS_ECDHE_RSA_WITH_3DES_EDE_CBC_SHA, SSL_RSA_WITH_3DES_EDE_CBC_SHA, TLS_ECDH_ECDSA_WITH_3DES_EDE_CBC_SHA, TLS_ECDH_RSA_WITH_3DES_EDE_CBC_SHA, SSL_DHE_RSA_WITH_3DES_EDE_CBC_SHA, SSL_DHE_DSS_WITH_3DES_EDE_CBC_SHA, TLS_EMPTY_RENEGOTIATION_INFO_SCSV]
21:41:18,181 DEBUG nectionSocketFactory| Starting handshake
21:41:18,255 DEBUG nectionSocketFactory| Secure session established
21:41:18,255 DEBUG nectionSocketFactory|  negotiated protocol: TLSv1.2
21:41:18,255 DEBUG nectionSocketFactory|  negotiated cipher suite: TLS_ECDHE_RSA_WITH_AES_128_GCM_SHA256
21:41:18,255 DEBUG nectionSocketFactory|  peer principal: CN=*.us-east-1.np.paas.lmig.com, OU=ETS, O=Liberty Mutual Group Inc., L=Portsmouth, ST=New Hampshire, C=US
21:41:18,255 DEBUG nectionSocketFactory|  peer alternative names: [*.us-east-1.np.paas.lmig.com]
21:41:18,255 DEBUG nectionSocketFactory|  issuer principal: CN=DigiCert Global CA G2, O=DigiCert Inc, C=US
21:41:18,255 DEBUG ntConnectionOperator| Connection established 10.172.134.98:59521<->10.224.19.215:443
21:41:18,255 DEBUG chain.MainClientExec| Executing request POST /services/niplcs/cope/update-cope-data HTTP/1.1
21:41:18,255 DEBUG chain.MainClientExec| Proxy auth state: UNCHALLENGED
21:41:18,255 DEBUG         http.headers| http-outgoing-1 >> POST /services/niplcs/cope/update-cope-data HTTP/1.1
21:41:18,255 DEBUG         http.headers| http-outgoing-1 >> Accept: text/plain, application/json, application/*+json, */*
21:41:18,255 DEBUG         http.headers| http-outgoing-1 >> Authorization: Bearer eyJhbGciOiJSUzM4NCIsImtpZCI6ImFwaXNpZ25pbmdjZXJ0IiwieDV0IjoiSzZPeUJPSlptaVRCR3lFQS1GemM0T3V1eU40In0.eyJzY29wZSI6W10sImNsaWVudF9pZCI6ImNpX25pcGxjbXNjbGllbnRfNCIsImlzcyI6IlBpbmdGZWRlcmF0ZSIsImF1ZCI6ImNpX2F0d25wb2F1dGhhcGlfNCIsImV4cCI6MTU1NzYzMjQ3N30.S5BNqeUjchd2loxi4L1elIbu4gJW_t-hk_SIJ6xswu4L8Y8NjKO81LsFesd9TtnLVgwLL6jWYOuWuky9DZgEDIV0FEvTVewLnrbAsuvl043HCDHDXJlN4BTYNEdbcsD4abOJz_b2MhSq8qMhaT4khtzPpRteQ0XXFZxDWVHg69st785-zZ8wV4eKUmjhf_lA_7j_m5E_llYdYFGnxU7YfSBDQFADsfKMU9MkcqEkM3YfEkL3uPY0HRPxX88tqHdBSZOJMNrwtLI7jo-w-ZeRaKat6qfaGRXu5TVCiMIIJXgwSL2JyqqVSOp7cGFslCCyDFCKIc8v5X9ZPFbxqM6hsw
21:41:18,255 DEBUG         http.headers| http-outgoing-1 >> Content-Type: application/json
21:41:18,270 DEBUG         http.headers| http-outgoing-1 >> Accept-Charset: big5, big5-hkscs, cesu-8, euc-jp, euc-kr, gb18030, gb2312, gbk, ibm-thai, ibm00858, ibm01140, ibm01141, ibm01142, ibm01143, ibm01144, ibm01145, ibm01146, ibm01147, ibm01148, ibm01149, ibm037, ibm1026, ibm1047, ibm273, ibm277, ibm278, ibm280, ibm284, ibm285, ibm290, ibm297, ibm420, ibm424, ibm437, ibm500, ibm775, ibm850, ibm852, ibm855, ibm857, ibm860, ibm861, ibm862, ibm863, ibm864, ibm865, ibm866, ibm868, ibm869, ibm870, ibm871, ibm918, iso-2022-cn, iso-2022-jp, iso-2022-jp-2, iso-2022-kr, iso-8859-1, iso-8859-13, iso-8859-15, iso-8859-2, iso-8859-3, iso-8859-4, iso-8859-5, iso-8859-6, iso-8859-7, iso-8859-8, iso-8859-9, jis_x0201, jis_x0212-1990, koi8-r, koi8-u, shift_jis, tis-620, us-ascii, utf-16, utf-16be, utf-16le, utf-32, utf-32be, utf-32le, utf-8, windows-1250, windows-1251, windows-1252, windows-1253, windows-1254, windows-1255, windows-1256, windows-1257, windows-1258, windows-31j, x-big5-hkscs-2001, x-big5-solaris, x-euc-jp-linux, x-euc-tw, x-eucjp-open, x-ibm1006, x-ibm1025, x-ibm1046, x-ibm1097, x-ibm1098, x-ibm1112, x-ibm1122, x-ibm1123, x-ibm1124, x-ibm1166, x-ibm1364, x-ibm1381, x-ibm1383, x-ibm300, x-ibm33722, x-ibm737, x-ibm833, x-ibm834, x-ibm856, x-ibm874, x-ibm875, x-ibm921, x-ibm922, x-ibm930, x-ibm933, x-ibm935, x-ibm937, x-ibm939, x-ibm942, x-ibm942c, x-ibm943, x-ibm943c, x-ibm948, x-ibm949, x-ibm949c, x-ibm950, x-ibm964, x-ibm970, x-iscii91, x-iso-2022-cn-cns, x-iso-2022-cn-gb, x-iso-8859-11, x-jis0208, x-jisautodetect, x-johab, x-macarabic, x-maccentraleurope, x-maccroatian, x-maccyrillic, x-macdingbat, x-macgreek, x-machebrew, x-maciceland, x-macroman, x-macromania, x-macsymbol, x-macthai, x-macturkish, x-macukraine, x-ms932_0213, x-ms950-hkscs, x-ms950-hkscs-xp, x-mswin-936, x-pck, x-sjis_0213, x-utf-16le-bom, x-utf-32be-bom, x-utf-32le-bom, x-windows-50220, x-windows-50221, x-windows-874, x-windows-949, x-windows-950, x-windows-iso2022jp
21:41:18,270 DEBUG         http.headers| http-outgoing-1 >> Content-Length: 87
21:41:18,270 DEBUG         http.headers| http-outgoing-1 >> Host: nip-pw-location-code-service-stage.us-east-1.np.paas.lmig.com
21:41:18,270 DEBUG         http.headers| http-outgoing-1 >> Connection: Keep-Alive
21:41:18,270 DEBUG         http.headers| http-outgoing-1 >> User-Agent: Apache-HttpClient/4.5.5 (Java/1.8.0_151)
21:41:18,270 DEBUG         http.headers| http-outgoing-1 >> Accept-Encoding: gzip,deflate
21:41:18,270 DEBUG            http.wire| http-outgoing-1 >> "POST /services/niplcs/cope/update-cope-data HTTP/1.1[\r][\n]"
21:41:18,270 DEBUG            http.wire| http-outgoing-1 >> "Accept: text/plain, application/json, application/*+json, */*[\r][\n]"
21:41:18,270 DEBUG            http.wire| http-outgoing-1 >> "Authorization: Bearer eyJhbGciOiJSUzM4NCIsImtpZCI6ImFwaXNpZ25pbmdjZXJ0IiwieDV0IjoiSzZPeUJPSlptaVRCR3lFQS1GemM0T3V1eU40In0.eyJzY29wZSI6W10sImNsaWVudF9pZCI6ImNpX25pcGxjbXNjbGllbnRfNCIsImlzcyI6IlBpbmdGZWRlcmF0ZSIsImF1ZCI6ImNpX2F0d25wb2F1dGhhcGlfNCIsImV4cCI6MTU1NzYzMjQ3N30.S5BNqeUjchd2loxi4L1elIbu4gJW_t-hk_SIJ6xswu4L8Y8NjKO81LsFesd9TtnLVgwLL6jWYOuWuky9DZgEDIV0FEvTVewLnrbAsuvl043HCDHDXJlN4BTYNEdbcsD4abOJz_b2MhSq8qMhaT4khtzPpRteQ0XXFZxDWVHg69st785-zZ8wV4eKUmjhf_lA_7j_m5E_llYdYFGnxU7YfSBDQFADsfKMU9MkcqEkM3YfEkL3uPY0HRPxX88tqHdBSZOJMNrwtLI7jo-w-ZeRaKat6qfaGRXu5TVCiMIIJXgwSL2JyqqVSOp7cGFslCCyDFCKIc8v5X9ZPFbxqM6hsw[\r][\n]"
21:41:18,270 DEBUG            http.wire| http-outgoing-1 >> "Content-Type: application/json[\r][\n]"
21:41:18,270 DEBUG            http.wire| http-outgoing-1 >> "Accept-Charset: big5, big5-hkscs, cesu-8, euc-jp, euc-kr, gb18030, gb2312, gbk, ibm-thai, ibm00858, ibm01140, ibm01141, ibm01142, ibm01143, ibm01144, ibm01145, ibm01146, ibm01147, ibm01148, ibm01149, ibm037, ibm1026, ibm1047, ibm273, ibm277, ibm278, ibm280, ibm284, ibm285, ibm290, ibm297, ibm420, ibm424, ibm437, ibm500, ibm775, ibm850, ibm852, ibm855, ibm857, ibm860, ibm861, ibm862, ibm863, ibm864, ibm865, ibm866, ibm868, ibm869, ibm870, ibm871, ibm918, iso-2022-cn, iso-2022-jp, iso-2022-jp-2, iso-2022-kr, iso-8859-1, iso-8859-13, iso-8859-15, iso-8859-2, iso-8859-3, iso-8859-4, iso-8859-5, iso-8859-6, iso-8859-7, iso-8859-8, iso-8859-9, jis_x0201, jis_x0212-1990, koi8-r, koi8-u, shift_jis, tis-620, us-ascii, utf-16, utf-16be, utf-16le, utf-32, utf-32be, utf-32le, utf-8, windows-1250, windows-1251, windows-1252, windows-1253, windows-1254, windows-1255, windows-1256, windows-1257, windows-1258, windows-31j, x-big5-hkscs-2001, x-big5-solaris, x-euc-jp-linux, x-euc-tw, x-eucjp-open, x-ibm1006, x-ibm1025, x-ibm1046, x-ibm1097, x-ibm1098, x-ibm1112, x-ibm1122, x-ibm1123, x-ibm1124, x-ibm1166, x-ibm1364, x-ibm1381, x-ibm1383, x-ibm300, x-ibm33722, x-ibm737, x-ibm833, x-ibm834, x-ibm856, x-ibm874, x-ibm875, x-ibm921, x-ibm922, x-ibm930, x-ibm933, x-ibm935, x-ibm937, x-ibm939, x-ibm942, x-ibm942c, x-ibm943, x-ibm943c, x-ibm948, x-ibm949, x-ibm949c, x-ibm950, x-ibm964, x-ibm970, x-iscii91, x-iso-2022-cn-cns, x-iso-2022-cn-gb, x-iso-8859-11, x-jis0208, x-jisautodetect, x-johab, x-macarabic, x-maccentraleurope, x-maccroatian, x-maccyrillic, x-macdingbat, x-macgreek, x-machebrew, x-maciceland, x-macroman, x-macromania, x-macsymbol, x-macthai, x-macturkish, x-macukraine, x-ms932_0213, x-ms950-hkscs, x-ms950-hkscs-xp, x-mswin-936, x-pck, x-sjis_0213, x-utf-16le-bom, x-utf-32be-bom, x-utf-32le-bom, x-windows-50220, x-windows-50221, x-windows-874, x-windows-949, x-windows-950, x-windows-iso2022jp[\r][\n]"
21:41:18,270 DEBUG            http.wire| http-outgoing-1 >> "Content-Length: 87[\r][\n]"
21:41:18,270 DEBUG            http.wire| http-outgoing-1 >> "Host: nip-pw-location-code-service-stage.us-east-1.np.paas.lmig.com[\r][\n]"
21:41:18,270 DEBUG            http.wire| http-outgoing-1 >> "Connection: Keep-Alive[\r][\n]"
21:41:18,270 DEBUG            http.wire| http-outgoing-1 >> "User-Agent: Apache-HttpClient/4.5.5 (Java/1.8.0_151)[\r][\n]"
21:41:18,270 DEBUG            http.wire| http-outgoing-1 >> "Accept-Encoding: gzip,deflate[\r][\n]"
21:41:18,270 DEBUG            http.wire| http-outgoing-1 >> "[\r][\n]"
21:41:18,270 DEBUG            http.wire| http-outgoing-1 >> "{"agreementId":0,[\r][\n]"
21:41:18,270 DEBUG            http.wire| http-outgoing-1 >> ""subLocId":14036975,[\r][\n]"
21:41:18,270 DEBUG            http.wire| http-outgoing-1 >> ""copyPolicyIndicator":"N",[\r][\n]"
21:41:18,270 DEBUG            http.wire| http-outgoing-1 >> ""userId":2280}  [\r][\n]"
21:41:18,317 DEBUG            http.wire| http-outgoing-1 << "HTTP/1.1 403 Forbidden[\r][\n]"
21:41:18,317 DEBUG            http.wire| http-outgoing-1 << "Date: Sun, 12 May 2019 01:41:18 GMT[\r][\n]"
21:41:18,317 DEBUG            http.wire| http-outgoing-1 << "Content-Type: application/json;charset=UTF-8[\r][\n]"
21:41:18,317 DEBUG            http.wire| http-outgoing-1 << "Content-Length: 147[\r][\n]"
21:41:18,317 DEBUG            http.wire| http-outgoing-1 << "Connection: keep-alive[\r][\n]"
21:41:18,317 DEBUG            http.wire| http-outgoing-1 << "Cache-Control: no-cache, no-store, max-age=0, must-revalidate[\r][\n]"
21:41:18,317 DEBUG            http.wire| http-outgoing-1 << "Expires: 0[\r][\n]"
21:41:18,317 DEBUG            http.wire| http-outgoing-1 << "Pragma: no-cache[\r][\n]"
21:41:18,317 DEBUG            http.wire| http-outgoing-1 << "Set-Cookie: JSESSIONID=4683D2BE96A5C79E76C8B09169870993; Path=/services/niplcs; Secure; HttpOnly[\r][\n]"
21:41:18,317 DEBUG            http.wire| http-outgoing-1 << "Set-Cookie: __VCAP_ID__=217e3b86-1d8f-4019-6f6e-c0ce; Path=/; HttpOnly; Secure[\r][\n]"
21:41:18,317 DEBUG            http.wire| http-outgoing-1 << "Strict-Transport-Security: max-age=31536000 ; includeSubDomains[\r][\n]"
21:41:18,317 DEBUG            http.wire| http-outgoing-1 << "X-Content-Type-Options: nosniff[\r][\n]"
21:41:18,317 DEBUG            http.wire| http-outgoing-1 << "X-Vcap-Request-Id: 1280eb4a-e233-492e-692b-6ecd0bf3ad2f[\r][\n]"
21:41:18,317 DEBUG            http.wire| http-outgoing-1 << "X-Xss-Protection: 1; mode=block[\r][\n]"
21:41:18,317 DEBUG            http.wire| http-outgoing-1 << "[\r][\n]"
21:41:18,317 DEBUG            http.wire| http-outgoing-1 << "{"timestamp":"2019-05-12T01:41:18.278+0000","status":403,"error":"Forbidden","message":"Forbidden","path":"/services/niplcs/cope/update-cope-data"}"
21:41:18,317 DEBUG         http.headers| http-outgoing-1 << HTTP/1.1 403 Forbidden
21:41:18,317 DEBUG         http.headers| http-outgoing-1 << Date: Sun, 12 May 2019 01:41:18 GMT
21:41:18,317 DEBUG         http.headers| http-outgoing-1 << Content-Type: application/json;charset=UTF-8
21:41:18,317 DEBUG         http.headers| http-outgoing-1 << Content-Length: 147
21:41:18,317 DEBUG         http.headers| http-outgoing-1 << Connection: keep-alive
21:41:18,317 DEBUG         http.headers| http-outgoing-1 << Cache-Control: no-cache, no-store, max-age=0, must-revalidate
21:41:18,317 DEBUG         http.headers| http-outgoing-1 << Expires: 0
21:41:18,317 DEBUG         http.headers| http-outgoing-1 << Pragma: no-cache
21:41:18,317 DEBUG         http.headers| http-outgoing-1 << Set-Cookie: JSESSIONID=4683D2BE96A5C79E76C8B09169870993; Path=/services/niplcs; Secure; HttpOnly
21:41:18,317 DEBUG         http.headers| http-outgoing-1 << Set-Cookie: __VCAP_ID__=217e3b86-1d8f-4019-6f6e-c0ce; Path=/; HttpOnly; Secure
21:41:18,317 DEBUG         http.headers| http-outgoing-1 << Strict-Transport-Security: max-age=31536000 ; includeSubDomains
21:41:18,317 DEBUG         http.headers| http-outgoing-1 << X-Content-Type-Options: nosniff
21:41:18,317 DEBUG         http.headers| http-outgoing-1 << X-Vcap-Request-Id: 1280eb4a-e233-492e-692b-6ecd0bf3ad2f
21:41:18,317 DEBUG         http.headers| http-outgoing-1 << X-Xss-Protection: 1; mode=block
21:41:18,317 DEBUG chain.MainClientExec| Connection can be kept alive indefinitely
21:41:18,317 DEBUG sponseProcessCookies| Cookie accepted [JSESSIONID="4683D2BE96A5C79E76C8B09169870993", version:0, domain:nip-pw-location-code-service-stage.us-east-1.np.paas.lmig.com, path:/services/niplcs, expiry:null]
21:41:18,317 DEBUG sponseProcessCookies| Cookie accepted [__VCAP_ID__="217e3b86-1d8f-4019-6f6e-c0ce", version:0, domain:nip-pw-location-code-service-stage.us-east-1.np.paas.lmig.com, path:/, expiry:null]
21:41:18,317 DEBUG entConnectionManager| Connection [id: 1][route: {s}->https://nip-pw-location-code-service-stage.us-east-1.np.paas.lmig.com:443] can be kept alive indefinitely
21:41:18,317 DEBUG HttpClientConnection| http-outgoing-1: set socket timeout to 0
21:41:18,317 DEBUG entConnectionManager| Connection released: [id: 1][route: {s}->https://nip-pw-location-code-service-stage.us-east-1.np.paas.lmig.com:443][total kept alive: 1; route allocated: 1 of 5; total allocated: 1 of 10]
21:41:18,317 DEBUG ingClientInterceptor| Received Http response message
21:41:18,317 DEBUG    Logger.Message_IN| HTTP/1.1 403 Forbidden
Date:Sun, 12 May 2019 01:41:18 GMT
Content-Type:application/json;charset=UTF-8
Content-Length:147
Connection:keep-alive
Cache-Control:no-cache, no-store, max-age=0, must-revalidate
Expires:0
Pragma:no-cache
Set-Cookie:JSESSIONID=4683D2BE96A5C79E76C8B09169870993; Path=/services/niplcs; Secure; HttpOnly,__VCAP_ID__=217e3b86-1d8f-4019-6f6e-c0ce; Path=/; HttpOnly; Secure
Strict-Transport-Security:max-age=31536000 ; includeSubDomains
X-Content-Type-Options:nosniff
X-Vcap-Request-Id:1280eb4a-e233-492e-692b-6ecd0bf3ad2f
X-Xss-Protection:1; mode=block

{"timestamp":"2019-05-12T01:41:18.278+0000","status":403,"error":"Forbidden","message":"Forbidden","path":"/services/niplcs/cope/update-cope-data"}
21:41:18,317 DEBUG  client.RestTemplate| POST request for "https://nip-pw-location-code-service-stage.us-east-1.np.paas.lmig.com/services/niplcs/cope/update-cope-data" resulted in 403 (Forbidden); invoking error handler
21:41:18,317 INFO     client.HttpClient| Caught HTTP rest client exception: 403 Forbidden
21:41:18,317 INFO     client.HttpClient| Propagating HTTP rest client exception according to error handling strategy
21:41:18,317 DEBUG aultHttpHeaderMapper| inboundHeaderNames=[Accept-Ranges, Age, Allow, Cache-Control, Connection, Content-Encoding, Content-Language, Content-Length, Content-Location, Content-MD5, Content-Range, Content-Type, Content-Disposition, Transfer-Encoding, Date, ETag, Expires, Last-Modified, Location, Pragma, Proxy-Authenticate, Refresh, Retry-After, Server, Set-Cookie, Trailer, Vary, Via, Warning, WWW-Authenticate]
21:41:18,317 DEBUG aultHttpHeaderMapper| headerName=[date] WILL be mapped, matched pattern=date
21:41:18,317 DEBUG aultHttpHeaderMapper| setting headerName=[Date], value=1,557,625,278,000
21:41:18,317 DEBUG aultHttpHeaderMapper| headerName=[content-type] WILL be mapped, matched pattern=content-type
21:41:18,317 DEBUG aultHttpHeaderMapper| setting headerName=[Content-Type], value=application/json;charset=UTF-8
21:41:18,317 DEBUG aultHttpHeaderMapper| headerName=[content-length] WILL be mapped, matched pattern=content-length
21:41:18,317 DEBUG aultHttpHeaderMapper| setting headerName=[Content-Length], value=147
21:41:18,317 DEBUG aultHttpHeaderMapper| headerName=[connection] WILL be mapped, matched pattern=connection
21:41:18,317 DEBUG aultHttpHeaderMapper| setting headerName=[Connection], value=[keep-alive]
21:41:18,317 DEBUG aultHttpHeaderMapper| headerName=[cache-control] WILL be mapped, matched pattern=cache-control
21:41:18,317 DEBUG aultHttpHeaderMapper| setting headerName=[Cache-Control], value=no-cache, no-store, max-age=0, must-revalidate
21:41:18,317 DEBUG aultHttpHeaderMapper| headerName=[expires] WILL be mapped, matched pattern=expires
21:41:18,317 DEBUG aultHttpHeaderMapper| headerName=[pragma] WILL be mapped, matched pattern=pragma
21:41:18,317 DEBUG aultHttpHeaderMapper| setting headerName=[Pragma], value=no-cache
21:41:18,317 DEBUG aultHttpHeaderMapper| headerName=[set-cookie] WILL be mapped, matched pattern=set-cookie
21:41:18,317 DEBUG aultHttpHeaderMapper| setting headerName=[Set-Cookie], value=[JSESSIONID=4683D2BE96A5C79E76C8B09169870993; Path=/services/niplcs; Secure; HttpOnly, __VCAP_ID__=217e3b86-1d8f-4019-6f6e-c0ce; Path=/; HttpOnly; Secure]
21:41:18,317 DEBUG aultHttpHeaderMapper| headerName=[strict-transport-security] WILL NOT be mapped
21:41:18,317 DEBUG aultHttpHeaderMapper| headerName=[x-content-type-options] WILL NOT be mapped
21:41:18,317 DEBUG aultHttpHeaderMapper| headerName=[x-vcap-request-id] WILL NOT be mapped
21:41:18,317 DEBUG aultHttpHeaderMapper| headerName=[x-xss-protection] WILL NOT be mapped
21:41:18,317 DEBUG ltCorrelationManager| Saving correlated object for 'citrus_message_id = '2fd45024-835c-4c8e-9831-c5a9ced09e3b''
21:41:18,317 INFO  port.LoggingReporter| 
21:41:18,317 DEBUG port.LoggingReporter| TEST STEP 6 SUCCESS
21:41:18,317 INFO  port.LoggingReporter| 
21:41:18,317 DEBUG port.LoggingReporter| TEST STEP 7: receive
21:41:18,317 DEBUG ngCorrelationManager| Get correlation key for 'citrus_message_correlator_locationServiceClient'
21:41:18,317 DEBUG ltCorrelationManager| Finding correlated object for 'citrus_message_id = '2fd45024-835c-4c8e-9831-c5a9ced09e3b''
21:41:18,333 DEBUG ageValidatorRegistry| Found 4 message validators for message type: XML
21:41:18,333 DEBUG TextMessageValidator| Start JSON message validation ...
21:41:18,333 DEBUG TextMessageValidator| Received message:
HTTPMESSAGE [id: f4aaf6d5-468f-482f-bfe8-bfa20ff5e28f, payload: {"timestamp":"2019-05-12T01:41:18.278+0000","status":403,"error":"Forbidden","message":"Forbidden","path":"/services/niplcs/cope/update-cope-data"}][headers: {Cache-Control=no-cache, no-store, max-age=0, must-revalidate, Connection=keep-alive, Set-Cookie=JSESSIONID=4683D2BE96A5C79E76C8B09169870993; Path=/services/niplcs; Secure; HttpOnly,__VCAP_ID__=217e3b86-1d8f-4019-6f6e-c0ce; Path=/; HttpOnly; Secure, Pragma=no-cache, Content-Length=147, contentType=application/json;charset=UTF-8, Date=1557625278000, citrus_message_id=f4aaf6d5-468f-482f-bfe8-bfa20ff5e28f, citrus_message_timestamp=1557625278317, Strict-Transport-Security=max-age=31536000 ; includeSubDomains, X-Content-Type-Options=nosniff, X-Xss-Protection=1; mode=block, Expires=0, X-Vcap-Request-Id=1280eb4a-e233-492e-692b-6ecd0bf3ad2f, Content-Type=application/json;charset=UTF-8, citrus_http_status_code=403, citrus_http_reason_phrase=FORBIDDEN, citrus_http_version=HTTP/1.1}]
21:41:18,333 DEBUG TextMessageValidator| Control message:
HTTPMESSAGE [id: f9e3278e-1764-424d-93f4-d0e085c6f093, payload: ][headers: {citrus_message_id=f9e3278e-1764-424d-93f4-d0e085c6f093, citrus_message_timestamp=1557625278317, citrus_http_status_code=201, citrus_http_reason_phrase=CREATED, citrus_message_type=XML}]
21:41:18,333 DEBUG TextMessageValidator| Skip message payload validation as no control message was defined
21:41:18,333 DEBUG ssageHeaderValidator| Start message header validation ...
21:41:18,333 INFO  port.LoggingReporter| 
21:41:18,333 ERROR port.LoggingReporter| TEST FAILED CitrusSampleTest.test <com.citrus.demo.citrustest> Nested exception is: 
com.consol.citrus.exceptions.TestCaseFailedException: Validation failed: Values not equal for header element 'citrus_http_status_code', expected '201' but was '403'
	at com.consol.citrus.TestCase.executeAction(TestCase.java:227)
	at com.consol.citrus.dsl.runner.DefaultTestRunner.run(DefaultTestRunner.java:188)
	at com.consol.citrus.dsl.runner.DefaultTestRunner.http(DefaultTestRunner.java:540)
	at com.consol.citrus.dsl.testng.TestNGCitrusTestRunner.http(TestNGCitrusTestRunner.java:375)
	at com.citrus.demo.citrustest.CitrusSampleTest.test(CitrusSampleTest.java:50)
	at sun.reflect.NativeMethodAccessorImpl.invoke0(Native Method)
	at sun.reflect.NativeMethodAccessorImpl.invoke(NativeMethodAccessorImpl.java:62)
	at sun.reflect.DelegatingMethodAccessorImpl.invoke(DelegatingMethodAccessorImpl.java:43)
	at java.lang.reflect.Method.invoke(Method.java:498)
	at org.springframework.util.ReflectionUtils.invokeMethod(ReflectionUtils.java:223)
	at com.consol.citrus.dsl.testng.TestNGCitrusTest.invokeTestMethod(TestNGCitrusTest.java:128)
	at com.consol.citrus.dsl.testng.TestNGCitrusTest.run(TestNGCitrusTest.java:110)
	at com.consol.citrus.dsl.testng.TestNGCitrusTest.run(TestNGCitrusTest.java:56)
	at org.testng.internal.MethodInvocationHelper.invokeHookable(MethodInvocationHelper.java:242)
	at org.testng.internal.Invoker.invokeMethod(Invoker.java:579)
	at org.testng.internal.Invoker.invokeTestMethod(Invoker.java:719)
	at org.testng.internal.Invoker.invokeTestMethods(Invoker.java:989)
	at org.testng.internal.TestMethodWorker.invokeTestMethods(TestMethodWorker.java:125)
	at org.testng.internal.TestMethodWorker.run(TestMethodWorker.java:109)
	at org.testng.TestRunner.privateRun(TestRunner.java:648)
	at org.testng.TestRunner.run(TestRunner.java:505)
	at org.testng.SuiteRunner.runTest(SuiteRunner.java:455)
	at org.testng.SuiteRunner.runSequentially(SuiteRunner.java:450)
	at org.testng.SuiteRunner.privateRun(SuiteRunner.java:415)
	at org.testng.SuiteRunner.run(SuiteRunner.java:364)
	at org.testng.SuiteRunnerWorker.runSuite(SuiteRunnerWorker.java:52)
	at org.testng.SuiteRunnerWorker.run(SuiteRunnerWorker.java:84)
	at org.testng.TestNG.runSuitesSequentially(TestNG.java:1208)
	at org.testng.TestNG.runSuitesLocally(TestNG.java:1137)
	at org.testng.TestNG.runSuites(TestNG.java:1049)
	at org.testng.TestNG.run(TestNG.java:1017)
	at org.apache.maven.surefire.testng.TestNGExecutor.run(TestNGExecutor.java:135)
	at org.apache.maven.surefire.testng.TestNGDirectoryTestSuite.executeSingleClass(TestNGDirectoryTestSuite.java:112)
	at org.apache.maven.surefire.testng.TestNGDirectoryTestSuite.execute(TestNGDirectoryTestSuite.java:99)
	at org.apache.maven.surefire.testng.TestNGProvider.invoke(TestNGProvider.java:146)
	at org.apache.maven.surefire.booter.ForkedBooter.invokeProviderInSameClassLoader(ForkedBooter.java:373)
	at org.apache.maven.surefire.booter.ForkedBooter.runSuitesInProcess(ForkedBooter.java:334)
	at org.apache.maven.surefire.booter.ForkedBooter.execute(ForkedBooter.java:119)
	at org.apache.maven.surefire.booter.ForkedBooter.main(ForkedBooter.java:407)
Caused by: com.consol.citrus.exceptions.ValidationException: Validation failed: Values not equal for header element 'citrus_http_status_code', expected '201' but was '403'
	at com.consol.citrus.validation.DefaultHeaderValidator.validateHeader(DefaultHeaderValidator.java:77)
	at com.consol.citrus.validation.DefaultMessageHeaderValidator.validateMessage(DefaultMessageHeaderValidator.java:90)
	at com.consol.citrus.validation.DefaultMessageHeaderValidator.validateMessage(DefaultMessageHeaderValidator.java:36)
	at com.consol.citrus.validation.AbstractMessageValidator.validateMessage(AbstractMessageValidator.java:46)
	at com.consol.citrus.actions.ReceiveMessageAction.validateMessage(ReceiveMessageAction.java:231)
	at com.consol.citrus.actions.ReceiveMessageAction.doExecute(ReceiveMessageAction.java:128)
	at com.consol.citrus.actions.AbstractTestAction.execute(AbstractTestAction.java:42)
	at com.consol.citrus.dsl.actions.DelegatingTestAction.doExecute(DelegatingTestAction.java:54)
	at com.consol.citrus.actions.AbstractTestAction.execute(AbstractTestAction.java:42)
	at com.consol.citrus.TestCase.executeAction(TestCase.java:220)
	... 38 more
Caused by: java.lang.IllegalArgumentException: Values not equal for header element 'citrus_http_status_code', expected '201' but was '403'
	at org.springframework.util.Assert.isTrue(Assert.java:116)
	at com.consol.citrus.validation.DefaultHeaderValidator.validateHeader(DefaultHeaderValidator.java:64)
	... 47 more
21:41:18,333 INFO  port.LoggingReporter| ------------------------------------------------------------------------
21:41:18,333 INFO  port.LoggingReporter| 
]]></system-out>
  </testcase>
</testsuite>