<?xml version="1.0" encoding="UTF-8"?>
<testsuite xmlns:xsi="http://www.w3.org/2001/XMLSchema-instance" xsi:noNamespaceSchemaLocation="https://maven.apache.org/surefire/maven-surefire-plugin/xsd/surefire-test-report.xsd" name="com.citrus.demo.citrustest.CitrusSampleTest" time="7.774" tests="1" errors="0" skipped="0" failures="0">
  <properties>
    <property name="sun.desktop" value="windows"/>
    <property name="awt.toolkit" value="sun.awt.windows.WToolkit"/>
    <property name="file.encoding.pkg" value="sun.io"/>
    <property name="java.specification.version" value="1.8"/>
    <property name="sun.cpu.isalist" value="amd64"/>
    <property name="sun.jnu.encoding" value="Cp1252"/>
    <property name="java.class.path" value="C:\Users\n0305214\FullStackDeveloperTasks&apos;\citrustest\target\test-classes;C:\Users\n0305214\FullStackDeveloperTasks&apos;\citrustest\target\classes;C:\Users\n0305214\.m2\repository\org\slf4j\jcl-over-slf4j\1.7.25\jcl-over-slf4j-1.7.25.jar;C:\Users\n0305214\.m2\repository\org\slf4j\slf4j-api\1.7.25\slf4j-api-1.7.25.jar;C:\Users\n0305214\.m2\repository\org\slf4j\slf4j-log4j12\1.7.25\slf4j-log4j12-1.7.25.jar;C:\Users\n0305214\.m2\repository\log4j\log4j\1.2.17\log4j-1.2.17.jar;C:\Users\n0305214\.m2\repository\commons-logging\commons-logging\1.2\commons-logging-1.2.jar;C:\Users\n0305214\.m2\repository\org\testng\testng\6.14.3\testng-6.14.3.jar;C:\Users\n0305214\.m2\repository\com\beust\jcommander\1.72\jcommander-1.72.jar;C:\Users\n0305214\.m2\repository\org\apache-extras\beanshell\bsh\2.0b6\bsh-2.0b6.jar;C:\Users\n0305214\.m2\repository\com\consol\citrus\citrus-core\2.8.0\citrus-core-2.8.0.jar;C:\Users\n0305214\.m2\repository\com\consol\citrus\model\citrus-model-core\2.8.0\citrus-model-core-2.8.0.jar;C:\Users\n0305214\.m2\repository\javax\xml\bind\jaxb-api\2.3.0\jaxb-api-2.3.0.jar;C:\Users\n0305214\.m2\repository\com\sun\xml\bind\jaxb-core\2.3.0\jaxb-core-2.3.0.jar;C:\Users\n0305214\.m2\repository\com\sun\xml\bind\jaxb-impl\2.3.0\jaxb-impl-2.3.0.jar;C:\Users\n0305214\.m2\repository\commons-cli\commons-cli\1.4\commons-cli-1.4.jar;C:\Users\n0305214\.m2\repository\commons-codec\commons-codec\1.11\commons-codec-1.11.jar;C:\Users\n0305214\.m2\repository\commons-lang\commons-lang\2.6\commons-lang-2.6.jar;C:\Users\n0305214\.m2\repository\xalan\xalan\2.7.2\xalan-2.7.2.jar;C:\Users\n0305214\.m2\repository\xalan\serializer\2.7.2\serializer-2.7.2.jar;C:\Users\n0305214\.m2\repository\xerces\xercesImpl\2.12.0\xercesImpl-2.12.0.jar;C:\Users\n0305214\.m2\repository\xml-apis\xml-apis\1.4.01\xml-apis-1.4.01.jar;C:\Users\n0305214\.m2\repository\wsdl4j\wsdl4j\1.6.3\wsdl4j-1.6.3.jar;C:\Users\n0305214\.m2\repository\net\sf\jtidy\jtidy\r938\jtidy-r938.jar;C:\Users\n0305214\.m2\repository\org\hamcrest\hamcrest-core\1.3\hamcrest-core-1.3.jar;C:\Users\n0305214\.m2\repository\org\hamcrest\hamcrest-library\1.3\hamcrest-library-1.3.jar;C:\Users\n0305214\.m2\repository\org\codehaus\groovy\groovy\2.5.0\groovy-2.5.0.jar;C:\Users\n0305214\.m2\repository\org\codehaus\groovy\groovy-xml\2.5.0\groovy-xml-2.5.0.jar;C:\Users\n0305214\.m2\repository\org\codehaus\groovy\groovy-json\2.5.0\groovy-json-2.5.0.jar;C:\Users\n0305214\.m2\repository\org\codehaus\groovy\groovy-jsr223\2.5.0\groovy-jsr223-2.5.0.jar;C:\Users\n0305214\.m2\repository\commons-logging\commons-logging-api\1.1\commons-logging-api-1.1.jar;C:\Users\n0305214\.m2\repository\com\fasterxml\jackson\core\jackson-core\2.9.8\jackson-core-2.9.8.jar;C:\Users\n0305214\.m2\repository\com\fasterxml\jackson\core\jackson-annotations\2.9.8\jackson-annotations-2.9.8.jar;C:\Users\n0305214\.m2\repository\com\fasterxml\jackson\core\jackson-databind\2.9.8\jackson-databind-2.9.8.jar;C:\Users\n0305214\.m2\repository\net\minidev\json-smart\2.3\json-smart-2.3.jar;C:\Users\n0305214\.m2\repository\net\minidev\accessors-smart\1.2\accessors-smart-1.2.jar;C:\Users\n0305214\.m2\repository\org\ow2\asm\asm\5.0.4\asm-5.0.4.jar;C:\Users\n0305214\.m2\repository\com\jayway\jsonpath\json-path\2.4.0\json-path-2.4.0.jar;C:\Users\n0305214\.m2\repository\com\github\java-json-tools\json-schema-validator\2.2.10\json-schema-validator-2.2.10.jar;C:\Users\n0305214\.m2\repository\com\github\java-json-tools\json-schema-core\1.2.10\json-schema-core-1.2.10.jar;C:\Users\n0305214\.m2\repository\com\github\java-json-tools\jackson-coreutils\1.9\jackson-coreutils-1.9.jar;C:\Users\n0305214\.m2\repository\com\google\guava\guava\16.0.1\guava-16.0.1.jar;C:\Users\n0305214\.m2\repository\com\github\fge\msg-simple\1.1\msg-simple-1.1.jar;C:\Users\n0305214\.m2\repository\com\github\fge\btf\1.2\btf-1.2.jar;C:\Users\n0305214\.m2\repository\com\github\fge\uri-template\0.9\uri-template-0.9.jar;C:\Users\n0305214\.m2\repository\org\mozilla\rhino\1.7.7.1\rhino-1.7.7.1.jar;C:\Users\n0305214\.m2\repository\javax\mail\mailapi\1.4.3\mailapi-1.4.3.jar;C:\Users\n0305214\.m2\repository\javax\activation\activation\1.1\activation-1.1.jar;C:\Users\n0305214\.m2\repository\joda-time\joda-time\2.9.7\joda-time-2.9.7.jar;C:\Users\n0305214\.m2\repository\com\googlecode\libphonenumber\libphonenumber\8.0.0\libphonenumber-8.0.0.jar;C:\Users\n0305214\.m2\repository\com\google\code\findbugs\jsr305\3.0.1\jsr305-3.0.1.jar;C:\Users\n0305214\.m2\repository\net\sf\jopt-simple\jopt-simple\5.0.3\jopt-simple-5.0.3.jar;C:\Users\n0305214\.m2\repository\org\springframework\spring-core\5.0.8.RELEASE\spring-core-5.0.8.RELEASE.jar;C:\Users\n0305214\.m2\repository\org\springframework\spring-jcl\5.0.8.RELEASE\spring-jcl-5.0.8.RELEASE.jar;C:\Users\n0305214\.m2\repository\org\springframework\spring-context\5.0.8.RELEASE\spring-context-5.0.8.RELEASE.jar;C:\Users\n0305214\.m2\repository\org\springframework\spring-aop\5.0.8.RELEASE\spring-aop-5.0.8.RELEASE.jar;C:\Users\n0305214\.m2\repository\org\springframework\spring-beans\5.0.8.RELEASE\spring-beans-5.0.8.RELEASE.jar;C:\Users\n0305214\.m2\repository\org\springframework\spring-expression\5.0.8.RELEASE\spring-expression-5.0.8.RELEASE.jar;C:\Users\n0305214\.m2\repository\org\springframework\spring-jdbc\5.0.8.RELEASE\spring-jdbc-5.0.8.RELEASE.jar;C:\Users\n0305214\.m2\repository\org\springframework\spring-tx\5.0.8.RELEASE\spring-tx-5.0.8.RELEASE.jar;C:\Users\n0305214\.m2\repository\org\springframework\integration\spring-integration-core\5.0.6.RELEASE\spring-integration-core-5.0.6.RELEASE.jar;C:\Users\n0305214\.m2\repository\org\springframework\spring-messaging\5.0.7.RELEASE\spring-messaging-5.0.7.RELEASE.jar;C:\Users\n0305214\.m2\repository\org\springframework\retry\spring-retry\1.2.2.RELEASE\spring-retry-1.2.2.RELEASE.jar;C:\Users\n0305214\.m2\repository\io\projectreactor\reactor-core\3.1.6.RELEASE\reactor-core-3.1.6.RELEASE.jar;C:\Users\n0305214\.m2\repository\org\reactivestreams\reactive-streams\1.0.2\reactive-streams-1.0.2.jar;C:\Users\n0305214\.m2\repository\org\springframework\ws\spring-xml\3.0.1.RELEASE\spring-xml-3.0.1.RELEASE.jar;C:\Users\n0305214\.m2\repository\commons-io\commons-io\2.5\commons-io-2.5.jar;C:\Users\n0305214\.m2\repository\org\springframework\spring-oxm\5.0.8.RELEASE\spring-oxm-5.0.8.RELEASE.jar;C:\Users\n0305214\.m2\repository\org\springframework\spring-test\5.0.8.RELEASE\spring-test-5.0.8.RELEASE.jar;C:\Users\n0305214\.m2\repository\org\javatuples\javatuples\1.2\javatuples-1.2.jar;C:\Users\n0305214\.m2\repository\com\consol\citrus\citrus-java-dsl\2.8.0\citrus-java-dsl-2.8.0.jar;C:\Users\n0305214\.m2\repository\com\consol\citrus\citrus-http\2.8.0\citrus-http-2.8.0.jar;C:\Users\n0305214\.m2\repository\com\consol\citrus\model\citrus-model-http\2.8.0\citrus-model-http-2.8.0.jar;C:\Users\n0305214\.m2\repository\org\springframework\spring-web\5.0.8.RELEASE\spring-web-5.0.8.RELEASE.jar;C:\Users\n0305214\.m2\repository\org\springframework\spring-webmvc\5.0.8.RELEASE\spring-webmvc-5.0.8.RELEASE.jar;C:\Users\n0305214\.m2\repository\org\springframework\integration\spring-integration-http\5.0.6.RELEASE\spring-integration-http-5.0.6.RELEASE.jar;C:\Users\n0305214\.m2\repository\org\apache\httpcomponents\httpclient\4.5.5\httpclient-4.5.5.jar;C:\Users\n0305214\.m2\repository\org\apache\httpcomponents\httpcore\4.4.9\httpcore-4.4.9.jar;C:\Users\n0305214\.m2\repository\org\eclipse\jetty\jetty-server\9.4.11.v20180605\jetty-server-9.4.11.v20180605.jar;C:\Users\n0305214\.m2\repository\javax\servlet\javax.servlet-api\3.1.0\javax.servlet-api-3.1.0.jar;C:\Users\n0305214\.m2\repository\org\eclipse\jetty\jetty-http\9.4.11.v20180605\jetty-http-9.4.11.v20180605.jar;C:\Users\n0305214\.m2\repository\org\eclipse\jetty\jetty-util\9.4.11.v20180605\jetty-util-9.4.11.v20180605.jar;C:\Users\n0305214\.m2\repository\org\eclipse\jetty\jetty-io\9.4.11.v20180605\jetty-io-9.4.11.v20180605.jar;C:\Users\n0305214\.m2\repository\org\eclipse\jetty\jetty-servlet\9.4.11.v20180605\jetty-servlet-9.4.11.v20180605.jar;C:\Users\n0305214\.m2\repository\org\eclipse\jetty\jetty-security\9.4.11.v20180605\jetty-security-9.4.11.v20180605.jar;C:\Users\n0305214\.m2\repository\junit\junit\3.8.1\junit-3.8.1.jar;C:\Users\n0305214\.m2\repository\org\apache\maven\surefire\surefire-testng-utils\2.20.1\surefire-testng-utils-2.20.1.jar;C:\Users\n0305214\.m2\repository\org\apache\maven\surefire\surefire-grouper\2.20.1\surefire-grouper-2.20.1.jar;"/>
    <property name="java.vm.vendor" value="Oracle Corporation"/>
    <property name="sun.arch.data.model" value="64"/>
    <property name="user.variant" value=""/>
    <property name="java.vendor.url" value="http://java.oracle.com/"/>
    <property name="user.timezone" value=""/>
    <property name="java.vm.specification.version" value="1.8"/>
    <property name="os.name" value="Windows 10"/>
    <property name="user.country" value="US"/>
    <property name="sun.java.launcher" value="SUN_STANDARD"/>
    <property name="sun.boot.library.path" value="C:\Program Files\Java\jdk1.8.0_171\jre\bin"/>
    <property name="sun.java.command" value="C:\Users\n0305214\AppData\Local\Temp\surefire480995353699773442\surefirebooter8296680650037930581.jar C:\Users\n0305214\AppData\Local\Temp\surefire480995353699773442 2019-04-03T16-21-38_142-jvmRun1 surefire1972847013772478653tmp surefire_01113473682548779308tmp"/>
    <property name="surefire.test.class.path" value="C:\Users\n0305214\FullStackDeveloperTasks&apos;\citrustest\target\test-classes;C:\Users\n0305214\FullStackDeveloperTasks&apos;\citrustest\target\classes;C:\Users\n0305214\.m2\repository\org\slf4j\jcl-over-slf4j\1.7.25\jcl-over-slf4j-1.7.25.jar;C:\Users\n0305214\.m2\repository\org\slf4j\slf4j-api\1.7.25\slf4j-api-1.7.25.jar;C:\Users\n0305214\.m2\repository\org\slf4j\slf4j-log4j12\1.7.25\slf4j-log4j12-1.7.25.jar;C:\Users\n0305214\.m2\repository\log4j\log4j\1.2.17\log4j-1.2.17.jar;C:\Users\n0305214\.m2\repository\commons-logging\commons-logging\1.2\commons-logging-1.2.jar;C:\Users\n0305214\.m2\repository\org\testng\testng\6.14.3\testng-6.14.3.jar;C:\Users\n0305214\.m2\repository\com\beust\jcommander\1.72\jcommander-1.72.jar;C:\Users\n0305214\.m2\repository\org\apache-extras\beanshell\bsh\2.0b6\bsh-2.0b6.jar;C:\Users\n0305214\.m2\repository\com\consol\citrus\citrus-core\2.8.0\citrus-core-2.8.0.jar;C:\Users\n0305214\.m2\repository\com\consol\citrus\model\citrus-model-core\2.8.0\citrus-model-core-2.8.0.jar;C:\Users\n0305214\.m2\repository\javax\xml\bind\jaxb-api\2.3.0\jaxb-api-2.3.0.jar;C:\Users\n0305214\.m2\repository\com\sun\xml\bind\jaxb-core\2.3.0\jaxb-core-2.3.0.jar;C:\Users\n0305214\.m2\repository\com\sun\xml\bind\jaxb-impl\2.3.0\jaxb-impl-2.3.0.jar;C:\Users\n0305214\.m2\repository\commons-cli\commons-cli\1.4\commons-cli-1.4.jar;C:\Users\n0305214\.m2\repository\commons-codec\commons-codec\1.11\commons-codec-1.11.jar;C:\Users\n0305214\.m2\repository\commons-lang\commons-lang\2.6\commons-lang-2.6.jar;C:\Users\n0305214\.m2\repository\xalan\xalan\2.7.2\xalan-2.7.2.jar;C:\Users\n0305214\.m2\repository\xalan\serializer\2.7.2\serializer-2.7.2.jar;C:\Users\n0305214\.m2\repository\xerces\xercesImpl\2.12.0\xercesImpl-2.12.0.jar;C:\Users\n0305214\.m2\repository\xml-apis\xml-apis\1.4.01\xml-apis-1.4.01.jar;C:\Users\n0305214\.m2\repository\wsdl4j\wsdl4j\1.6.3\wsdl4j-1.6.3.jar;C:\Users\n0305214\.m2\repository\net\sf\jtidy\jtidy\r938\jtidy-r938.jar;C:\Users\n0305214\.m2\repository\org\hamcrest\hamcrest-core\1.3\hamcrest-core-1.3.jar;C:\Users\n0305214\.m2\repository\org\hamcrest\hamcrest-library\1.3\hamcrest-library-1.3.jar;C:\Users\n0305214\.m2\repository\org\codehaus\groovy\groovy\2.5.0\groovy-2.5.0.jar;C:\Users\n0305214\.m2\repository\org\codehaus\groovy\groovy-xml\2.5.0\groovy-xml-2.5.0.jar;C:\Users\n0305214\.m2\repository\org\codehaus\groovy\groovy-json\2.5.0\groovy-json-2.5.0.jar;C:\Users\n0305214\.m2\repository\org\codehaus\groovy\groovy-jsr223\2.5.0\groovy-jsr223-2.5.0.jar;C:\Users\n0305214\.m2\repository\commons-logging\commons-logging-api\1.1\commons-logging-api-1.1.jar;C:\Users\n0305214\.m2\repository\com\fasterxml\jackson\core\jackson-core\2.9.8\jackson-core-2.9.8.jar;C:\Users\n0305214\.m2\repository\com\fasterxml\jackson\core\jackson-annotations\2.9.8\jackson-annotations-2.9.8.jar;C:\Users\n0305214\.m2\repository\com\fasterxml\jackson\core\jackson-databind\2.9.8\jackson-databind-2.9.8.jar;C:\Users\n0305214\.m2\repository\net\minidev\json-smart\2.3\json-smart-2.3.jar;C:\Users\n0305214\.m2\repository\net\minidev\accessors-smart\1.2\accessors-smart-1.2.jar;C:\Users\n0305214\.m2\repository\org\ow2\asm\asm\5.0.4\asm-5.0.4.jar;C:\Users\n0305214\.m2\repository\com\jayway\jsonpath\json-path\2.4.0\json-path-2.4.0.jar;C:\Users\n0305214\.m2\repository\com\github\java-json-tools\json-schema-validator\2.2.10\json-schema-validator-2.2.10.jar;C:\Users\n0305214\.m2\repository\com\github\java-json-tools\json-schema-core\1.2.10\json-schema-core-1.2.10.jar;C:\Users\n0305214\.m2\repository\com\github\java-json-tools\jackson-coreutils\1.9\jackson-coreutils-1.9.jar;C:\Users\n0305214\.m2\repository\com\google\guava\guava\16.0.1\guava-16.0.1.jar;C:\Users\n0305214\.m2\repository\com\github\fge\msg-simple\1.1\msg-simple-1.1.jar;C:\Users\n0305214\.m2\repository\com\github\fge\btf\1.2\btf-1.2.jar;C:\Users\n0305214\.m2\repository\com\github\fge\uri-template\0.9\uri-template-0.9.jar;C:\Users\n0305214\.m2\repository\org\mozilla\rhino\1.7.7.1\rhino-1.7.7.1.jar;C:\Users\n0305214\.m2\repository\javax\mail\mailapi\1.4.3\mailapi-1.4.3.jar;C:\Users\n0305214\.m2\repository\javax\activation\activation\1.1\activation-1.1.jar;C:\Users\n0305214\.m2\repository\joda-time\joda-time\2.9.7\joda-time-2.9.7.jar;C:\Users\n0305214\.m2\repository\com\googlecode\libphonenumber\libphonenumber\8.0.0\libphonenumber-8.0.0.jar;C:\Users\n0305214\.m2\repository\com\google\code\findbugs\jsr305\3.0.1\jsr305-3.0.1.jar;C:\Users\n0305214\.m2\repository\net\sf\jopt-simple\jopt-simple\5.0.3\jopt-simple-5.0.3.jar;C:\Users\n0305214\.m2\repository\org\springframework\spring-core\5.0.8.RELEASE\spring-core-5.0.8.RELEASE.jar;C:\Users\n0305214\.m2\repository\org\springframework\spring-jcl\5.0.8.RELEASE\spring-jcl-5.0.8.RELEASE.jar;C:\Users\n0305214\.m2\repository\org\springframework\spring-context\5.0.8.RELEASE\spring-context-5.0.8.RELEASE.jar;C:\Users\n0305214\.m2\repository\org\springframework\spring-aop\5.0.8.RELEASE\spring-aop-5.0.8.RELEASE.jar;C:\Users\n0305214\.m2\repository\org\springframework\spring-beans\5.0.8.RELEASE\spring-beans-5.0.8.RELEASE.jar;C:\Users\n0305214\.m2\repository\org\springframework\spring-expression\5.0.8.RELEASE\spring-expression-5.0.8.RELEASE.jar;C:\Users\n0305214\.m2\repository\org\springframework\spring-jdbc\5.0.8.RELEASE\spring-jdbc-5.0.8.RELEASE.jar;C:\Users\n0305214\.m2\repository\org\springframework\spring-tx\5.0.8.RELEASE\spring-tx-5.0.8.RELEASE.jar;C:\Users\n0305214\.m2\repository\org\springframework\integration\spring-integration-core\5.0.6.RELEASE\spring-integration-core-5.0.6.RELEASE.jar;C:\Users\n0305214\.m2\repository\org\springframework\spring-messaging\5.0.7.RELEASE\spring-messaging-5.0.7.RELEASE.jar;C:\Users\n0305214\.m2\repository\org\springframework\retry\spring-retry\1.2.2.RELEASE\spring-retry-1.2.2.RELEASE.jar;C:\Users\n0305214\.m2\repository\io\projectreactor\reactor-core\3.1.6.RELEASE\reactor-core-3.1.6.RELEASE.jar;C:\Users\n0305214\.m2\repository\org\reactivestreams\reactive-streams\1.0.2\reactive-streams-1.0.2.jar;C:\Users\n0305214\.m2\repository\org\springframework\ws\spring-xml\3.0.1.RELEASE\spring-xml-3.0.1.RELEASE.jar;C:\Users\n0305214\.m2\repository\commons-io\commons-io\2.5\commons-io-2.5.jar;C:\Users\n0305214\.m2\repository\org\springframework\spring-oxm\5.0.8.RELEASE\spring-oxm-5.0.8.RELEASE.jar;C:\Users\n0305214\.m2\repository\org\springframework\spring-test\5.0.8.RELEASE\spring-test-5.0.8.RELEASE.jar;C:\Users\n0305214\.m2\repository\org\javatuples\javatuples\1.2\javatuples-1.2.jar;C:\Users\n0305214\.m2\repository\com\consol\citrus\citrus-java-dsl\2.8.0\citrus-java-dsl-2.8.0.jar;C:\Users\n0305214\.m2\repository\com\consol\citrus\citrus-http\2.8.0\citrus-http-2.8.0.jar;C:\Users\n0305214\.m2\repository\com\consol\citrus\model\citrus-model-http\2.8.0\citrus-model-http-2.8.0.jar;C:\Users\n0305214\.m2\repository\org\springframework\spring-web\5.0.8.RELEASE\spring-web-5.0.8.RELEASE.jar;C:\Users\n0305214\.m2\repository\org\springframework\spring-webmvc\5.0.8.RELEASE\spring-webmvc-5.0.8.RELEASE.jar;C:\Users\n0305214\.m2\repository\org\springframework\integration\spring-integration-http\5.0.6.RELEASE\spring-integration-http-5.0.6.RELEASE.jar;C:\Users\n0305214\.m2\repository\org\apache\httpcomponents\httpclient\4.5.5\httpclient-4.5.5.jar;C:\Users\n0305214\.m2\repository\org\apache\httpcomponents\httpcore\4.4.9\httpcore-4.4.9.jar;C:\Users\n0305214\.m2\repository\org\eclipse\jetty\jetty-server\9.4.11.v20180605\jetty-server-9.4.11.v20180605.jar;C:\Users\n0305214\.m2\repository\javax\servlet\javax.servlet-api\3.1.0\javax.servlet-api-3.1.0.jar;C:\Users\n0305214\.m2\repository\org\eclipse\jetty\jetty-http\9.4.11.v20180605\jetty-http-9.4.11.v20180605.jar;C:\Users\n0305214\.m2\repository\org\eclipse\jetty\jetty-util\9.4.11.v20180605\jetty-util-9.4.11.v20180605.jar;C:\Users\n0305214\.m2\repository\org\eclipse\jetty\jetty-io\9.4.11.v20180605\jetty-io-9.4.11.v20180605.jar;C:\Users\n0305214\.m2\repository\org\eclipse\jetty\jetty-servlet\9.4.11.v20180605\jetty-servlet-9.4.11.v20180605.jar;C:\Users\n0305214\.m2\repository\org\eclipse\jetty\jetty-security\9.4.11.v20180605\jetty-security-9.4.11.v20180605.jar;C:\Users\n0305214\.m2\repository\junit\junit\3.8.1\junit-3.8.1.jar;C:\Users\n0305214\.m2\repository\org\apache\maven\surefire\surefire-testng-utils\2.20.1\surefire-testng-utils-2.20.1.jar;C:\Users\n0305214\.m2\repository\org\apache\maven\surefire\surefire-grouper\2.20.1\surefire-grouper-2.20.1.jar;"/>
    <property name="sun.cpu.endian" value="little"/>
    <property name="user.home" value="C:\Users\n0305214"/>
    <property name="user.language" value="en"/>
    <property name="java.specification.vendor" value="Oracle Corporation"/>
    <property name="java.home" value="C:\Program Files\Java\jdk1.8.0_171\jre"/>
    <property name="basedir" value="C:\Users\n0305214\FullStackDeveloperTasks&apos;\citrustest"/>
    <property name="file.separator" value="\"/>
    <property name="line.separator" value="&#10;"/>
    <property name="java.vm.specification.vendor" value="Oracle Corporation"/>
    <property name="java.specification.name" value="Java Platform API Specification"/>
    <property name="java.awt.graphicsenv" value="sun.awt.Win32GraphicsEnvironment"/>
    <property name="surefire.real.class.path" value="C:\Users\n0305214\AppData\Local\Temp\surefire480995353699773442\surefirebooter8296680650037930581.jar"/>
    <property name="sun.boot.class.path" value="C:\Program Files\Java\jdk1.8.0_171\jre\lib\resources.jar;C:\Program Files\Java\jdk1.8.0_171\jre\lib\rt.jar;C:\Program Files\Java\jdk1.8.0_171\jre\lib\sunrsasign.jar;C:\Program Files\Java\jdk1.8.0_171\jre\lib\jsse.jar;C:\Program Files\Java\jdk1.8.0_171\jre\lib\jce.jar;C:\Program Files\Java\jdk1.8.0_171\jre\lib\charsets.jar;C:\Program Files\Java\jdk1.8.0_171\jre\lib\jfr.jar;C:\Program Files\Java\jdk1.8.0_171\jre\classes"/>
    <property name="user.script" value=""/>
    <property name="sun.management.compiler" value="HotSpot 64-Bit Tiered Compilers"/>
    <property name="java.runtime.version" value="1.8.0_171-b11"/>
    <property name="user.name" value="n0305214"/>
    <property name="path.separator" value=";"/>
    <property name="os.version" value="10.0"/>
    <property name="java.endorsed.dirs" value="C:\Program Files\Java\jdk1.8.0_171\jre\lib\endorsed"/>
    <property name="java.runtime.name" value="Java(TM) SE Runtime Environment"/>
    <property name="file.encoding" value="Cp1252"/>
    <property name="java.vm.name" value="Java HotSpot(TM) 64-Bit Server VM"/>
    <property name="localRepository" value="C:\Users\n0305214\.m2\repository"/>
    <property name="java.vendor.url.bug" value="http://bugreport.sun.com/bugreport/"/>
    <property name="java.io.tmpdir" value="C:\Users\n0305214\AppData\Local\Temp\"/>
    <property name="java.version" value="1.8.0_171"/>
    <property name="user.dir" value="C:\Users\n0305214\FullStackDeveloperTasks&apos;\citrustest\target"/>
    <property name="os.arch" value="amd64"/>
    <property name="java.vm.specification.name" value="Java Virtual Machine Specification"/>
    <property name="java.awt.printerjob" value="sun.awt.windows.WPrinterJob"/>
    <property name="sun.os.patch.level" value=""/>
    <property name="java.library.path" value="C:\Program Files\Java\jdk1.8.0_171\jre\bin;C:\WINDOWS\Sun\Java\bin;C:\WINDOWS\system32;C:\WINDOWS;C:\Program Files (x86)\Common Files\Oracle\Java\javapath;C:\ProgramData\Oracle\Java\javapath;C:\Program Files (x86)\RSA SecurID Token Common;C:\WINDOWS\system32;C:\WINDOWS;C:\WINDOWS\System32\Wbem;C:\WINDOWS\System32\WindowsPowerShell\v1.0\;C:\Program Files\Citrix\System32\;C:\Program Files\Citrix\ICAService\;C:\Program Files\Citrix\Virtual Desktop Agent\;C:\Program Files\PuTTY\;C:\Program Files\nodejs\;C:\Program Files\Git\bin;C:\Program Files\Git\cmd;C:\Users\n0305214\Downloads\apache-maven-3.6.0\bin;C:\Users\n0305214\AppData\Local\Microsoft\WindowsApps;;C:\Users\n0305214\AppData\Local\Programs\Microsoft VS Code\bin;C:\Users\n0305214\AppData\Roaming\npm;."/>
    <property name="java.vm.info" value="mixed mode"/>
    <property name="java.vendor" value="Oracle Corporation"/>
    <property name="java.vm.version" value="25.171-b11"/>
    <property name="java.ext.dirs" value="C:\Program Files\Java\jdk1.8.0_171\jre\lib\ext;C:\WINDOWS\Sun\Java\lib\ext"/>
    <property name="sun.io.unicode.encoding" value="UnicodeLittle"/>
    <property name="java.class.version" value="52.0"/>
  </properties>
  <testcase name="test" classname="com.citrus.demo.citrustest.CitrusSampleTest" time="2.099"/>
</testsuite>