<?xml version="1.0" encoding="UTF-8"?>
<testsuite name="TestSuite" time="0.0" tests="1" errors="0" skipped="0" failures="0">
    <testcase name="CitrusSampleTest.test" classname="com.citrus.demo.citrustest.CitrusSampleTest" time="0.0"/>
</testsuite>