<?xml version="1.0" encoding="UTF-8"?>
<!-- Generated by org.testng.reporters.JUnitReportReporter -->
<testsuite skipped="0" hostname="VDDP35X-ETK5JIG" name="com.citrus.demo.citrustest.CitrusSampleTest" tests="1" failures="0" timestamp="03 Apr 2019 20:21:48 GMT" time="2.100" errors="0">
  <testcase name="test" time="2.100" classname="com.citrus.demo.citrustest.CitrusSampleTest"/>
</testsuite> <!-- com.citrus.demo.citrustest.CitrusSampleTest -->
